[2024-04-09T16:44:07.110+0000] {taskinstance.py:1979} INFO - Dependencies all met for dep_context=non-requeueable deps ti=<TaskInstance: 21120051.1200 scheduled__2024-04-09T16:38:50.277723+00:00 [queued]>
[2024-04-09T16:44:07.121+0000] {taskinstance.py:1979} INFO - Dependencies all met for dep_context=requeueable deps ti=<TaskInstance: 21120051.1200 scheduled__2024-04-09T16:38:50.277723+00:00 [queued]>
[2024-04-09T16:44:07.122+0000] {taskinstance.py:2193} INFO - Starting attempt 1 of 2
[2024-04-09T16:44:07.143+0000] {taskinstance.py:2214} INFO - Executing <Task(PythonOperator): 1200> on 2024-04-09 16:38:50.277723+00:00
[2024-04-09T16:44:07.157+0000] {standard_task_runner.py:60} INFO - Started process 1928 to run task
[2024-04-09T16:44:07.164+0000] {standard_task_runner.py:87} INFO - Running: ['***', 'tasks', 'run', '21120051', '1200', 'scheduled__2024-04-09T16:38:50.277723+00:00', '--job-id', '180', '--raw', '--subdir', 'DAGS_FOLDER/pipeline.py', '--cfg-path', '/tmp/tmpmae6n73b']
[2024-04-09T16:44:07.168+0000] {standard_task_runner.py:88} INFO - Job 180: Subtask 1200
[2024-04-09T16:44:07.509+0000] {task_command.py:423} INFO - Running <TaskInstance: 21120051.1200 scheduled__2024-04-09T16:38:50.277723+00:00 [running]> on host dcb7ab325c84
[2024-04-09T16:44:07.636+0000] {taskinstance.py:2510} INFO - Exporting env vars: AIRFLOW_CTX_DAG_OWNER='21120051' AIRFLOW_CTX_DAG_ID='21120051' AIRFLOW_CTX_TASK_ID='1200' AIRFLOW_CTX_EXECUTION_DATE='2024-04-09T16:38:50.277723+00:00' AIRFLOW_CTX_TRY_NUMBER='1' AIRFLOW_CTX_DAG_RUN_ID='scheduled__2024-04-09T16:38:50.277723+00:00'
[2024-04-09T16:44:07.766+0000] {logging_mixin.py:188} INFO - Document with id 66156479ca8d04108d6bae8b has been indexed
[2024-04-09T16:44:07.779+0000] {logging_mixin.py:188} INFO - Document with id 66156479128a9e6445a46162 has been indexed
[2024-04-09T16:44:07.791+0000] {logging_mixin.py:188} INFO - Document with id 66156479fb07bcc430eb85dd has been indexed
[2024-04-09T16:44:07.804+0000] {logging_mixin.py:188} INFO - Document with id 6615647f7e22250f1452601b has been indexed
[2024-04-09T16:44:07.817+0000] {logging_mixin.py:188} INFO - Document with id 6615649a10d458337511a112 has been indexed
[2024-04-09T16:44:07.829+0000] {logging_mixin.py:188} INFO - Document with id 6615651a69e5c145cc54759f has been indexed
[2024-04-09T16:44:07.843+0000] {logging_mixin.py:188} INFO - Document with id 66156599727ba1491e08a3fd has been indexed
[2024-04-09T16:44:07.855+0000] {logging_mixin.py:188} INFO - Document with id 661565c4260bfc09414e7a7b has been indexed
[2024-04-09T16:44:07.866+0000] {logging_mixin.py:188} INFO - Document with id 661566f03e5f4d27c10c75b7 has been indexed
[2024-04-09T16:44:07.879+0000] {logging_mixin.py:188} INFO - Document with id 661567063fa1a38f8ba34c82 has been indexed
[2024-04-09T16:44:07.903+0000] {logging_mixin.py:188} INFO - Document with id 6615681e03ef8f37df6a901e has been indexed
[2024-04-09T16:44:07.929+0000] {logging_mixin.py:188} INFO - Document with id 6615684114a1a06b5a9b1d2e has been indexed
[2024-04-09T16:44:07.949+0000] {logging_mixin.py:188} INFO - Document with id 66156882d0d6840a0b785b33 has been indexed
[2024-04-09T16:44:07.963+0000] {logging_mixin.py:188} INFO - Document with id 661568f5ce254acc3f67e4e4 has been indexed
[2024-04-09T16:44:07.974+0000] {logging_mixin.py:188} INFO - Document with id 66156948438a5ea704597e72 has been indexed
[2024-04-09T16:44:07.987+0000] {logging_mixin.py:188} INFO - Document with id 66156a75f23cddd63f1a987a has been indexed
[2024-04-09T16:44:07.999+0000] {logging_mixin.py:188} INFO - Document with id 66156afd0620fa04c6124a7e has been indexed
[2024-04-09T16:44:08.011+0000] {logging_mixin.py:188} INFO - Document with id 66156ba1f65ee7e53c9abc10 has been indexed
[2024-04-09T16:44:08.024+0000] {logging_mixin.py:188} INFO - Document with id 66156ccfeca1e7a6b1247a3b has been indexed
[2024-04-09T16:44:08.034+0000] {logging_mixin.py:188} INFO - Document with id 66156cf3c507c70b30900466 has been indexed
[2024-04-09T16:44:08.046+0000] {logging_mixin.py:188} INFO - Document with id 66156df97922fd10c885f433 has been indexed
[2024-04-09T16:44:08.056+0000] {logging_mixin.py:188} INFO - Document with id 66156f26737e8a43883cf308 has been indexed
[2024-04-09T16:44:08.067+0000] {logging_mixin.py:188} INFO - Document with id 66156fba0dd1b675c81290a5 has been indexed
[2024-04-09T16:44:08.077+0000] {logging_mixin.py:188} INFO - Document with id 6615705380c3bc99e0cc38d7 has been indexed
[2024-04-09T16:44:08.089+0000] {logging_mixin.py:188} INFO - Document with id 66157054996bba9c67a942d5 has been indexed
[2024-04-09T16:44:08.090+0000] {python.py:202} INFO - Done. Returned value was: {'status': 'success', 'message': 'Data inserted into Qdrant'}
[2024-04-09T16:44:08.130+0000] {taskinstance.py:1149} INFO - Marking task as SUCCESS. dag_id=21120051, task_id=1200, execution_date=20240409T163850, start_date=20240409T164407, end_date=20240409T164408
[2024-04-09T16:44:08.178+0000] {local_task_job_runner.py:234} INFO - Task exited with return code 0
[2024-04-09T16:44:08.501+0000] {taskinstance.py:3309} INFO - 1 downstream tasks scheduled from follow-on schedule check
