[2024-04-10T00:00:32.421+0000] {processor.py:161} INFO - Started process (PID=823) to work on /home/airflow/.local/lib/python3.8/site-packages/airflow/example_dags/example_latest_only.py
[2024-04-10T00:00:32.423+0000] {processor.py:830} INFO - Processing file /home/airflow/.local/lib/python3.8/site-packages/airflow/example_dags/example_latest_only.py for tasks to queue
[2024-04-10T00:00:32.426+0000] {logging_mixin.py:188} INFO - [2024-04-10T00:00:32.426+0000] {dagbag.py:540} INFO - Filling up the DagBag from /home/airflow/.local/lib/python3.8/site-packages/airflow/example_dags/example_latest_only.py
[2024-04-10T00:00:32.432+0000] {processor.py:840} INFO - DAG(s) 'latest_only' retrieved from /home/airflow/.local/lib/python3.8/site-packages/airflow/example_dags/example_latest_only.py
[2024-04-10T00:00:32.455+0000] {logging_mixin.py:188} INFO - [2024-04-10T00:00:32.454+0000] {dag.py:3047} INFO - Sync 1 DAGs
[2024-04-10T00:00:32.482+0000] {logging_mixin.py:188} INFO - [2024-04-10T00:00:32.482+0000] {dag.py:3834} INFO - Setting next_dagrun for latest_only to 2024-04-09 20:00:00+00:00, run_after=2024-04-10 00:00:00+00:00
[2024-04-10T00:00:32.504+0000] {processor.py:183} INFO - Processing /home/airflow/.local/lib/python3.8/site-packages/airflow/example_dags/example_latest_only.py took 0.087 seconds
[2024-04-10T00:01:03.046+0000] {processor.py:161} INFO - Started process (PID=881) to work on /home/airflow/.local/lib/python3.8/site-packages/airflow/example_dags/example_latest_only.py
[2024-04-10T00:01:03.048+0000] {processor.py:830} INFO - Processing file /home/airflow/.local/lib/python3.8/site-packages/airflow/example_dags/example_latest_only.py for tasks to queue
[2024-04-10T00:01:03.052+0000] {logging_mixin.py:188} INFO - [2024-04-10T00:01:03.051+0000] {dagbag.py:540} INFO - Filling up the DagBag from /home/airflow/.local/lib/python3.8/site-packages/airflow/example_dags/example_latest_only.py
[2024-04-10T00:01:03.062+0000] {processor.py:840} INFO - DAG(s) 'latest_only' retrieved from /home/airflow/.local/lib/python3.8/site-packages/airflow/example_dags/example_latest_only.py
[2024-04-10T00:01:03.099+0000] {logging_mixin.py:188} INFO - [2024-04-10T00:01:03.099+0000] {dag.py:3047} INFO - Sync 1 DAGs
[2024-04-10T00:01:03.144+0000] {logging_mixin.py:188} INFO - [2024-04-10T00:01:03.143+0000] {dag.py:3834} INFO - Setting next_dagrun for latest_only to 2024-04-09 20:00:00+00:00, run_after=2024-04-10 00:00:00+00:00
[2024-04-10T00:01:03.208+0000] {processor.py:183} INFO - Processing /home/airflow/.local/lib/python3.8/site-packages/airflow/example_dags/example_latest_only.py took 0.166 seconds
[2024-04-10T00:01:33.292+0000] {processor.py:161} INFO - Started process (PID=939) to work on /home/airflow/.local/lib/python3.8/site-packages/airflow/example_dags/example_latest_only.py
[2024-04-10T00:01:33.294+0000] {processor.py:830} INFO - Processing file /home/airflow/.local/lib/python3.8/site-packages/airflow/example_dags/example_latest_only.py for tasks to queue
[2024-04-10T00:01:33.297+0000] {logging_mixin.py:188} INFO - [2024-04-10T00:01:33.297+0000] {dagbag.py:540} INFO - Filling up the DagBag from /home/airflow/.local/lib/python3.8/site-packages/airflow/example_dags/example_latest_only.py
[2024-04-10T00:01:33.306+0000] {processor.py:840} INFO - DAG(s) 'latest_only' retrieved from /home/airflow/.local/lib/python3.8/site-packages/airflow/example_dags/example_latest_only.py
[2024-04-10T00:01:33.340+0000] {logging_mixin.py:188} INFO - [2024-04-10T00:01:33.340+0000] {dag.py:3047} INFO - Sync 1 DAGs
[2024-04-10T00:01:33.374+0000] {logging_mixin.py:188} INFO - [2024-04-10T00:01:33.374+0000] {dag.py:3834} INFO - Setting next_dagrun for latest_only to 2024-04-09 20:00:00+00:00, run_after=2024-04-10 00:00:00+00:00
[2024-04-10T00:01:33.412+0000] {processor.py:183} INFO - Processing /home/airflow/.local/lib/python3.8/site-packages/airflow/example_dags/example_latest_only.py took 0.125 seconds
[2024-04-10T00:02:04.219+0000] {processor.py:161} INFO - Started process (PID=997) to work on /home/airflow/.local/lib/python3.8/site-packages/airflow/example_dags/example_latest_only.py
[2024-04-10T00:02:04.220+0000] {processor.py:830} INFO - Processing file /home/airflow/.local/lib/python3.8/site-packages/airflow/example_dags/example_latest_only.py for tasks to queue
[2024-04-10T00:02:04.222+0000] {logging_mixin.py:188} INFO - [2024-04-10T00:02:04.221+0000] {dagbag.py:540} INFO - Filling up the DagBag from /home/airflow/.local/lib/python3.8/site-packages/airflow/example_dags/example_latest_only.py
[2024-04-10T00:02:04.226+0000] {processor.py:840} INFO - DAG(s) 'latest_only' retrieved from /home/airflow/.local/lib/python3.8/site-packages/airflow/example_dags/example_latest_only.py
[2024-04-10T00:02:04.247+0000] {logging_mixin.py:188} INFO - [2024-04-10T00:02:04.247+0000] {dag.py:3047} INFO - Sync 1 DAGs
[2024-04-10T00:02:04.272+0000] {logging_mixin.py:188} INFO - [2024-04-10T00:02:04.272+0000] {dag.py:3834} INFO - Setting next_dagrun for latest_only to 2024-04-09 20:00:00+00:00, run_after=2024-04-10 00:00:00+00:00
[2024-04-10T00:02:04.291+0000] {processor.py:183} INFO - Processing /home/airflow/.local/lib/python3.8/site-packages/airflow/example_dags/example_latest_only.py took 0.075 seconds
[2024-04-10T00:02:34.963+0000] {processor.py:161} INFO - Started process (PID=1055) to work on /home/airflow/.local/lib/python3.8/site-packages/airflow/example_dags/example_latest_only.py
[2024-04-10T00:02:34.964+0000] {processor.py:830} INFO - Processing file /home/airflow/.local/lib/python3.8/site-packages/airflow/example_dags/example_latest_only.py for tasks to queue
[2024-04-10T00:02:34.966+0000] {logging_mixin.py:188} INFO - [2024-04-10T00:02:34.966+0000] {dagbag.py:540} INFO - Filling up the DagBag from /home/airflow/.local/lib/python3.8/site-packages/airflow/example_dags/example_latest_only.py
[2024-04-10T00:02:34.973+0000] {processor.py:840} INFO - DAG(s) 'latest_only' retrieved from /home/airflow/.local/lib/python3.8/site-packages/airflow/example_dags/example_latest_only.py
[2024-04-10T00:02:34.996+0000] {logging_mixin.py:188} INFO - [2024-04-10T00:02:34.995+0000] {dag.py:3047} INFO - Sync 1 DAGs
[2024-04-10T00:02:35.024+0000] {logging_mixin.py:188} INFO - [2024-04-10T00:02:35.023+0000] {dag.py:3834} INFO - Setting next_dagrun for latest_only to 2024-04-09 20:00:00+00:00, run_after=2024-04-10 00:00:00+00:00
[2024-04-10T00:02:35.046+0000] {processor.py:183} INFO - Processing /home/airflow/.local/lib/python3.8/site-packages/airflow/example_dags/example_latest_only.py took 0.087 seconds
[2024-04-10T00:03:05.770+0000] {processor.py:161} INFO - Started process (PID=1113) to work on /home/airflow/.local/lib/python3.8/site-packages/airflow/example_dags/example_latest_only.py
[2024-04-10T00:03:05.772+0000] {processor.py:830} INFO - Processing file /home/airflow/.local/lib/python3.8/site-packages/airflow/example_dags/example_latest_only.py for tasks to queue
[2024-04-10T00:03:05.774+0000] {logging_mixin.py:188} INFO - [2024-04-10T00:03:05.774+0000] {dagbag.py:540} INFO - Filling up the DagBag from /home/airflow/.local/lib/python3.8/site-packages/airflow/example_dags/example_latest_only.py
[2024-04-10T00:03:05.781+0000] {processor.py:840} INFO - DAG(s) 'latest_only' retrieved from /home/airflow/.local/lib/python3.8/site-packages/airflow/example_dags/example_latest_only.py
[2024-04-10T00:03:05.806+0000] {logging_mixin.py:188} INFO - [2024-04-10T00:03:05.805+0000] {dag.py:3047} INFO - Sync 1 DAGs
[2024-04-10T00:03:05.834+0000] {logging_mixin.py:188} INFO - [2024-04-10T00:03:05.833+0000] {dag.py:3834} INFO - Setting next_dagrun for latest_only to 2024-04-09 20:00:00+00:00, run_after=2024-04-10 00:00:00+00:00
[2024-04-10T00:03:05.857+0000] {processor.py:183} INFO - Processing /home/airflow/.local/lib/python3.8/site-packages/airflow/example_dags/example_latest_only.py took 0.091 seconds
