[2024-04-10T00:00:16.524+0000] {processor.py:161} INFO - Started process (PID=783) to work on /home/airflow/.local/lib/python3.8/site-packages/airflow/example_dags/example_dag_decorator.py
[2024-04-10T00:00:16.525+0000] {processor.py:830} INFO - Processing file /home/airflow/.local/lib/python3.8/site-packages/airflow/example_dags/example_dag_decorator.py for tasks to queue
[2024-04-10T00:00:16.527+0000] {logging_mixin.py:188} INFO - [2024-04-10T00:00:16.526+0000] {dagbag.py:540} INFO - Filling up the DagBag from /home/airflow/.local/lib/python3.8/site-packages/airflow/example_dags/example_dag_decorator.py
[2024-04-10T00:00:16.626+0000] {processor.py:840} INFO - DAG(s) 'example_dag_decorator' retrieved from /home/airflow/.local/lib/python3.8/site-packages/airflow/example_dags/example_dag_decorator.py
[2024-04-10T00:00:16.650+0000] {logging_mixin.py:188} INFO - [2024-04-10T00:00:16.650+0000] {dag.py:3047} INFO - Sync 1 DAGs
[2024-04-10T00:00:16.665+0000] {logging_mixin.py:188} INFO - [2024-04-10T00:00:16.665+0000] {dag.py:3834} INFO - Setting next_dagrun for example_dag_decorator to None, run_after=None
[2024-04-10T00:00:16.686+0000] {processor.py:183} INFO - Processing /home/airflow/.local/lib/python3.8/site-packages/airflow/example_dags/example_dag_decorator.py took 0.165 seconds
[2024-04-10T00:00:46.857+0000] {processor.py:161} INFO - Started process (PID=837) to work on /home/airflow/.local/lib/python3.8/site-packages/airflow/example_dags/example_dag_decorator.py
[2024-04-10T00:00:46.859+0000] {processor.py:830} INFO - Processing file /home/airflow/.local/lib/python3.8/site-packages/airflow/example_dags/example_dag_decorator.py for tasks to queue
[2024-04-10T00:00:46.862+0000] {logging_mixin.py:188} INFO - [2024-04-10T00:00:46.861+0000] {dagbag.py:540} INFO - Filling up the DagBag from /home/airflow/.local/lib/python3.8/site-packages/airflow/example_dags/example_dag_decorator.py
[2024-04-10T00:00:46.998+0000] {processor.py:840} INFO - DAG(s) 'example_dag_decorator' retrieved from /home/airflow/.local/lib/python3.8/site-packages/airflow/example_dags/example_dag_decorator.py
[2024-04-10T00:00:47.305+0000] {logging_mixin.py:188} INFO - [2024-04-10T00:00:47.305+0000] {dag.py:3047} INFO - Sync 1 DAGs
[2024-04-10T00:00:47.318+0000] {logging_mixin.py:188} INFO - [2024-04-10T00:00:47.318+0000] {dag.py:3834} INFO - Setting next_dagrun for example_dag_decorator to None, run_after=None
[2024-04-10T00:00:47.349+0000] {processor.py:183} INFO - Processing /home/airflow/.local/lib/python3.8/site-packages/airflow/example_dags/example_dag_decorator.py took 0.500 seconds
[2024-04-10T00:01:18.014+0000] {processor.py:161} INFO - Started process (PID=895) to work on /home/airflow/.local/lib/python3.8/site-packages/airflow/example_dags/example_dag_decorator.py
[2024-04-10T00:01:18.017+0000] {processor.py:830} INFO - Processing file /home/airflow/.local/lib/python3.8/site-packages/airflow/example_dags/example_dag_decorator.py for tasks to queue
[2024-04-10T00:01:18.021+0000] {logging_mixin.py:188} INFO - [2024-04-10T00:01:18.021+0000] {dagbag.py:540} INFO - Filling up the DagBag from /home/airflow/.local/lib/python3.8/site-packages/airflow/example_dags/example_dag_decorator.py
[2024-04-10T00:01:18.161+0000] {processor.py:840} INFO - DAG(s) 'example_dag_decorator' retrieved from /home/airflow/.local/lib/python3.8/site-packages/airflow/example_dags/example_dag_decorator.py
[2024-04-10T00:01:18.464+0000] {logging_mixin.py:188} INFO - [2024-04-10T00:01:18.463+0000] {dag.py:3047} INFO - Sync 1 DAGs
[2024-04-10T00:01:18.479+0000] {logging_mixin.py:188} INFO - [2024-04-10T00:01:18.479+0000] {dag.py:3834} INFO - Setting next_dagrun for example_dag_decorator to None, run_after=None
[2024-04-10T00:01:18.534+0000] {processor.py:183} INFO - Processing /home/airflow/.local/lib/python3.8/site-packages/airflow/example_dags/example_dag_decorator.py took 0.525 seconds
[2024-04-10T00:01:49.187+0000] {processor.py:161} INFO - Started process (PID=952) to work on /home/airflow/.local/lib/python3.8/site-packages/airflow/example_dags/example_dag_decorator.py
[2024-04-10T00:01:49.189+0000] {processor.py:830} INFO - Processing file /home/airflow/.local/lib/python3.8/site-packages/airflow/example_dags/example_dag_decorator.py for tasks to queue
[2024-04-10T00:01:49.192+0000] {logging_mixin.py:188} INFO - [2024-04-10T00:01:49.192+0000] {dagbag.py:540} INFO - Filling up the DagBag from /home/airflow/.local/lib/python3.8/site-packages/airflow/example_dags/example_dag_decorator.py
[2024-04-10T00:01:49.329+0000] {processor.py:840} INFO - DAG(s) 'example_dag_decorator' retrieved from /home/airflow/.local/lib/python3.8/site-packages/airflow/example_dags/example_dag_decorator.py
[2024-04-10T00:01:49.629+0000] {logging_mixin.py:188} INFO - [2024-04-10T00:01:49.628+0000] {dag.py:3047} INFO - Sync 1 DAGs
[2024-04-10T00:01:49.644+0000] {logging_mixin.py:188} INFO - [2024-04-10T00:01:49.644+0000] {dag.py:3834} INFO - Setting next_dagrun for example_dag_decorator to None, run_after=None
[2024-04-10T00:01:49.672+0000] {processor.py:183} INFO - Processing /home/airflow/.local/lib/python3.8/site-packages/airflow/example_dags/example_dag_decorator.py took 0.488 seconds
[2024-04-10T00:02:20.491+0000] {processor.py:161} INFO - Started process (PID=1011) to work on /home/airflow/.local/lib/python3.8/site-packages/airflow/example_dags/example_dag_decorator.py
[2024-04-10T00:02:20.491+0000] {processor.py:830} INFO - Processing file /home/airflow/.local/lib/python3.8/site-packages/airflow/example_dags/example_dag_decorator.py for tasks to queue
[2024-04-10T00:02:20.493+0000] {logging_mixin.py:188} INFO - [2024-04-10T00:02:20.493+0000] {dagbag.py:540} INFO - Filling up the DagBag from /home/airflow/.local/lib/python3.8/site-packages/airflow/example_dags/example_dag_decorator.py
[2024-04-10T00:02:20.598+0000] {processor.py:840} INFO - DAG(s) 'example_dag_decorator' retrieved from /home/airflow/.local/lib/python3.8/site-packages/airflow/example_dags/example_dag_decorator.py
[2024-04-10T00:02:20.838+0000] {logging_mixin.py:188} INFO - [2024-04-10T00:02:20.838+0000] {dag.py:3047} INFO - Sync 1 DAGs
[2024-04-10T00:02:20.849+0000] {logging_mixin.py:188} INFO - [2024-04-10T00:02:20.848+0000] {dag.py:3834} INFO - Setting next_dagrun for example_dag_decorator to None, run_after=None
[2024-04-10T00:02:20.868+0000] {processor.py:183} INFO - Processing /home/airflow/.local/lib/python3.8/site-packages/airflow/example_dags/example_dag_decorator.py took 0.381 seconds
[2024-04-10T00:02:50.907+0000] {processor.py:161} INFO - Started process (PID=1077) to work on /home/airflow/.local/lib/python3.8/site-packages/airflow/example_dags/example_dag_decorator.py
[2024-04-10T00:02:50.908+0000] {processor.py:830} INFO - Processing file /home/airflow/.local/lib/python3.8/site-packages/airflow/example_dags/example_dag_decorator.py for tasks to queue
[2024-04-10T00:02:50.909+0000] {logging_mixin.py:188} INFO - [2024-04-10T00:02:50.909+0000] {dagbag.py:540} INFO - Filling up the DagBag from /home/airflow/.local/lib/python3.8/site-packages/airflow/example_dags/example_dag_decorator.py
[2024-04-10T00:02:51.003+0000] {processor.py:840} INFO - DAG(s) 'example_dag_decorator' retrieved from /home/airflow/.local/lib/python3.8/site-packages/airflow/example_dags/example_dag_decorator.py
[2024-04-10T00:02:51.223+0000] {logging_mixin.py:188} INFO - [2024-04-10T00:02:51.222+0000] {dag.py:3047} INFO - Sync 1 DAGs
[2024-04-10T00:02:51.237+0000] {logging_mixin.py:188} INFO - [2024-04-10T00:02:51.237+0000] {dag.py:3834} INFO - Setting next_dagrun for example_dag_decorator to None, run_after=None
[2024-04-10T00:02:51.259+0000] {processor.py:183} INFO - Processing /home/airflow/.local/lib/python3.8/site-packages/airflow/example_dags/example_dag_decorator.py took 0.356 seconds
[2024-04-10T00:03:21.353+0000] {processor.py:161} INFO - Started process (PID=1137) to work on /home/airflow/.local/lib/python3.8/site-packages/airflow/example_dags/example_dag_decorator.py
[2024-04-10T00:03:21.354+0000] {processor.py:830} INFO - Processing file /home/airflow/.local/lib/python3.8/site-packages/airflow/example_dags/example_dag_decorator.py for tasks to queue
[2024-04-10T00:03:21.356+0000] {logging_mixin.py:188} INFO - [2024-04-10T00:03:21.355+0000] {dagbag.py:540} INFO - Filling up the DagBag from /home/airflow/.local/lib/python3.8/site-packages/airflow/example_dags/example_dag_decorator.py
[2024-04-10T00:03:21.456+0000] {processor.py:840} INFO - DAG(s) 'example_dag_decorator' retrieved from /home/airflow/.local/lib/python3.8/site-packages/airflow/example_dags/example_dag_decorator.py
[2024-04-10T00:03:21.671+0000] {logging_mixin.py:188} INFO - [2024-04-10T00:03:21.670+0000] {dag.py:3047} INFO - Sync 1 DAGs
[2024-04-10T00:03:21.680+0000] {logging_mixin.py:188} INFO - [2024-04-10T00:03:21.680+0000] {dag.py:3834} INFO - Setting next_dagrun for example_dag_decorator to None, run_after=None
[2024-04-10T00:03:21.696+0000] {processor.py:183} INFO - Processing /home/airflow/.local/lib/python3.8/site-packages/airflow/example_dags/example_dag_decorator.py took 0.347 seconds
