[2024-04-10T00:00:19.166+0000] {processor.py:161} INFO - Started process (PID=792) to work on /home/airflow/.local/lib/python3.8/site-packages/airflow/example_dags/example_task_group.py
[2024-04-10T00:00:19.167+0000] {processor.py:830} INFO - Processing file /home/airflow/.local/lib/python3.8/site-packages/airflow/example_dags/example_task_group.py for tasks to queue
[2024-04-10T00:00:19.169+0000] {logging_mixin.py:188} INFO - [2024-04-10T00:00:19.169+0000] {dagbag.py:540} INFO - Filling up the DagBag from /home/airflow/.local/lib/python3.8/site-packages/airflow/example_dags/example_task_group.py
[2024-04-10T00:00:19.181+0000] {processor.py:840} INFO - DAG(s) 'example_task_group' retrieved from /home/airflow/.local/lib/python3.8/site-packages/airflow/example_dags/example_task_group.py
[2024-04-10T00:00:19.213+0000] {logging_mixin.py:188} INFO - [2024-04-10T00:00:19.213+0000] {dag.py:3047} INFO - Sync 1 DAGs
[2024-04-10T00:00:19.243+0000] {logging_mixin.py:188} INFO - [2024-04-10T00:00:19.243+0000] {dag.py:3834} INFO - Setting next_dagrun for example_task_group to 2024-04-09 00:00:00+00:00, run_after=2024-04-10 00:00:00+00:00
[2024-04-10T00:00:19.265+0000] {processor.py:183} INFO - Processing /home/airflow/.local/lib/python3.8/site-packages/airflow/example_dags/example_task_group.py took 0.104 seconds
[2024-04-10T00:00:50.099+0000] {processor.py:161} INFO - Started process (PID=850) to work on /home/airflow/.local/lib/python3.8/site-packages/airflow/example_dags/example_task_group.py
[2024-04-10T00:00:50.100+0000] {processor.py:830} INFO - Processing file /home/airflow/.local/lib/python3.8/site-packages/airflow/example_dags/example_task_group.py for tasks to queue
[2024-04-10T00:00:50.102+0000] {logging_mixin.py:188} INFO - [2024-04-10T00:00:50.102+0000] {dagbag.py:540} INFO - Filling up the DagBag from /home/airflow/.local/lib/python3.8/site-packages/airflow/example_dags/example_task_group.py
[2024-04-10T00:00:50.112+0000] {processor.py:840} INFO - DAG(s) 'example_task_group' retrieved from /home/airflow/.local/lib/python3.8/site-packages/airflow/example_dags/example_task_group.py
[2024-04-10T00:00:50.144+0000] {logging_mixin.py:188} INFO - [2024-04-10T00:00:50.144+0000] {dag.py:3047} INFO - Sync 1 DAGs
[2024-04-10T00:00:50.179+0000] {logging_mixin.py:188} INFO - [2024-04-10T00:00:50.178+0000] {dag.py:3834} INFO - Setting next_dagrun for example_task_group to 2024-04-09 00:00:00+00:00, run_after=2024-04-10 00:00:00+00:00
[2024-04-10T00:00:50.215+0000] {processor.py:183} INFO - Processing /home/airflow/.local/lib/python3.8/site-packages/airflow/example_dags/example_task_group.py took 0.121 seconds
[2024-04-10T00:01:20.559+0000] {processor.py:161} INFO - Started process (PID=914) to work on /home/airflow/.local/lib/python3.8/site-packages/airflow/example_dags/example_task_group.py
[2024-04-10T00:01:20.570+0000] {processor.py:830} INFO - Processing file /home/airflow/.local/lib/python3.8/site-packages/airflow/example_dags/example_task_group.py for tasks to queue
[2024-04-10T00:01:20.573+0000] {logging_mixin.py:188} INFO - [2024-04-10T00:01:20.572+0000] {dagbag.py:540} INFO - Filling up the DagBag from /home/airflow/.local/lib/python3.8/site-packages/airflow/example_dags/example_task_group.py
[2024-04-10T00:01:20.582+0000] {processor.py:840} INFO - DAG(s) 'example_task_group' retrieved from /home/airflow/.local/lib/python3.8/site-packages/airflow/example_dags/example_task_group.py
[2024-04-10T00:01:20.614+0000] {logging_mixin.py:188} INFO - [2024-04-10T00:01:20.614+0000] {dag.py:3047} INFO - Sync 1 DAGs
[2024-04-10T00:01:20.648+0000] {logging_mixin.py:188} INFO - [2024-04-10T00:01:20.648+0000] {dag.py:3834} INFO - Setting next_dagrun for example_task_group to 2024-04-09 00:00:00+00:00, run_after=2024-04-10 00:00:00+00:00
[2024-04-10T00:01:20.676+0000] {processor.py:183} INFO - Processing /home/airflow/.local/lib/python3.8/site-packages/airflow/example_dags/example_task_group.py took 0.120 seconds
[2024-04-10T00:01:51.496+0000] {processor.py:161} INFO - Started process (PID=970) to work on /home/airflow/.local/lib/python3.8/site-packages/airflow/example_dags/example_task_group.py
[2024-04-10T00:01:51.497+0000] {processor.py:830} INFO - Processing file /home/airflow/.local/lib/python3.8/site-packages/airflow/example_dags/example_task_group.py for tasks to queue
[2024-04-10T00:01:51.500+0000] {logging_mixin.py:188} INFO - [2024-04-10T00:01:51.499+0000] {dagbag.py:540} INFO - Filling up the DagBag from /home/airflow/.local/lib/python3.8/site-packages/airflow/example_dags/example_task_group.py
[2024-04-10T00:01:51.509+0000] {processor.py:840} INFO - DAG(s) 'example_task_group' retrieved from /home/airflow/.local/lib/python3.8/site-packages/airflow/example_dags/example_task_group.py
[2024-04-10T00:01:51.546+0000] {logging_mixin.py:188} INFO - [2024-04-10T00:01:51.545+0000] {dag.py:3047} INFO - Sync 1 DAGs
[2024-04-10T00:01:51.586+0000] {logging_mixin.py:188} INFO - [2024-04-10T00:01:51.586+0000] {dag.py:3834} INFO - Setting next_dagrun for example_task_group to 2024-04-09 00:00:00+00:00, run_after=2024-04-10 00:00:00+00:00
[2024-04-10T00:01:51.615+0000] {processor.py:183} INFO - Processing /home/airflow/.local/lib/python3.8/site-packages/airflow/example_dags/example_task_group.py took 0.124 seconds
[2024-04-10T00:02:22.260+0000] {processor.py:161} INFO - Started process (PID=1027) to work on /home/airflow/.local/lib/python3.8/site-packages/airflow/example_dags/example_task_group.py
[2024-04-10T00:02:22.261+0000] {processor.py:830} INFO - Processing file /home/airflow/.local/lib/python3.8/site-packages/airflow/example_dags/example_task_group.py for tasks to queue
[2024-04-10T00:02:22.262+0000] {logging_mixin.py:188} INFO - [2024-04-10T00:02:22.262+0000] {dagbag.py:540} INFO - Filling up the DagBag from /home/airflow/.local/lib/python3.8/site-packages/airflow/example_dags/example_task_group.py
[2024-04-10T00:02:22.269+0000] {processor.py:840} INFO - DAG(s) 'example_task_group' retrieved from /home/airflow/.local/lib/python3.8/site-packages/airflow/example_dags/example_task_group.py
[2024-04-10T00:02:22.290+0000] {logging_mixin.py:188} INFO - [2024-04-10T00:02:22.290+0000] {dag.py:3047} INFO - Sync 1 DAGs
[2024-04-10T00:02:22.312+0000] {logging_mixin.py:188} INFO - [2024-04-10T00:02:22.311+0000] {dag.py:3834} INFO - Setting next_dagrun for example_task_group to 2024-04-09 00:00:00+00:00, run_after=2024-04-10 00:00:00+00:00
[2024-04-10T00:02:22.331+0000] {processor.py:183} INFO - Processing /home/airflow/.local/lib/python3.8/site-packages/airflow/example_dags/example_task_group.py took 0.075 seconds
[2024-04-10T00:02:52.410+0000] {processor.py:161} INFO - Started process (PID=1085) to work on /home/airflow/.local/lib/python3.8/site-packages/airflow/example_dags/example_task_group.py
[2024-04-10T00:02:52.411+0000] {processor.py:830} INFO - Processing file /home/airflow/.local/lib/python3.8/site-packages/airflow/example_dags/example_task_group.py for tasks to queue
[2024-04-10T00:02:52.413+0000] {logging_mixin.py:188} INFO - [2024-04-10T00:02:52.413+0000] {dagbag.py:540} INFO - Filling up the DagBag from /home/airflow/.local/lib/python3.8/site-packages/airflow/example_dags/example_task_group.py
[2024-04-10T00:02:52.421+0000] {processor.py:840} INFO - DAG(s) 'example_task_group' retrieved from /home/airflow/.local/lib/python3.8/site-packages/airflow/example_dags/example_task_group.py
[2024-04-10T00:02:52.447+0000] {logging_mixin.py:188} INFO - [2024-04-10T00:02:52.446+0000] {dag.py:3047} INFO - Sync 1 DAGs
[2024-04-10T00:02:52.470+0000] {logging_mixin.py:188} INFO - [2024-04-10T00:02:52.470+0000] {dag.py:3834} INFO - Setting next_dagrun for example_task_group to 2024-04-09 00:00:00+00:00, run_after=2024-04-10 00:00:00+00:00
[2024-04-10T00:02:52.490+0000] {processor.py:183} INFO - Processing /home/airflow/.local/lib/python3.8/site-packages/airflow/example_dags/example_task_group.py took 0.084 seconds
[2024-04-10T00:03:22.670+0000] {processor.py:161} INFO - Started process (PID=1143) to work on /home/airflow/.local/lib/python3.8/site-packages/airflow/example_dags/example_task_group.py
[2024-04-10T00:03:22.671+0000] {processor.py:830} INFO - Processing file /home/airflow/.local/lib/python3.8/site-packages/airflow/example_dags/example_task_group.py for tasks to queue
[2024-04-10T00:03:22.673+0000] {logging_mixin.py:188} INFO - [2024-04-10T00:03:22.673+0000] {dagbag.py:540} INFO - Filling up the DagBag from /home/airflow/.local/lib/python3.8/site-packages/airflow/example_dags/example_task_group.py
[2024-04-10T00:03:22.682+0000] {processor.py:840} INFO - DAG(s) 'example_task_group' retrieved from /home/airflow/.local/lib/python3.8/site-packages/airflow/example_dags/example_task_group.py
[2024-04-10T00:03:22.706+0000] {logging_mixin.py:188} INFO - [2024-04-10T00:03:22.706+0000] {dag.py:3047} INFO - Sync 1 DAGs
[2024-04-10T00:03:22.733+0000] {logging_mixin.py:188} INFO - [2024-04-10T00:03:22.732+0000] {dag.py:3834} INFO - Setting next_dagrun for example_task_group to 2024-04-09 00:00:00+00:00, run_after=2024-04-10 00:00:00+00:00
[2024-04-10T00:03:22.752+0000] {processor.py:183} INFO - Processing /home/airflow/.local/lib/python3.8/site-packages/airflow/example_dags/example_task_group.py took 0.085 seconds
