[2024-04-10T00:00:32.131+0000] {processor.py:161} INFO - Started process (PID=818) to work on /home/airflow/.local/lib/python3.8/site-packages/airflow/example_dags/example_dynamic_task_mapping_with_no_taskflow_operators.py
[2024-04-10T00:00:32.132+0000] {processor.py:830} INFO - Processing file /home/airflow/.local/lib/python3.8/site-packages/airflow/example_dags/example_dynamic_task_mapping_with_no_taskflow_operators.py for tasks to queue
[2024-04-10T00:00:32.134+0000] {logging_mixin.py:188} INFO - [2024-04-10T00:00:32.134+0000] {dagbag.py:540} INFO - Filling up the DagBag from /home/airflow/.local/lib/python3.8/site-packages/airflow/example_dags/example_dynamic_task_mapping_with_no_taskflow_operators.py
[2024-04-10T00:00:32.141+0000] {processor.py:840} INFO - DAG(s) 'example_dynamic_task_mapping_with_no_taskflow_operators' retrieved from /home/airflow/.local/lib/python3.8/site-packages/airflow/example_dags/example_dynamic_task_mapping_with_no_taskflow_operators.py
[2024-04-10T00:00:32.163+0000] {logging_mixin.py:188} INFO - [2024-04-10T00:00:32.162+0000] {dag.py:3047} INFO - Sync 1 DAGs
[2024-04-10T00:00:32.193+0000] {logging_mixin.py:188} INFO - [2024-04-10T00:00:32.193+0000] {dag.py:3834} INFO - Setting next_dagrun for example_dynamic_task_mapping_with_no_taskflow_operators to 2024-04-09 00:00:00+00:00, run_after=2024-04-10 00:00:00+00:00
[2024-04-10T00:00:32.221+0000] {processor.py:183} INFO - Processing /home/airflow/.local/lib/python3.8/site-packages/airflow/example_dags/example_dynamic_task_mapping_with_no_taskflow_operators.py took 0.095 seconds
[2024-04-10T00:01:02.655+0000] {processor.py:161} INFO - Started process (PID=876) to work on /home/airflow/.local/lib/python3.8/site-packages/airflow/example_dags/example_dynamic_task_mapping_with_no_taskflow_operators.py
[2024-04-10T00:01:02.657+0000] {processor.py:830} INFO - Processing file /home/airflow/.local/lib/python3.8/site-packages/airflow/example_dags/example_dynamic_task_mapping_with_no_taskflow_operators.py for tasks to queue
[2024-04-10T00:01:02.660+0000] {logging_mixin.py:188} INFO - [2024-04-10T00:01:02.659+0000] {dagbag.py:540} INFO - Filling up the DagBag from /home/airflow/.local/lib/python3.8/site-packages/airflow/example_dags/example_dynamic_task_mapping_with_no_taskflow_operators.py
[2024-04-10T00:01:02.670+0000] {processor.py:840} INFO - DAG(s) 'example_dynamic_task_mapping_with_no_taskflow_operators' retrieved from /home/airflow/.local/lib/python3.8/site-packages/airflow/example_dags/example_dynamic_task_mapping_with_no_taskflow_operators.py
[2024-04-10T00:01:02.705+0000] {logging_mixin.py:188} INFO - [2024-04-10T00:01:02.705+0000] {dag.py:3047} INFO - Sync 1 DAGs
[2024-04-10T00:01:02.749+0000] {logging_mixin.py:188} INFO - [2024-04-10T00:01:02.749+0000] {dag.py:3834} INFO - Setting next_dagrun for example_dynamic_task_mapping_with_no_taskflow_operators to 2024-04-09 00:00:00+00:00, run_after=2024-04-10 00:00:00+00:00
[2024-04-10T00:01:02.789+0000] {processor.py:183} INFO - Processing /home/airflow/.local/lib/python3.8/site-packages/airflow/example_dags/example_dynamic_task_mapping_with_no_taskflow_operators.py took 0.140 seconds
[2024-04-10T00:01:32.945+0000] {processor.py:161} INFO - Started process (PID=934) to work on /home/airflow/.local/lib/python3.8/site-packages/airflow/example_dags/example_dynamic_task_mapping_with_no_taskflow_operators.py
[2024-04-10T00:01:32.946+0000] {processor.py:830} INFO - Processing file /home/airflow/.local/lib/python3.8/site-packages/airflow/example_dags/example_dynamic_task_mapping_with_no_taskflow_operators.py for tasks to queue
[2024-04-10T00:01:32.949+0000] {logging_mixin.py:188} INFO - [2024-04-10T00:01:32.948+0000] {dagbag.py:540} INFO - Filling up the DagBag from /home/airflow/.local/lib/python3.8/site-packages/airflow/example_dags/example_dynamic_task_mapping_with_no_taskflow_operators.py
[2024-04-10T00:01:32.957+0000] {processor.py:840} INFO - DAG(s) 'example_dynamic_task_mapping_with_no_taskflow_operators' retrieved from /home/airflow/.local/lib/python3.8/site-packages/airflow/example_dags/example_dynamic_task_mapping_with_no_taskflow_operators.py
[2024-04-10T00:01:32.983+0000] {logging_mixin.py:188} INFO - [2024-04-10T00:01:32.983+0000] {dag.py:3047} INFO - Sync 1 DAGs
[2024-04-10T00:01:33.014+0000] {logging_mixin.py:188} INFO - [2024-04-10T00:01:33.014+0000] {dag.py:3834} INFO - Setting next_dagrun for example_dynamic_task_mapping_with_no_taskflow_operators to 2024-04-09 00:00:00+00:00, run_after=2024-04-10 00:00:00+00:00
[2024-04-10T00:01:33.043+0000] {processor.py:183} INFO - Processing /home/airflow/.local/lib/python3.8/site-packages/airflow/example_dags/example_dynamic_task_mapping_with_no_taskflow_operators.py took 0.102 seconds
[2024-04-10T00:02:03.892+0000] {processor.py:161} INFO - Started process (PID=992) to work on /home/airflow/.local/lib/python3.8/site-packages/airflow/example_dags/example_dynamic_task_mapping_with_no_taskflow_operators.py
[2024-04-10T00:02:03.894+0000] {processor.py:830} INFO - Processing file /home/airflow/.local/lib/python3.8/site-packages/airflow/example_dags/example_dynamic_task_mapping_with_no_taskflow_operators.py for tasks to queue
[2024-04-10T00:02:03.897+0000] {logging_mixin.py:188} INFO - [2024-04-10T00:02:03.896+0000] {dagbag.py:540} INFO - Filling up the DagBag from /home/airflow/.local/lib/python3.8/site-packages/airflow/example_dags/example_dynamic_task_mapping_with_no_taskflow_operators.py
[2024-04-10T00:02:03.906+0000] {processor.py:840} INFO - DAG(s) 'example_dynamic_task_mapping_with_no_taskflow_operators' retrieved from /home/airflow/.local/lib/python3.8/site-packages/airflow/example_dags/example_dynamic_task_mapping_with_no_taskflow_operators.py
[2024-04-10T00:02:03.928+0000] {logging_mixin.py:188} INFO - [2024-04-10T00:02:03.928+0000] {dag.py:3047} INFO - Sync 1 DAGs
[2024-04-10T00:02:03.952+0000] {logging_mixin.py:188} INFO - [2024-04-10T00:02:03.951+0000] {dag.py:3834} INFO - Setting next_dagrun for example_dynamic_task_mapping_with_no_taskflow_operators to 2024-04-09 00:00:00+00:00, run_after=2024-04-10 00:00:00+00:00
[2024-04-10T00:02:03.973+0000] {processor.py:183} INFO - Processing /home/airflow/.local/lib/python3.8/site-packages/airflow/example_dags/example_dynamic_task_mapping_with_no_taskflow_operators.py took 0.086 seconds
[2024-04-10T00:02:34.725+0000] {processor.py:161} INFO - Started process (PID=1050) to work on /home/airflow/.local/lib/python3.8/site-packages/airflow/example_dags/example_dynamic_task_mapping_with_no_taskflow_operators.py
[2024-04-10T00:02:34.726+0000] {processor.py:830} INFO - Processing file /home/airflow/.local/lib/python3.8/site-packages/airflow/example_dags/example_dynamic_task_mapping_with_no_taskflow_operators.py for tasks to queue
[2024-04-10T00:02:34.728+0000] {logging_mixin.py:188} INFO - [2024-04-10T00:02:34.728+0000] {dagbag.py:540} INFO - Filling up the DagBag from /home/airflow/.local/lib/python3.8/site-packages/airflow/example_dags/example_dynamic_task_mapping_with_no_taskflow_operators.py
[2024-04-10T00:02:34.735+0000] {processor.py:840} INFO - DAG(s) 'example_dynamic_task_mapping_with_no_taskflow_operators' retrieved from /home/airflow/.local/lib/python3.8/site-packages/airflow/example_dags/example_dynamic_task_mapping_with_no_taskflow_operators.py
[2024-04-10T00:02:34.759+0000] {logging_mixin.py:188} INFO - [2024-04-10T00:02:34.758+0000] {dag.py:3047} INFO - Sync 1 DAGs
[2024-04-10T00:02:34.783+0000] {logging_mixin.py:188} INFO - [2024-04-10T00:02:34.783+0000] {dag.py:3834} INFO - Setting next_dagrun for example_dynamic_task_mapping_with_no_taskflow_operators to 2024-04-09 00:00:00+00:00, run_after=2024-04-10 00:00:00+00:00
[2024-04-10T00:02:34.804+0000] {processor.py:183} INFO - Processing /home/airflow/.local/lib/python3.8/site-packages/airflow/example_dags/example_dynamic_task_mapping_with_no_taskflow_operators.py took 0.084 seconds
[2024-04-10T00:03:05.518+0000] {processor.py:161} INFO - Started process (PID=1108) to work on /home/airflow/.local/lib/python3.8/site-packages/airflow/example_dags/example_dynamic_task_mapping_with_no_taskflow_operators.py
[2024-04-10T00:03:05.520+0000] {processor.py:830} INFO - Processing file /home/airflow/.local/lib/python3.8/site-packages/airflow/example_dags/example_dynamic_task_mapping_with_no_taskflow_operators.py for tasks to queue
[2024-04-10T00:03:05.522+0000] {logging_mixin.py:188} INFO - [2024-04-10T00:03:05.522+0000] {dagbag.py:540} INFO - Filling up the DagBag from /home/airflow/.local/lib/python3.8/site-packages/airflow/example_dags/example_dynamic_task_mapping_with_no_taskflow_operators.py
[2024-04-10T00:03:05.529+0000] {processor.py:840} INFO - DAG(s) 'example_dynamic_task_mapping_with_no_taskflow_operators' retrieved from /home/airflow/.local/lib/python3.8/site-packages/airflow/example_dags/example_dynamic_task_mapping_with_no_taskflow_operators.py
[2024-04-10T00:03:05.550+0000] {logging_mixin.py:188} INFO - [2024-04-10T00:03:05.550+0000] {dag.py:3047} INFO - Sync 1 DAGs
[2024-04-10T00:03:05.578+0000] {logging_mixin.py:188} INFO - [2024-04-10T00:03:05.578+0000] {dag.py:3834} INFO - Setting next_dagrun for example_dynamic_task_mapping_with_no_taskflow_operators to 2024-04-09 00:00:00+00:00, run_after=2024-04-10 00:00:00+00:00
[2024-04-10T00:03:05.600+0000] {processor.py:183} INFO - Processing /home/airflow/.local/lib/python3.8/site-packages/airflow/example_dags/example_dynamic_task_mapping_with_no_taskflow_operators.py took 0.086 seconds
