[2024-04-10T00:00:16.624+0000] {processor.py:161} INFO - Started process (PID=785) to work on /home/airflow/.local/lib/python3.8/site-packages/airflow/example_dags/example_datasets.py
[2024-04-10T00:00:16.626+0000] {processor.py:830} INFO - Processing file /home/airflow/.local/lib/python3.8/site-packages/airflow/example_dags/example_datasets.py for tasks to queue
[2024-04-10T00:00:16.628+0000] {logging_mixin.py:188} INFO - [2024-04-10T00:00:16.627+0000] {dagbag.py:540} INFO - Filling up the DagBag from /home/airflow/.local/lib/python3.8/site-packages/airflow/example_dags/example_datasets.py
[2024-04-10T00:00:16.638+0000] {processor.py:840} INFO - DAG(s) 'dataset_consumes_1_and_2', 'dataset_produces_1', 'dataset_consumes_1_never_scheduled', 'dataset_consumes_1', 'dataset_produces_2', 'dataset_consumes_unknown_never_scheduled' retrieved from /home/airflow/.local/lib/python3.8/site-packages/airflow/example_dags/example_datasets.py
[2024-04-10T00:00:16.679+0000] {logging_mixin.py:188} INFO - [2024-04-10T00:00:16.679+0000] {dag.py:3047} INFO - Sync 6 DAGs
[2024-04-10T00:00:16.704+0000] {logging_mixin.py:188} INFO - [2024-04-10T00:00:16.704+0000] {dag.py:3834} INFO - Setting next_dagrun for dataset_consumes_1 to None, run_after=None
[2024-04-10T00:00:16.709+0000] {logging_mixin.py:188} INFO - [2024-04-10T00:00:16.709+0000] {dag.py:3834} INFO - Setting next_dagrun for dataset_consumes_1_and_2 to None, run_after=None
[2024-04-10T00:00:16.710+0000] {logging_mixin.py:188} INFO - [2024-04-10T00:00:16.710+0000] {dag.py:3834} INFO - Setting next_dagrun for dataset_consumes_1_never_scheduled to None, run_after=None
[2024-04-10T00:00:16.712+0000] {logging_mixin.py:188} INFO - [2024-04-10T00:00:16.712+0000] {dag.py:3834} INFO - Setting next_dagrun for dataset_consumes_unknown_never_scheduled to None, run_after=None
[2024-04-10T00:00:16.715+0000] {logging_mixin.py:188} INFO - [2024-04-10T00:00:16.714+0000] {dag.py:3834} INFO - Setting next_dagrun for dataset_produces_1 to 2024-04-09 00:00:00+00:00, run_after=2024-04-10 00:00:00+00:00
[2024-04-10T00:00:16.716+0000] {logging_mixin.py:188} INFO - [2024-04-10T00:00:16.716+0000] {dag.py:3834} INFO - Setting next_dagrun for dataset_produces_2 to None, run_after=None
[2024-04-10T00:00:16.748+0000] {processor.py:183} INFO - Processing /home/airflow/.local/lib/python3.8/site-packages/airflow/example_dags/example_datasets.py took 0.128 seconds
[2024-04-10T00:00:47.587+0000] {processor.py:161} INFO - Started process (PID=843) to work on /home/airflow/.local/lib/python3.8/site-packages/airflow/example_dags/example_datasets.py
[2024-04-10T00:00:47.588+0000] {processor.py:830} INFO - Processing file /home/airflow/.local/lib/python3.8/site-packages/airflow/example_dags/example_datasets.py for tasks to queue
[2024-04-10T00:00:47.591+0000] {logging_mixin.py:188} INFO - [2024-04-10T00:00:47.590+0000] {dagbag.py:540} INFO - Filling up the DagBag from /home/airflow/.local/lib/python3.8/site-packages/airflow/example_dags/example_datasets.py
[2024-04-10T00:00:47.603+0000] {processor.py:840} INFO - DAG(s) 'dataset_consumes_1_and_2', 'dataset_consumes_unknown_never_scheduled', 'dataset_consumes_1_never_scheduled', 'dataset_produces_2', 'dataset_consumes_1', 'dataset_produces_1' retrieved from /home/airflow/.local/lib/python3.8/site-packages/airflow/example_dags/example_datasets.py
[2024-04-10T00:00:47.653+0000] {logging_mixin.py:188} INFO - [2024-04-10T00:00:47.653+0000] {dag.py:3047} INFO - Sync 6 DAGs
[2024-04-10T00:00:47.684+0000] {logging_mixin.py:188} INFO - [2024-04-10T00:00:47.684+0000] {dag.py:3834} INFO - Setting next_dagrun for dataset_consumes_1 to None, run_after=None
[2024-04-10T00:00:47.691+0000] {logging_mixin.py:188} INFO - [2024-04-10T00:00:47.691+0000] {dag.py:3834} INFO - Setting next_dagrun for dataset_consumes_1_and_2 to None, run_after=None
[2024-04-10T00:00:47.693+0000] {logging_mixin.py:188} INFO - [2024-04-10T00:00:47.693+0000] {dag.py:3834} INFO - Setting next_dagrun for dataset_consumes_1_never_scheduled to None, run_after=None
[2024-04-10T00:00:47.695+0000] {logging_mixin.py:188} INFO - [2024-04-10T00:00:47.694+0000] {dag.py:3834} INFO - Setting next_dagrun for dataset_consumes_unknown_never_scheduled to None, run_after=None
[2024-04-10T00:00:47.698+0000] {logging_mixin.py:188} INFO - [2024-04-10T00:00:47.698+0000] {dag.py:3834} INFO - Setting next_dagrun for dataset_produces_1 to 2024-04-09 00:00:00+00:00, run_after=2024-04-10 00:00:00+00:00
[2024-04-10T00:00:47.700+0000] {logging_mixin.py:188} INFO - [2024-04-10T00:00:47.700+0000] {dag.py:3834} INFO - Setting next_dagrun for dataset_produces_2 to None, run_after=None
[2024-04-10T00:00:47.735+0000] {processor.py:183} INFO - Processing /home/airflow/.local/lib/python3.8/site-packages/airflow/example_dags/example_datasets.py took 0.152 seconds
[2024-04-10T00:01:19.090+0000] {processor.py:161} INFO - Started process (PID=899) to work on /home/airflow/.local/lib/python3.8/site-packages/airflow/example_dags/example_datasets.py
[2024-04-10T00:01:19.092+0000] {processor.py:830} INFO - Processing file /home/airflow/.local/lib/python3.8/site-packages/airflow/example_dags/example_datasets.py for tasks to queue
[2024-04-10T00:01:19.095+0000] {logging_mixin.py:188} INFO - [2024-04-10T00:01:19.095+0000] {dagbag.py:540} INFO - Filling up the DagBag from /home/airflow/.local/lib/python3.8/site-packages/airflow/example_dags/example_datasets.py
[2024-04-10T00:01:19.109+0000] {processor.py:840} INFO - DAG(s) 'dataset_consumes_1', 'dataset_consumes_1_never_scheduled', 'dataset_consumes_1_and_2', 'dataset_produces_2', 'dataset_produces_1', 'dataset_consumes_unknown_never_scheduled' retrieved from /home/airflow/.local/lib/python3.8/site-packages/airflow/example_dags/example_datasets.py
[2024-04-10T00:01:19.158+0000] {logging_mixin.py:188} INFO - [2024-04-10T00:01:19.158+0000] {dag.py:3047} INFO - Sync 6 DAGs
[2024-04-10T00:01:19.186+0000] {logging_mixin.py:188} INFO - [2024-04-10T00:01:19.186+0000] {dag.py:3834} INFO - Setting next_dagrun for dataset_consumes_1 to None, run_after=None
[2024-04-10T00:01:19.192+0000] {logging_mixin.py:188} INFO - [2024-04-10T00:01:19.191+0000] {dag.py:3834} INFO - Setting next_dagrun for dataset_consumes_1_and_2 to None, run_after=None
[2024-04-10T00:01:19.196+0000] {logging_mixin.py:188} INFO - [2024-04-10T00:01:19.196+0000] {dag.py:3834} INFO - Setting next_dagrun for dataset_consumes_1_never_scheduled to None, run_after=None
[2024-04-10T00:01:19.198+0000] {logging_mixin.py:188} INFO - [2024-04-10T00:01:19.198+0000] {dag.py:3834} INFO - Setting next_dagrun for dataset_consumes_unknown_never_scheduled to None, run_after=None
[2024-04-10T00:01:19.202+0000] {logging_mixin.py:188} INFO - [2024-04-10T00:01:19.201+0000] {dag.py:3834} INFO - Setting next_dagrun for dataset_produces_1 to 2024-04-09 00:00:00+00:00, run_after=2024-04-10 00:00:00+00:00
[2024-04-10T00:01:19.204+0000] {logging_mixin.py:188} INFO - [2024-04-10T00:01:19.203+0000] {dag.py:3834} INFO - Setting next_dagrun for dataset_produces_2 to None, run_after=None
[2024-04-10T00:01:19.250+0000] {processor.py:183} INFO - Processing /home/airflow/.local/lib/python3.8/site-packages/airflow/example_dags/example_datasets.py took 0.165 seconds
[2024-04-10T00:01:49.672+0000] {processor.py:161} INFO - Started process (PID=956) to work on /home/airflow/.local/lib/python3.8/site-packages/airflow/example_dags/example_datasets.py
[2024-04-10T00:01:49.673+0000] {processor.py:830} INFO - Processing file /home/airflow/.local/lib/python3.8/site-packages/airflow/example_dags/example_datasets.py for tasks to queue
[2024-04-10T00:01:49.678+0000] {logging_mixin.py:188} INFO - [2024-04-10T00:01:49.677+0000] {dagbag.py:540} INFO - Filling up the DagBag from /home/airflow/.local/lib/python3.8/site-packages/airflow/example_dags/example_datasets.py
[2024-04-10T00:01:49.694+0000] {processor.py:840} INFO - DAG(s) 'dataset_consumes_1_and_2', 'dataset_consumes_1', 'dataset_produces_2', 'dataset_produces_1', 'dataset_consumes_1_never_scheduled', 'dataset_consumes_unknown_never_scheduled' retrieved from /home/airflow/.local/lib/python3.8/site-packages/airflow/example_dags/example_datasets.py
[2024-04-10T00:01:49.744+0000] {logging_mixin.py:188} INFO - [2024-04-10T00:01:49.743+0000] {dag.py:3047} INFO - Sync 6 DAGs
[2024-04-10T00:01:49.780+0000] {logging_mixin.py:188} INFO - [2024-04-10T00:01:49.779+0000] {dag.py:3834} INFO - Setting next_dagrun for dataset_consumes_1 to None, run_after=None
[2024-04-10T00:01:49.790+0000] {logging_mixin.py:188} INFO - [2024-04-10T00:01:49.789+0000] {dag.py:3834} INFO - Setting next_dagrun for dataset_consumes_1_and_2 to None, run_after=None
[2024-04-10T00:01:49.792+0000] {logging_mixin.py:188} INFO - [2024-04-10T00:01:49.792+0000] {dag.py:3834} INFO - Setting next_dagrun for dataset_consumes_1_never_scheduled to None, run_after=None
[2024-04-10T00:01:49.795+0000] {logging_mixin.py:188} INFO - [2024-04-10T00:01:49.794+0000] {dag.py:3834} INFO - Setting next_dagrun for dataset_consumes_unknown_never_scheduled to None, run_after=None
[2024-04-10T00:01:49.800+0000] {logging_mixin.py:188} INFO - [2024-04-10T00:01:49.799+0000] {dag.py:3834} INFO - Setting next_dagrun for dataset_produces_1 to 2024-04-09 00:00:00+00:00, run_after=2024-04-10 00:00:00+00:00
[2024-04-10T00:01:49.804+0000] {logging_mixin.py:188} INFO - [2024-04-10T00:01:49.803+0000] {dag.py:3834} INFO - Setting next_dagrun for dataset_produces_2 to None, run_after=None
[2024-04-10T00:01:49.859+0000] {processor.py:183} INFO - Processing /home/airflow/.local/lib/python3.8/site-packages/airflow/example_dags/example_datasets.py took 0.192 seconds
[2024-04-10T00:02:20.746+0000] {processor.py:161} INFO - Started process (PID=1020) to work on /home/airflow/.local/lib/python3.8/site-packages/airflow/example_dags/example_datasets.py
[2024-04-10T00:02:20.747+0000] {processor.py:830} INFO - Processing file /home/airflow/.local/lib/python3.8/site-packages/airflow/example_dags/example_datasets.py for tasks to queue
[2024-04-10T00:02:20.749+0000] {logging_mixin.py:188} INFO - [2024-04-10T00:02:20.749+0000] {dagbag.py:540} INFO - Filling up the DagBag from /home/airflow/.local/lib/python3.8/site-packages/airflow/example_dags/example_datasets.py
[2024-04-10T00:02:20.761+0000] {processor.py:840} INFO - DAG(s) 'dataset_consumes_1_and_2', 'dataset_consumes_unknown_never_scheduled', 'dataset_produces_1', 'dataset_consumes_1', 'dataset_consumes_1_never_scheduled', 'dataset_produces_2' retrieved from /home/airflow/.local/lib/python3.8/site-packages/airflow/example_dags/example_datasets.py
[2024-04-10T00:02:20.804+0000] {logging_mixin.py:188} INFO - [2024-04-10T00:02:20.803+0000] {dag.py:3047} INFO - Sync 6 DAGs
[2024-04-10T00:02:20.828+0000] {logging_mixin.py:188} INFO - [2024-04-10T00:02:20.828+0000] {dag.py:3834} INFO - Setting next_dagrun for dataset_consumes_1 to None, run_after=None
[2024-04-10T00:02:20.834+0000] {logging_mixin.py:188} INFO - [2024-04-10T00:02:20.834+0000] {dag.py:3834} INFO - Setting next_dagrun for dataset_consumes_1_and_2 to None, run_after=None
[2024-04-10T00:02:20.836+0000] {logging_mixin.py:188} INFO - [2024-04-10T00:02:20.835+0000] {dag.py:3834} INFO - Setting next_dagrun for dataset_consumes_1_never_scheduled to None, run_after=None
[2024-04-10T00:02:20.837+0000] {logging_mixin.py:188} INFO - [2024-04-10T00:02:20.837+0000] {dag.py:3834} INFO - Setting next_dagrun for dataset_consumes_unknown_never_scheduled to None, run_after=None
[2024-04-10T00:02:20.841+0000] {logging_mixin.py:188} INFO - [2024-04-10T00:02:20.841+0000] {dag.py:3834} INFO - Setting next_dagrun for dataset_produces_1 to 2024-04-09 00:00:00+00:00, run_after=2024-04-10 00:00:00+00:00
[2024-04-10T00:02:20.843+0000] {logging_mixin.py:188} INFO - [2024-04-10T00:02:20.843+0000] {dag.py:3834} INFO - Setting next_dagrun for dataset_produces_2 to None, run_after=None
[2024-04-10T00:02:20.878+0000] {processor.py:183} INFO - Processing /home/airflow/.local/lib/python3.8/site-packages/airflow/example_dags/example_datasets.py took 0.138 seconds
[2024-04-10T00:02:50.907+0000] {processor.py:161} INFO - Started process (PID=1078) to work on /home/airflow/.local/lib/python3.8/site-packages/airflow/example_dags/example_datasets.py
[2024-04-10T00:02:50.908+0000] {processor.py:830} INFO - Processing file /home/airflow/.local/lib/python3.8/site-packages/airflow/example_dags/example_datasets.py for tasks to queue
[2024-04-10T00:02:50.910+0000] {logging_mixin.py:188} INFO - [2024-04-10T00:02:50.910+0000] {dagbag.py:540} INFO - Filling up the DagBag from /home/airflow/.local/lib/python3.8/site-packages/airflow/example_dags/example_datasets.py
[2024-04-10T00:02:50.919+0000] {processor.py:840} INFO - DAG(s) 'dataset_produces_1', 'dataset_consumes_1_never_scheduled', 'dataset_consumes_unknown_never_scheduled', 'dataset_produces_2', 'dataset_consumes_1_and_2', 'dataset_consumes_1' retrieved from /home/airflow/.local/lib/python3.8/site-packages/airflow/example_dags/example_datasets.py
[2024-04-10T00:02:50.953+0000] {logging_mixin.py:188} INFO - [2024-04-10T00:02:50.952+0000] {dag.py:3047} INFO - Sync 6 DAGs
[2024-04-10T00:02:50.976+0000] {logging_mixin.py:188} INFO - [2024-04-10T00:02:50.976+0000] {dag.py:3834} INFO - Setting next_dagrun for dataset_consumes_1 to None, run_after=None
[2024-04-10T00:02:50.980+0000] {logging_mixin.py:188} INFO - [2024-04-10T00:02:50.980+0000] {dag.py:3834} INFO - Setting next_dagrun for dataset_consumes_1_and_2 to None, run_after=None
[2024-04-10T00:02:50.982+0000] {logging_mixin.py:188} INFO - [2024-04-10T00:02:50.982+0000] {dag.py:3834} INFO - Setting next_dagrun for dataset_consumes_1_never_scheduled to None, run_after=None
[2024-04-10T00:02:50.983+0000] {logging_mixin.py:188} INFO - [2024-04-10T00:02:50.983+0000] {dag.py:3834} INFO - Setting next_dagrun for dataset_consumes_unknown_never_scheduled to None, run_after=None
[2024-04-10T00:02:50.986+0000] {logging_mixin.py:188} INFO - [2024-04-10T00:02:50.986+0000] {dag.py:3834} INFO - Setting next_dagrun for dataset_produces_1 to 2024-04-09 00:00:00+00:00, run_after=2024-04-10 00:00:00+00:00
[2024-04-10T00:02:50.987+0000] {logging_mixin.py:188} INFO - [2024-04-10T00:02:50.987+0000] {dag.py:3834} INFO - Setting next_dagrun for dataset_produces_2 to None, run_after=None
[2024-04-10T00:02:51.017+0000] {processor.py:183} INFO - Processing /home/airflow/.local/lib/python3.8/site-packages/airflow/example_dags/example_datasets.py took 0.113 seconds
[2024-04-10T00:03:21.085+0000] {processor.py:161} INFO - Started process (PID=1135) to work on /home/airflow/.local/lib/python3.8/site-packages/airflow/example_dags/example_datasets.py
[2024-04-10T00:03:21.086+0000] {processor.py:830} INFO - Processing file /home/airflow/.local/lib/python3.8/site-packages/airflow/example_dags/example_datasets.py for tasks to queue
[2024-04-10T00:03:21.088+0000] {logging_mixin.py:188} INFO - [2024-04-10T00:03:21.088+0000] {dagbag.py:540} INFO - Filling up the DagBag from /home/airflow/.local/lib/python3.8/site-packages/airflow/example_dags/example_datasets.py
[2024-04-10T00:03:21.097+0000] {processor.py:840} INFO - DAG(s) 'dataset_consumes_1_never_scheduled', 'dataset_consumes_1_and_2', 'dataset_consumes_unknown_never_scheduled', 'dataset_produces_1', 'dataset_produces_2', 'dataset_consumes_1' retrieved from /home/airflow/.local/lib/python3.8/site-packages/airflow/example_dags/example_datasets.py
[2024-04-10T00:03:21.130+0000] {logging_mixin.py:188} INFO - [2024-04-10T00:03:21.130+0000] {dag.py:3047} INFO - Sync 6 DAGs
[2024-04-10T00:03:21.155+0000] {logging_mixin.py:188} INFO - [2024-04-10T00:03:21.155+0000] {dag.py:3834} INFO - Setting next_dagrun for dataset_consumes_1 to None, run_after=None
[2024-04-10T00:03:21.160+0000] {logging_mixin.py:188} INFO - [2024-04-10T00:03:21.160+0000] {dag.py:3834} INFO - Setting next_dagrun for dataset_consumes_1_and_2 to None, run_after=None
[2024-04-10T00:03:21.162+0000] {logging_mixin.py:188} INFO - [2024-04-10T00:03:21.162+0000] {dag.py:3834} INFO - Setting next_dagrun for dataset_consumes_1_never_scheduled to None, run_after=None
[2024-04-10T00:03:21.164+0000] {logging_mixin.py:188} INFO - [2024-04-10T00:03:21.163+0000] {dag.py:3834} INFO - Setting next_dagrun for dataset_consumes_unknown_never_scheduled to None, run_after=None
[2024-04-10T00:03:21.167+0000] {logging_mixin.py:188} INFO - [2024-04-10T00:03:21.166+0000] {dag.py:3834} INFO - Setting next_dagrun for dataset_produces_1 to 2024-04-09 00:00:00+00:00, run_after=2024-04-10 00:00:00+00:00
[2024-04-10T00:03:21.168+0000] {logging_mixin.py:188} INFO - [2024-04-10T00:03:21.168+0000] {dag.py:3834} INFO - Setting next_dagrun for dataset_produces_2 to None, run_after=None
[2024-04-10T00:03:21.214+0000] {processor.py:183} INFO - Processing /home/airflow/.local/lib/python3.8/site-packages/airflow/example_dags/example_datasets.py took 0.131 seconds
