[2024-04-10T00:00:16.525+0000] {processor.py:161} INFO - Started process (PID=784) to work on /home/airflow/.local/lib/python3.8/site-packages/airflow/example_dags/example_branch_labels.py
[2024-04-10T00:00:16.526+0000] {processor.py:830} INFO - Processing file /home/airflow/.local/lib/python3.8/site-packages/airflow/example_dags/example_branch_labels.py for tasks to queue
[2024-04-10T00:00:16.528+0000] {logging_mixin.py:188} INFO - [2024-04-10T00:00:16.528+0000] {dagbag.py:540} INFO - Filling up the DagBag from /home/airflow/.local/lib/python3.8/site-packages/airflow/example_dags/example_branch_labels.py
[2024-04-10T00:00:16.536+0000] {processor.py:840} INFO - DAG(s) 'example_branch_labels' retrieved from /home/airflow/.local/lib/python3.8/site-packages/airflow/example_dags/example_branch_labels.py
[2024-04-10T00:00:16.557+0000] {logging_mixin.py:188} INFO - [2024-04-10T00:00:16.557+0000] {dag.py:3047} INFO - Sync 1 DAGs
[2024-04-10T00:00:16.581+0000] {logging_mixin.py:188} INFO - [2024-04-10T00:00:16.581+0000] {dag.py:3834} INFO - Setting next_dagrun for example_branch_labels to 2024-04-09 00:00:00+00:00, run_after=2024-04-10 00:00:00+00:00
[2024-04-10T00:00:16.600+0000] {processor.py:183} INFO - Processing /home/airflow/.local/lib/python3.8/site-packages/airflow/example_dags/example_branch_labels.py took 0.078 seconds
[2024-04-10T00:00:47.537+0000] {processor.py:161} INFO - Started process (PID=842) to work on /home/airflow/.local/lib/python3.8/site-packages/airflow/example_dags/example_branch_labels.py
[2024-04-10T00:00:47.538+0000] {processor.py:830} INFO - Processing file /home/airflow/.local/lib/python3.8/site-packages/airflow/example_dags/example_branch_labels.py for tasks to queue
[2024-04-10T00:00:47.540+0000] {logging_mixin.py:188} INFO - [2024-04-10T00:00:47.540+0000] {dagbag.py:540} INFO - Filling up the DagBag from /home/airflow/.local/lib/python3.8/site-packages/airflow/example_dags/example_branch_labels.py
[2024-04-10T00:00:47.550+0000] {processor.py:840} INFO - DAG(s) 'example_branch_labels' retrieved from /home/airflow/.local/lib/python3.8/site-packages/airflow/example_dags/example_branch_labels.py
[2024-04-10T00:00:47.578+0000] {logging_mixin.py:188} INFO - [2024-04-10T00:00:47.577+0000] {dag.py:3047} INFO - Sync 1 DAGs
[2024-04-10T00:00:47.608+0000] {logging_mixin.py:188} INFO - [2024-04-10T00:00:47.607+0000] {dag.py:3834} INFO - Setting next_dagrun for example_branch_labels to 2024-04-09 00:00:00+00:00, run_after=2024-04-10 00:00:00+00:00
[2024-04-10T00:00:47.642+0000] {processor.py:183} INFO - Processing /home/airflow/.local/lib/python3.8/site-packages/airflow/example_dags/example_branch_labels.py took 0.109 seconds
[2024-04-10T00:01:18.933+0000] {processor.py:161} INFO - Started process (PID=898) to work on /home/airflow/.local/lib/python3.8/site-packages/airflow/example_dags/example_branch_labels.py
[2024-04-10T00:01:18.944+0000] {processor.py:830} INFO - Processing file /home/airflow/.local/lib/python3.8/site-packages/airflow/example_dags/example_branch_labels.py for tasks to queue
[2024-04-10T00:01:18.948+0000] {logging_mixin.py:188} INFO - [2024-04-10T00:01:18.947+0000] {dagbag.py:540} INFO - Filling up the DagBag from /home/airflow/.local/lib/python3.8/site-packages/airflow/example_dags/example_branch_labels.py
[2024-04-10T00:01:18.959+0000] {processor.py:840} INFO - DAG(s) 'example_branch_labels' retrieved from /home/airflow/.local/lib/python3.8/site-packages/airflow/example_dags/example_branch_labels.py
[2024-04-10T00:01:18.987+0000] {logging_mixin.py:188} INFO - [2024-04-10T00:01:18.986+0000] {dag.py:3047} INFO - Sync 1 DAGs
[2024-04-10T00:01:19.016+0000] {logging_mixin.py:188} INFO - [2024-04-10T00:01:19.016+0000] {dag.py:3834} INFO - Setting next_dagrun for example_branch_labels to 2024-04-09 00:00:00+00:00, run_after=2024-04-10 00:00:00+00:00
[2024-04-10T00:01:19.049+0000] {processor.py:183} INFO - Processing /home/airflow/.local/lib/python3.8/site-packages/airflow/example_dags/example_branch_labels.py took 0.120 seconds
[2024-04-10T00:01:49.539+0000] {processor.py:161} INFO - Started process (PID=955) to work on /home/airflow/.local/lib/python3.8/site-packages/airflow/example_dags/example_branch_labels.py
[2024-04-10T00:01:49.541+0000] {processor.py:830} INFO - Processing file /home/airflow/.local/lib/python3.8/site-packages/airflow/example_dags/example_branch_labels.py for tasks to queue
[2024-04-10T00:01:49.543+0000] {logging_mixin.py:188} INFO - [2024-04-10T00:01:49.543+0000] {dagbag.py:540} INFO - Filling up the DagBag from /home/airflow/.local/lib/python3.8/site-packages/airflow/example_dags/example_branch_labels.py
[2024-04-10T00:01:49.554+0000] {processor.py:840} INFO - DAG(s) 'example_branch_labels' retrieved from /home/airflow/.local/lib/python3.8/site-packages/airflow/example_dags/example_branch_labels.py
[2024-04-10T00:01:49.585+0000] {logging_mixin.py:188} INFO - [2024-04-10T00:01:49.585+0000] {dag.py:3047} INFO - Sync 1 DAGs
[2024-04-10T00:01:49.616+0000] {logging_mixin.py:188} INFO - [2024-04-10T00:01:49.615+0000] {dag.py:3834} INFO - Setting next_dagrun for example_branch_labels to 2024-04-09 00:00:00+00:00, run_after=2024-04-10 00:00:00+00:00
[2024-04-10T00:01:49.641+0000] {processor.py:183} INFO - Processing /home/airflow/.local/lib/python3.8/site-packages/airflow/example_dags/example_branch_labels.py took 0.106 seconds
[2024-04-10T00:02:20.637+0000] {processor.py:161} INFO - Started process (PID=1019) to work on /home/airflow/.local/lib/python3.8/site-packages/airflow/example_dags/example_branch_labels.py
[2024-04-10T00:02:20.638+0000] {processor.py:830} INFO - Processing file /home/airflow/.local/lib/python3.8/site-packages/airflow/example_dags/example_branch_labels.py for tasks to queue
[2024-04-10T00:02:20.640+0000] {logging_mixin.py:188} INFO - [2024-04-10T00:02:20.640+0000] {dagbag.py:540} INFO - Filling up the DagBag from /home/airflow/.local/lib/python3.8/site-packages/airflow/example_dags/example_branch_labels.py
[2024-04-10T00:02:20.648+0000] {processor.py:840} INFO - DAG(s) 'example_branch_labels' retrieved from /home/airflow/.local/lib/python3.8/site-packages/airflow/example_dags/example_branch_labels.py
[2024-04-10T00:02:20.671+0000] {logging_mixin.py:188} INFO - [2024-04-10T00:02:20.671+0000] {dag.py:3047} INFO - Sync 1 DAGs
[2024-04-10T00:02:20.696+0000] {logging_mixin.py:188} INFO - [2024-04-10T00:02:20.696+0000] {dag.py:3834} INFO - Setting next_dagrun for example_branch_labels to 2024-04-09 00:00:00+00:00, run_after=2024-04-10 00:00:00+00:00
[2024-04-10T00:02:20.718+0000] {processor.py:183} INFO - Processing /home/airflow/.local/lib/python3.8/site-packages/airflow/example_dags/example_branch_labels.py took 0.085 seconds
[2024-04-10T00:02:50.804+0000] {processor.py:161} INFO - Started process (PID=1076) to work on /home/airflow/.local/lib/python3.8/site-packages/airflow/example_dags/example_branch_labels.py
[2024-04-10T00:02:50.805+0000] {processor.py:830} INFO - Processing file /home/airflow/.local/lib/python3.8/site-packages/airflow/example_dags/example_branch_labels.py for tasks to queue
[2024-04-10T00:02:50.807+0000] {logging_mixin.py:188} INFO - [2024-04-10T00:02:50.806+0000] {dagbag.py:540} INFO - Filling up the DagBag from /home/airflow/.local/lib/python3.8/site-packages/airflow/example_dags/example_branch_labels.py
[2024-04-10T00:02:50.816+0000] {processor.py:840} INFO - DAG(s) 'example_branch_labels' retrieved from /home/airflow/.local/lib/python3.8/site-packages/airflow/example_dags/example_branch_labels.py
[2024-04-10T00:02:50.837+0000] {logging_mixin.py:188} INFO - [2024-04-10T00:02:50.837+0000] {dag.py:3047} INFO - Sync 1 DAGs
[2024-04-10T00:02:50.859+0000] {logging_mixin.py:188} INFO - [2024-04-10T00:02:50.859+0000] {dag.py:3834} INFO - Setting next_dagrun for example_branch_labels to 2024-04-09 00:00:00+00:00, run_after=2024-04-10 00:00:00+00:00
[2024-04-10T00:02:50.877+0000] {processor.py:183} INFO - Processing /home/airflow/.local/lib/python3.8/site-packages/airflow/example_dags/example_branch_labels.py took 0.077 seconds
[2024-04-10T00:03:20.979+0000] {processor.py:161} INFO - Started process (PID=1134) to work on /home/airflow/.local/lib/python3.8/site-packages/airflow/example_dags/example_branch_labels.py
[2024-04-10T00:03:20.980+0000] {processor.py:830} INFO - Processing file /home/airflow/.local/lib/python3.8/site-packages/airflow/example_dags/example_branch_labels.py for tasks to queue
[2024-04-10T00:03:20.982+0000] {logging_mixin.py:188} INFO - [2024-04-10T00:03:20.981+0000] {dagbag.py:540} INFO - Filling up the DagBag from /home/airflow/.local/lib/python3.8/site-packages/airflow/example_dags/example_branch_labels.py
[2024-04-10T00:03:20.991+0000] {processor.py:840} INFO - DAG(s) 'example_branch_labels' retrieved from /home/airflow/.local/lib/python3.8/site-packages/airflow/example_dags/example_branch_labels.py
[2024-04-10T00:03:21.013+0000] {logging_mixin.py:188} INFO - [2024-04-10T00:03:21.013+0000] {dag.py:3047} INFO - Sync 1 DAGs
[2024-04-10T00:03:21.039+0000] {logging_mixin.py:188} INFO - [2024-04-10T00:03:21.039+0000] {dag.py:3834} INFO - Setting next_dagrun for example_branch_labels to 2024-04-09 00:00:00+00:00, run_after=2024-04-10 00:00:00+00:00
[2024-04-10T00:03:21.056+0000] {processor.py:183} INFO - Processing /home/airflow/.local/lib/python3.8/site-packages/airflow/example_dags/example_branch_labels.py took 0.080 seconds
