[2024-04-10T00:00:32.373+0000] {processor.py:161} INFO - Started process (PID=822) to work on /home/airflow/.local/lib/python3.8/site-packages/airflow/example_dags/example_skip_dag.py
[2024-04-10T00:00:32.375+0000] {processor.py:830} INFO - Processing file /home/airflow/.local/lib/python3.8/site-packages/airflow/example_dags/example_skip_dag.py for tasks to queue
[2024-04-10T00:00:32.377+0000] {logging_mixin.py:188} INFO - [2024-04-10T00:00:32.377+0000] {dagbag.py:540} INFO - Filling up the DagBag from /home/airflow/.local/lib/python3.8/site-packages/airflow/example_dags/example_skip_dag.py
[2024-04-10T00:00:32.385+0000] {processor.py:840} INFO - DAG(s) 'example_skip_dag' retrieved from /home/airflow/.local/lib/python3.8/site-packages/airflow/example_dags/example_skip_dag.py
[2024-04-10T00:00:32.409+0000] {logging_mixin.py:188} INFO - [2024-04-10T00:00:32.409+0000] {dag.py:3047} INFO - Sync 1 DAGs
[2024-04-10T00:00:32.436+0000] {logging_mixin.py:188} INFO - [2024-04-10T00:00:32.436+0000] {dag.py:3834} INFO - Setting next_dagrun for example_skip_dag to 2024-04-09 00:00:00+00:00, run_after=2024-04-10 00:00:00+00:00
[2024-04-10T00:00:32.458+0000] {processor.py:183} INFO - Processing /home/airflow/.local/lib/python3.8/site-packages/airflow/example_dags/example_skip_dag.py took 0.089 seconds
[2024-04-10T00:01:03.006+0000] {processor.py:161} INFO - Started process (PID=880) to work on /home/airflow/.local/lib/python3.8/site-packages/airflow/example_dags/example_skip_dag.py
[2024-04-10T00:01:03.009+0000] {processor.py:830} INFO - Processing file /home/airflow/.local/lib/python3.8/site-packages/airflow/example_dags/example_skip_dag.py for tasks to queue
[2024-04-10T00:01:03.013+0000] {logging_mixin.py:188} INFO - [2024-04-10T00:01:03.012+0000] {dagbag.py:540} INFO - Filling up the DagBag from /home/airflow/.local/lib/python3.8/site-packages/airflow/example_dags/example_skip_dag.py
[2024-04-10T00:01:03.026+0000] {processor.py:840} INFO - DAG(s) 'example_skip_dag' retrieved from /home/airflow/.local/lib/python3.8/site-packages/airflow/example_dags/example_skip_dag.py
[2024-04-10T00:01:03.054+0000] {logging_mixin.py:188} INFO - [2024-04-10T00:01:03.054+0000] {dag.py:3047} INFO - Sync 1 DAGs
[2024-04-10T00:01:03.095+0000] {logging_mixin.py:188} INFO - [2024-04-10T00:01:03.094+0000] {dag.py:3834} INFO - Setting next_dagrun for example_skip_dag to 2024-04-09 00:00:00+00:00, run_after=2024-04-10 00:00:00+00:00
[2024-04-10T00:01:03.134+0000] {processor.py:183} INFO - Processing /home/airflow/.local/lib/python3.8/site-packages/airflow/example_dags/example_skip_dag.py took 0.132 seconds
[2024-04-10T00:01:33.261+0000] {processor.py:161} INFO - Started process (PID=938) to work on /home/airflow/.local/lib/python3.8/site-packages/airflow/example_dags/example_skip_dag.py
[2024-04-10T00:01:33.263+0000] {processor.py:830} INFO - Processing file /home/airflow/.local/lib/python3.8/site-packages/airflow/example_dags/example_skip_dag.py for tasks to queue
[2024-04-10T00:01:33.267+0000] {logging_mixin.py:188} INFO - [2024-04-10T00:01:33.266+0000] {dagbag.py:540} INFO - Filling up the DagBag from /home/airflow/.local/lib/python3.8/site-packages/airflow/example_dags/example_skip_dag.py
[2024-04-10T00:01:33.277+0000] {processor.py:840} INFO - DAG(s) 'example_skip_dag' retrieved from /home/airflow/.local/lib/python3.8/site-packages/airflow/example_dags/example_skip_dag.py
[2024-04-10T00:01:33.310+0000] {logging_mixin.py:188} INFO - [2024-04-10T00:01:33.309+0000] {dag.py:3047} INFO - Sync 1 DAGs
[2024-04-10T00:01:33.345+0000] {logging_mixin.py:188} INFO - [2024-04-10T00:01:33.345+0000] {dag.py:3834} INFO - Setting next_dagrun for example_skip_dag to 2024-04-09 00:00:00+00:00, run_after=2024-04-10 00:00:00+00:00
[2024-04-10T00:01:33.377+0000] {processor.py:183} INFO - Processing /home/airflow/.local/lib/python3.8/site-packages/airflow/example_dags/example_skip_dag.py took 0.122 seconds
[2024-04-10T00:02:04.113+0000] {processor.py:161} INFO - Started process (PID=996) to work on /home/airflow/.local/lib/python3.8/site-packages/airflow/example_dags/example_skip_dag.py
[2024-04-10T00:02:04.114+0000] {processor.py:830} INFO - Processing file /home/airflow/.local/lib/python3.8/site-packages/airflow/example_dags/example_skip_dag.py for tasks to queue
[2024-04-10T00:02:04.116+0000] {logging_mixin.py:188} INFO - [2024-04-10T00:02:04.116+0000] {dagbag.py:540} INFO - Filling up the DagBag from /home/airflow/.local/lib/python3.8/site-packages/airflow/example_dags/example_skip_dag.py
[2024-04-10T00:02:04.123+0000] {processor.py:840} INFO - DAG(s) 'example_skip_dag' retrieved from /home/airflow/.local/lib/python3.8/site-packages/airflow/example_dags/example_skip_dag.py
[2024-04-10T00:02:04.145+0000] {logging_mixin.py:188} INFO - [2024-04-10T00:02:04.145+0000] {dag.py:3047} INFO - Sync 1 DAGs
[2024-04-10T00:02:04.169+0000] {logging_mixin.py:188} INFO - [2024-04-10T00:02:04.169+0000] {dag.py:3834} INFO - Setting next_dagrun for example_skip_dag to 2024-04-09 00:00:00+00:00, run_after=2024-04-10 00:00:00+00:00
[2024-04-10T00:02:04.189+0000] {processor.py:183} INFO - Processing /home/airflow/.local/lib/python3.8/site-packages/airflow/example_dags/example_skip_dag.py took 0.080 seconds
[2024-04-10T00:02:34.947+0000] {processor.py:161} INFO - Started process (PID=1054) to work on /home/airflow/.local/lib/python3.8/site-packages/airflow/example_dags/example_skip_dag.py
[2024-04-10T00:02:34.948+0000] {processor.py:830} INFO - Processing file /home/airflow/.local/lib/python3.8/site-packages/airflow/example_dags/example_skip_dag.py for tasks to queue
[2024-04-10T00:02:34.950+0000] {logging_mixin.py:188} INFO - [2024-04-10T00:02:34.950+0000] {dagbag.py:540} INFO - Filling up the DagBag from /home/airflow/.local/lib/python3.8/site-packages/airflow/example_dags/example_skip_dag.py
[2024-04-10T00:02:34.959+0000] {processor.py:840} INFO - DAG(s) 'example_skip_dag' retrieved from /home/airflow/.local/lib/python3.8/site-packages/airflow/example_dags/example_skip_dag.py
[2024-04-10T00:02:34.983+0000] {logging_mixin.py:188} INFO - [2024-04-10T00:02:34.982+0000] {dag.py:3047} INFO - Sync 1 DAGs
[2024-04-10T00:02:35.007+0000] {logging_mixin.py:188} INFO - [2024-04-10T00:02:35.007+0000] {dag.py:3834} INFO - Setting next_dagrun for example_skip_dag to 2024-04-09 00:00:00+00:00, run_after=2024-04-10 00:00:00+00:00
[2024-04-10T00:02:35.029+0000] {processor.py:183} INFO - Processing /home/airflow/.local/lib/python3.8/site-packages/airflow/example_dags/example_skip_dag.py took 0.086 seconds
[2024-04-10T00:03:05.759+0000] {processor.py:161} INFO - Started process (PID=1112) to work on /home/airflow/.local/lib/python3.8/site-packages/airflow/example_dags/example_skip_dag.py
[2024-04-10T00:03:05.760+0000] {processor.py:830} INFO - Processing file /home/airflow/.local/lib/python3.8/site-packages/airflow/example_dags/example_skip_dag.py for tasks to queue
[2024-04-10T00:03:05.763+0000] {logging_mixin.py:188} INFO - [2024-04-10T00:03:05.762+0000] {dagbag.py:540} INFO - Filling up the DagBag from /home/airflow/.local/lib/python3.8/site-packages/airflow/example_dags/example_skip_dag.py
[2024-04-10T00:03:05.771+0000] {processor.py:840} INFO - DAG(s) 'example_skip_dag' retrieved from /home/airflow/.local/lib/python3.8/site-packages/airflow/example_dags/example_skip_dag.py
[2024-04-10T00:03:05.797+0000] {logging_mixin.py:188} INFO - [2024-04-10T00:03:05.796+0000] {dag.py:3047} INFO - Sync 1 DAGs
[2024-04-10T00:03:05.825+0000] {logging_mixin.py:188} INFO - [2024-04-10T00:03:05.824+0000] {dag.py:3834} INFO - Setting next_dagrun for example_skip_dag to 2024-04-09 00:00:00+00:00, run_after=2024-04-10 00:00:00+00:00
[2024-04-10T00:03:05.848+0000] {processor.py:183} INFO - Processing /home/airflow/.local/lib/python3.8/site-packages/airflow/example_dags/example_skip_dag.py took 0.094 seconds
