[2024-04-10T00:00:19.166+0000] {processor.py:161} INFO - Started process (PID=793) to work on /home/airflow/.local/lib/python3.8/site-packages/airflow/example_dags/example_subdag_operator.py
[2024-04-10T00:00:19.167+0000] {processor.py:830} INFO - Processing file /home/airflow/.local/lib/python3.8/site-packages/airflow/example_dags/example_subdag_operator.py for tasks to queue
[2024-04-10T00:00:19.169+0000] {logging_mixin.py:188} INFO - [2024-04-10T00:00:19.169+0000] {dagbag.py:540} INFO - Filling up the DagBag from /home/airflow/.local/lib/python3.8/site-packages/airflow/example_dags/example_subdag_operator.py
[2024-04-10T00:00:19.203+0000] {processor.py:840} INFO - DAG(s) 'example_subdag_operator.section-1', 'example_subdag_operator.section-2', 'example_subdag_operator' retrieved from /home/airflow/.local/lib/python3.8/site-packages/airflow/example_dags/example_subdag_operator.py
[2024-04-10T00:00:19.222+0000] {logging_mixin.py:188} INFO - [2024-04-10T00:00:19.221+0000] {dag.py:3047} INFO - Sync 3 DAGs
[2024-04-10T00:00:19.247+0000] {logging_mixin.py:188} INFO - [2024-04-10T00:00:19.246+0000] {dag.py:3834} INFO - Setting next_dagrun for example_subdag_operator to 2022-01-01 00:00:00+00:00, run_after=2022-01-01 00:00:00+00:00
[2024-04-10T00:00:19.251+0000] {logging_mixin.py:188} INFO - [2024-04-10T00:00:19.251+0000] {dag.py:3834} INFO - Setting next_dagrun for example_subdag_operator.section-1 to None, run_after=None
[2024-04-10T00:00:19.253+0000] {logging_mixin.py:188} INFO - [2024-04-10T00:00:19.253+0000] {dag.py:3834} INFO - Setting next_dagrun for example_subdag_operator.section-2 to None, run_after=None
[2024-04-10T00:00:19.261+0000] {logging_mixin.py:188} INFO - [2024-04-10T00:00:19.261+0000] {dag.py:3047} INFO - Sync 2 DAGs
[2024-04-10T00:00:19.266+0000] {logging_mixin.py:188} INFO - [2024-04-10T00:00:19.266+0000] {dag.py:3834} INFO - Setting next_dagrun for example_subdag_operator.section-1 to None, run_after=None
[2024-04-10T00:00:19.267+0000] {logging_mixin.py:188} INFO - [2024-04-10T00:00:19.266+0000] {dag.py:3834} INFO - Setting next_dagrun for example_subdag_operator.section-2 to None, run_after=None
[2024-04-10T00:00:19.290+0000] {processor.py:183} INFO - Processing /home/airflow/.local/lib/python3.8/site-packages/airflow/example_dags/example_subdag_operator.py took 0.128 seconds
[2024-04-10T00:00:50.228+0000] {processor.py:161} INFO - Started process (PID=851) to work on /home/airflow/.local/lib/python3.8/site-packages/airflow/example_dags/example_subdag_operator.py
[2024-04-10T00:00:50.230+0000] {processor.py:830} INFO - Processing file /home/airflow/.local/lib/python3.8/site-packages/airflow/example_dags/example_subdag_operator.py for tasks to queue
[2024-04-10T00:00:50.232+0000] {logging_mixin.py:188} INFO - [2024-04-10T00:00:50.232+0000] {dagbag.py:540} INFO - Filling up the DagBag from /home/airflow/.local/lib/python3.8/site-packages/airflow/example_dags/example_subdag_operator.py
[2024-04-10T00:00:50.285+0000] {processor.py:840} INFO - DAG(s) 'example_subdag_operator.section-1', 'example_subdag_operator.section-2', 'example_subdag_operator' retrieved from /home/airflow/.local/lib/python3.8/site-packages/airflow/example_dags/example_subdag_operator.py
[2024-04-10T00:00:50.312+0000] {logging_mixin.py:188} INFO - [2024-04-10T00:00:50.311+0000] {dag.py:3047} INFO - Sync 3 DAGs
[2024-04-10T00:00:50.343+0000] {logging_mixin.py:188} INFO - [2024-04-10T00:00:50.343+0000] {dag.py:3834} INFO - Setting next_dagrun for example_subdag_operator to 2022-01-01 00:00:00+00:00, run_after=2022-01-01 00:00:00+00:00
[2024-04-10T00:00:50.348+0000] {logging_mixin.py:188} INFO - [2024-04-10T00:00:50.348+0000] {dag.py:3834} INFO - Setting next_dagrun for example_subdag_operator.section-1 to None, run_after=None
[2024-04-10T00:00:50.351+0000] {logging_mixin.py:188} INFO - [2024-04-10T00:00:50.350+0000] {dag.py:3834} INFO - Setting next_dagrun for example_subdag_operator.section-2 to None, run_after=None
[2024-04-10T00:00:50.361+0000] {logging_mixin.py:188} INFO - [2024-04-10T00:00:50.361+0000] {dag.py:3047} INFO - Sync 2 DAGs
[2024-04-10T00:00:50.369+0000] {logging_mixin.py:188} INFO - [2024-04-10T00:00:50.368+0000] {dag.py:3834} INFO - Setting next_dagrun for example_subdag_operator.section-1 to None, run_after=None
[2024-04-10T00:00:50.370+0000] {logging_mixin.py:188} INFO - [2024-04-10T00:00:50.369+0000] {dag.py:3834} INFO - Setting next_dagrun for example_subdag_operator.section-2 to None, run_after=None
[2024-04-10T00:00:50.389+0000] {processor.py:183} INFO - Processing /home/airflow/.local/lib/python3.8/site-packages/airflow/example_dags/example_subdag_operator.py took 0.166 seconds
[2024-04-10T00:01:20.713+0000] {processor.py:161} INFO - Started process (PID=915) to work on /home/airflow/.local/lib/python3.8/site-packages/airflow/example_dags/example_subdag_operator.py
[2024-04-10T00:01:20.717+0000] {processor.py:830} INFO - Processing file /home/airflow/.local/lib/python3.8/site-packages/airflow/example_dags/example_subdag_operator.py for tasks to queue
[2024-04-10T00:01:20.720+0000] {logging_mixin.py:188} INFO - [2024-04-10T00:01:20.720+0000] {dagbag.py:540} INFO - Filling up the DagBag from /home/airflow/.local/lib/python3.8/site-packages/airflow/example_dags/example_subdag_operator.py
[2024-04-10T00:01:20.751+0000] {processor.py:840} INFO - DAG(s) 'example_subdag_operator.section-1', 'example_subdag_operator.section-2', 'example_subdag_operator' retrieved from /home/airflow/.local/lib/python3.8/site-packages/airflow/example_dags/example_subdag_operator.py
[2024-04-10T00:01:20.771+0000] {logging_mixin.py:188} INFO - [2024-04-10T00:01:20.770+0000] {dag.py:3047} INFO - Sync 3 DAGs
[2024-04-10T00:01:20.795+0000] {logging_mixin.py:188} INFO - [2024-04-10T00:01:20.795+0000] {dag.py:3834} INFO - Setting next_dagrun for example_subdag_operator to 2022-01-01 00:00:00+00:00, run_after=2022-01-01 00:00:00+00:00
[2024-04-10T00:01:20.800+0000] {logging_mixin.py:188} INFO - [2024-04-10T00:01:20.800+0000] {dag.py:3834} INFO - Setting next_dagrun for example_subdag_operator.section-1 to None, run_after=None
[2024-04-10T00:01:20.802+0000] {logging_mixin.py:188} INFO - [2024-04-10T00:01:20.801+0000] {dag.py:3834} INFO - Setting next_dagrun for example_subdag_operator.section-2 to None, run_after=None
[2024-04-10T00:01:20.809+0000] {logging_mixin.py:188} INFO - [2024-04-10T00:01:20.809+0000] {dag.py:3047} INFO - Sync 2 DAGs
[2024-04-10T00:01:20.815+0000] {logging_mixin.py:188} INFO - [2024-04-10T00:01:20.814+0000] {dag.py:3834} INFO - Setting next_dagrun for example_subdag_operator.section-1 to None, run_after=None
[2024-04-10T00:01:20.815+0000] {logging_mixin.py:188} INFO - [2024-04-10T00:01:20.815+0000] {dag.py:3834} INFO - Setting next_dagrun for example_subdag_operator.section-2 to None, run_after=None
[2024-04-10T00:01:20.839+0000] {processor.py:183} INFO - Processing /home/airflow/.local/lib/python3.8/site-packages/airflow/example_dags/example_subdag_operator.py took 0.131 seconds
[2024-04-10T00:01:51.647+0000] {processor.py:161} INFO - Started process (PID=971) to work on /home/airflow/.local/lib/python3.8/site-packages/airflow/example_dags/example_subdag_operator.py
[2024-04-10T00:01:51.649+0000] {processor.py:830} INFO - Processing file /home/airflow/.local/lib/python3.8/site-packages/airflow/example_dags/example_subdag_operator.py for tasks to queue
[2024-04-10T00:01:51.652+0000] {logging_mixin.py:188} INFO - [2024-04-10T00:01:51.651+0000] {dagbag.py:540} INFO - Filling up the DagBag from /home/airflow/.local/lib/python3.8/site-packages/airflow/example_dags/example_subdag_operator.py
[2024-04-10T00:01:51.683+0000] {processor.py:840} INFO - DAG(s) 'example_subdag_operator.section-1', 'example_subdag_operator.section-2', 'example_subdag_operator' retrieved from /home/airflow/.local/lib/python3.8/site-packages/airflow/example_dags/example_subdag_operator.py
[2024-04-10T00:01:51.703+0000] {logging_mixin.py:188} INFO - [2024-04-10T00:01:51.703+0000] {dag.py:3047} INFO - Sync 3 DAGs
[2024-04-10T00:01:51.733+0000] {logging_mixin.py:188} INFO - [2024-04-10T00:01:51.733+0000] {dag.py:3834} INFO - Setting next_dagrun for example_subdag_operator to 2022-01-01 00:00:00+00:00, run_after=2022-01-01 00:00:00+00:00
[2024-04-10T00:01:51.738+0000] {logging_mixin.py:188} INFO - [2024-04-10T00:01:51.738+0000] {dag.py:3834} INFO - Setting next_dagrun for example_subdag_operator.section-1 to None, run_after=None
[2024-04-10T00:01:51.740+0000] {logging_mixin.py:188} INFO - [2024-04-10T00:01:51.740+0000] {dag.py:3834} INFO - Setting next_dagrun for example_subdag_operator.section-2 to None, run_after=None
[2024-04-10T00:01:51.749+0000] {logging_mixin.py:188} INFO - [2024-04-10T00:01:51.748+0000] {dag.py:3047} INFO - Sync 2 DAGs
[2024-04-10T00:01:51.756+0000] {logging_mixin.py:188} INFO - [2024-04-10T00:01:51.756+0000] {dag.py:3834} INFO - Setting next_dagrun for example_subdag_operator.section-1 to None, run_after=None
[2024-04-10T00:01:51.757+0000] {logging_mixin.py:188} INFO - [2024-04-10T00:01:51.757+0000] {dag.py:3834} INFO - Setting next_dagrun for example_subdag_operator.section-2 to None, run_after=None
[2024-04-10T00:01:51.772+0000] {processor.py:183} INFO - Processing /home/airflow/.local/lib/python3.8/site-packages/airflow/example_dags/example_subdag_operator.py took 0.129 seconds
[2024-04-10T00:02:22.260+0000] {processor.py:161} INFO - Started process (PID=1028) to work on /home/airflow/.local/lib/python3.8/site-packages/airflow/example_dags/example_subdag_operator.py
[2024-04-10T00:02:22.261+0000] {processor.py:830} INFO - Processing file /home/airflow/.local/lib/python3.8/site-packages/airflow/example_dags/example_subdag_operator.py for tasks to queue
[2024-04-10T00:02:22.262+0000] {logging_mixin.py:188} INFO - [2024-04-10T00:02:22.262+0000] {dagbag.py:540} INFO - Filling up the DagBag from /home/airflow/.local/lib/python3.8/site-packages/airflow/example_dags/example_subdag_operator.py
[2024-04-10T00:02:22.286+0000] {processor.py:840} INFO - DAG(s) 'example_subdag_operator.section-1', 'example_subdag_operator.section-2', 'example_subdag_operator' retrieved from /home/airflow/.local/lib/python3.8/site-packages/airflow/example_dags/example_subdag_operator.py
[2024-04-10T00:02:22.301+0000] {logging_mixin.py:188} INFO - [2024-04-10T00:02:22.300+0000] {dag.py:3047} INFO - Sync 3 DAGs
[2024-04-10T00:02:22.322+0000] {logging_mixin.py:188} INFO - [2024-04-10T00:02:22.322+0000] {dag.py:3834} INFO - Setting next_dagrun for example_subdag_operator to 2022-01-01 00:00:00+00:00, run_after=2022-01-01 00:00:00+00:00
[2024-04-10T00:02:22.326+0000] {logging_mixin.py:188} INFO - [2024-04-10T00:02:22.326+0000] {dag.py:3834} INFO - Setting next_dagrun for example_subdag_operator.section-1 to None, run_after=None
[2024-04-10T00:02:22.327+0000] {logging_mixin.py:188} INFO - [2024-04-10T00:02:22.327+0000] {dag.py:3834} INFO - Setting next_dagrun for example_subdag_operator.section-2 to None, run_after=None
[2024-04-10T00:02:22.336+0000] {logging_mixin.py:188} INFO - [2024-04-10T00:02:22.335+0000] {dag.py:3047} INFO - Sync 2 DAGs
[2024-04-10T00:02:22.341+0000] {logging_mixin.py:188} INFO - [2024-04-10T00:02:22.341+0000] {dag.py:3834} INFO - Setting next_dagrun for example_subdag_operator.section-1 to None, run_after=None
[2024-04-10T00:02:22.342+0000] {logging_mixin.py:188} INFO - [2024-04-10T00:02:22.342+0000] {dag.py:3834} INFO - Setting next_dagrun for example_subdag_operator.section-2 to None, run_after=None
[2024-04-10T00:02:22.355+0000] {processor.py:183} INFO - Processing /home/airflow/.local/lib/python3.8/site-packages/airflow/example_dags/example_subdag_operator.py took 0.098 seconds
[2024-04-10T00:02:52.519+0000] {processor.py:161} INFO - Started process (PID=1086) to work on /home/airflow/.local/lib/python3.8/site-packages/airflow/example_dags/example_subdag_operator.py
[2024-04-10T00:02:52.520+0000] {processor.py:830} INFO - Processing file /home/airflow/.local/lib/python3.8/site-packages/airflow/example_dags/example_subdag_operator.py for tasks to queue
[2024-04-10T00:02:52.521+0000] {logging_mixin.py:188} INFO - [2024-04-10T00:02:52.521+0000] {dagbag.py:540} INFO - Filling up the DagBag from /home/airflow/.local/lib/python3.8/site-packages/airflow/example_dags/example_subdag_operator.py
[2024-04-10T00:02:52.549+0000] {processor.py:840} INFO - DAG(s) 'example_subdag_operator.section-1', 'example_subdag_operator.section-2', 'example_subdag_operator' retrieved from /home/airflow/.local/lib/python3.8/site-packages/airflow/example_dags/example_subdag_operator.py
[2024-04-10T00:02:52.569+0000] {logging_mixin.py:188} INFO - [2024-04-10T00:02:52.569+0000] {dag.py:3047} INFO - Sync 3 DAGs
[2024-04-10T00:02:52.597+0000] {logging_mixin.py:188} INFO - [2024-04-10T00:02:52.597+0000] {dag.py:3834} INFO - Setting next_dagrun for example_subdag_operator to 2022-01-01 00:00:00+00:00, run_after=2022-01-01 00:00:00+00:00
[2024-04-10T00:02:52.602+0000] {logging_mixin.py:188} INFO - [2024-04-10T00:02:52.601+0000] {dag.py:3834} INFO - Setting next_dagrun for example_subdag_operator.section-1 to None, run_after=None
[2024-04-10T00:02:52.604+0000] {logging_mixin.py:188} INFO - [2024-04-10T00:02:52.603+0000] {dag.py:3834} INFO - Setting next_dagrun for example_subdag_operator.section-2 to None, run_after=None
[2024-04-10T00:02:52.611+0000] {logging_mixin.py:188} INFO - [2024-04-10T00:02:52.611+0000] {dag.py:3047} INFO - Sync 2 DAGs
[2024-04-10T00:02:52.617+0000] {logging_mixin.py:188} INFO - [2024-04-10T00:02:52.617+0000] {dag.py:3834} INFO - Setting next_dagrun for example_subdag_operator.section-1 to None, run_after=None
[2024-04-10T00:02:52.618+0000] {logging_mixin.py:188} INFO - [2024-04-10T00:02:52.618+0000] {dag.py:3834} INFO - Setting next_dagrun for example_subdag_operator.section-2 to None, run_after=None
[2024-04-10T00:02:52.636+0000] {processor.py:183} INFO - Processing /home/airflow/.local/lib/python3.8/site-packages/airflow/example_dags/example_subdag_operator.py took 0.120 seconds
[2024-04-10T00:03:22.776+0000] {processor.py:161} INFO - Started process (PID=1144) to work on /home/airflow/.local/lib/python3.8/site-packages/airflow/example_dags/example_subdag_operator.py
[2024-04-10T00:03:22.777+0000] {processor.py:830} INFO - Processing file /home/airflow/.local/lib/python3.8/site-packages/airflow/example_dags/example_subdag_operator.py for tasks to queue
[2024-04-10T00:03:22.779+0000] {logging_mixin.py:188} INFO - [2024-04-10T00:03:22.779+0000] {dagbag.py:540} INFO - Filling up the DagBag from /home/airflow/.local/lib/python3.8/site-packages/airflow/example_dags/example_subdag_operator.py
[2024-04-10T00:03:22.803+0000] {processor.py:840} INFO - DAG(s) 'example_subdag_operator.section-1', 'example_subdag_operator.section-2', 'example_subdag_operator' retrieved from /home/airflow/.local/lib/python3.8/site-packages/airflow/example_dags/example_subdag_operator.py
[2024-04-10T00:03:22.821+0000] {logging_mixin.py:188} INFO - [2024-04-10T00:03:22.820+0000] {dag.py:3047} INFO - Sync 3 DAGs
[2024-04-10T00:03:22.844+0000] {logging_mixin.py:188} INFO - [2024-04-10T00:03:22.843+0000] {dag.py:3834} INFO - Setting next_dagrun for example_subdag_operator to 2022-01-01 00:00:00+00:00, run_after=2022-01-01 00:00:00+00:00
[2024-04-10T00:03:22.848+0000] {logging_mixin.py:188} INFO - [2024-04-10T00:03:22.848+0000] {dag.py:3834} INFO - Setting next_dagrun for example_subdag_operator.section-1 to None, run_after=None
[2024-04-10T00:03:22.849+0000] {logging_mixin.py:188} INFO - [2024-04-10T00:03:22.849+0000] {dag.py:3834} INFO - Setting next_dagrun for example_subdag_operator.section-2 to None, run_after=None
[2024-04-10T00:03:22.856+0000] {logging_mixin.py:188} INFO - [2024-04-10T00:03:22.856+0000] {dag.py:3047} INFO - Sync 2 DAGs
[2024-04-10T00:03:22.861+0000] {logging_mixin.py:188} INFO - [2024-04-10T00:03:22.861+0000] {dag.py:3834} INFO - Setting next_dagrun for example_subdag_operator.section-1 to None, run_after=None
[2024-04-10T00:03:22.862+0000] {logging_mixin.py:188} INFO - [2024-04-10T00:03:22.862+0000] {dag.py:3834} INFO - Setting next_dagrun for example_subdag_operator.section-2 to None, run_after=None
[2024-04-10T00:03:22.873+0000] {processor.py:183} INFO - Processing /home/airflow/.local/lib/python3.8/site-packages/airflow/example_dags/example_subdag_operator.py took 0.100 seconds
