[2024-04-10T00:00:14.671+0000] {processor.py:161} INFO - Started process (PID=776) to work on /home/airflow/.local/lib/python3.8/site-packages/airflow/example_dags/example_trigger_target_dag.py
[2024-04-10T00:00:14.672+0000] {processor.py:830} INFO - Processing file /home/airflow/.local/lib/python3.8/site-packages/airflow/example_dags/example_trigger_target_dag.py for tasks to queue
[2024-04-10T00:00:14.674+0000] {logging_mixin.py:188} INFO - [2024-04-10T00:00:14.674+0000] {dagbag.py:540} INFO - Filling up the DagBag from /home/airflow/.local/lib/python3.8/site-packages/airflow/example_dags/example_trigger_target_dag.py
[2024-04-10T00:00:14.682+0000] {processor.py:840} INFO - DAG(s) 'example_trigger_target_dag' retrieved from /home/airflow/.local/lib/python3.8/site-packages/airflow/example_dags/example_trigger_target_dag.py
[2024-04-10T00:00:14.706+0000] {logging_mixin.py:188} INFO - [2024-04-10T00:00:14.706+0000] {dag.py:3047} INFO - Sync 1 DAGs
[2024-04-10T00:00:14.723+0000] {logging_mixin.py:188} INFO - [2024-04-10T00:00:14.723+0000] {dag.py:3834} INFO - Setting next_dagrun for example_trigger_target_dag to None, run_after=None
[2024-04-10T00:00:14.748+0000] {processor.py:183} INFO - Processing /home/airflow/.local/lib/python3.8/site-packages/airflow/example_dags/example_trigger_target_dag.py took 0.081 seconds
[2024-04-10T00:00:45.454+0000] {processor.py:161} INFO - Started process (PID=832) to work on /home/airflow/.local/lib/python3.8/site-packages/airflow/example_dags/example_trigger_target_dag.py
[2024-04-10T00:00:45.457+0000] {processor.py:830} INFO - Processing file /home/airflow/.local/lib/python3.8/site-packages/airflow/example_dags/example_trigger_target_dag.py for tasks to queue
[2024-04-10T00:00:45.468+0000] {logging_mixin.py:188} INFO - [2024-04-10T00:00:45.467+0000] {dagbag.py:540} INFO - Filling up the DagBag from /home/airflow/.local/lib/python3.8/site-packages/airflow/example_dags/example_trigger_target_dag.py
[2024-04-10T00:00:45.487+0000] {processor.py:840} INFO - DAG(s) 'example_trigger_target_dag' retrieved from /home/airflow/.local/lib/python3.8/site-packages/airflow/example_dags/example_trigger_target_dag.py
[2024-04-10T00:00:45.534+0000] {logging_mixin.py:188} INFO - [2024-04-10T00:00:45.534+0000] {dag.py:3047} INFO - Sync 1 DAGs
[2024-04-10T00:00:45.580+0000] {logging_mixin.py:188} INFO - [2024-04-10T00:00:45.580+0000] {dag.py:3834} INFO - Setting next_dagrun for example_trigger_target_dag to None, run_after=None
[2024-04-10T00:00:45.684+0000] {processor.py:183} INFO - Processing /home/airflow/.local/lib/python3.8/site-packages/airflow/example_dags/example_trigger_target_dag.py took 0.240 seconds
[2024-04-10T00:01:16.494+0000] {processor.py:161} INFO - Started process (PID=889) to work on /home/airflow/.local/lib/python3.8/site-packages/airflow/example_dags/example_trigger_target_dag.py
[2024-04-10T00:01:16.497+0000] {processor.py:830} INFO - Processing file /home/airflow/.local/lib/python3.8/site-packages/airflow/example_dags/example_trigger_target_dag.py for tasks to queue
[2024-04-10T00:01:16.502+0000] {logging_mixin.py:188} INFO - [2024-04-10T00:01:16.501+0000] {dagbag.py:540} INFO - Filling up the DagBag from /home/airflow/.local/lib/python3.8/site-packages/airflow/example_dags/example_trigger_target_dag.py
[2024-04-10T00:01:16.520+0000] {processor.py:840} INFO - DAG(s) 'example_trigger_target_dag' retrieved from /home/airflow/.local/lib/python3.8/site-packages/airflow/example_dags/example_trigger_target_dag.py
[2024-04-10T00:01:16.574+0000] {logging_mixin.py:188} INFO - [2024-04-10T00:01:16.573+0000] {dag.py:3047} INFO - Sync 1 DAGs
[2024-04-10T00:01:16.626+0000] {logging_mixin.py:188} INFO - [2024-04-10T00:01:16.625+0000] {dag.py:3834} INFO - Setting next_dagrun for example_trigger_target_dag to None, run_after=None
[2024-04-10T00:01:16.698+0000] {processor.py:183} INFO - Processing /home/airflow/.local/lib/python3.8/site-packages/airflow/example_dags/example_trigger_target_dag.py took 0.211 seconds
[2024-04-10T00:01:46.746+0000] {processor.py:161} INFO - Started process (PID=947) to work on /home/airflow/.local/lib/python3.8/site-packages/airflow/example_dags/example_trigger_target_dag.py
[2024-04-10T00:01:46.747+0000] {processor.py:830} INFO - Processing file /home/airflow/.local/lib/python3.8/site-packages/airflow/example_dags/example_trigger_target_dag.py for tasks to queue
[2024-04-10T00:01:46.748+0000] {logging_mixin.py:188} INFO - [2024-04-10T00:01:46.748+0000] {dagbag.py:540} INFO - Filling up the DagBag from /home/airflow/.local/lib/python3.8/site-packages/airflow/example_dags/example_trigger_target_dag.py
[2024-04-10T00:01:46.754+0000] {processor.py:840} INFO - DAG(s) 'example_trigger_target_dag' retrieved from /home/airflow/.local/lib/python3.8/site-packages/airflow/example_dags/example_trigger_target_dag.py
[2024-04-10T00:01:46.773+0000] {logging_mixin.py:188} INFO - [2024-04-10T00:01:46.773+0000] {dag.py:3047} INFO - Sync 1 DAGs
[2024-04-10T00:01:46.785+0000] {logging_mixin.py:188} INFO - [2024-04-10T00:01:46.785+0000] {dag.py:3834} INFO - Setting next_dagrun for example_trigger_target_dag to None, run_after=None
[2024-04-10T00:01:46.811+0000] {processor.py:183} INFO - Processing /home/airflow/.local/lib/python3.8/site-packages/airflow/example_dags/example_trigger_target_dag.py took 0.068 seconds
[2024-04-10T00:02:17.132+0000] {processor.py:161} INFO - Started process (PID=1005) to work on /home/airflow/.local/lib/python3.8/site-packages/airflow/example_dags/example_trigger_target_dag.py
[2024-04-10T00:02:17.134+0000] {processor.py:830} INFO - Processing file /home/airflow/.local/lib/python3.8/site-packages/airflow/example_dags/example_trigger_target_dag.py for tasks to queue
[2024-04-10T00:02:17.136+0000] {logging_mixin.py:188} INFO - [2024-04-10T00:02:17.136+0000] {dagbag.py:540} INFO - Filling up the DagBag from /home/airflow/.local/lib/python3.8/site-packages/airflow/example_dags/example_trigger_target_dag.py
[2024-04-10T00:02:17.144+0000] {processor.py:840} INFO - DAG(s) 'example_trigger_target_dag' retrieved from /home/airflow/.local/lib/python3.8/site-packages/airflow/example_dags/example_trigger_target_dag.py
[2024-04-10T00:02:17.166+0000] {logging_mixin.py:188} INFO - [2024-04-10T00:02:17.166+0000] {dag.py:3047} INFO - Sync 1 DAGs
[2024-04-10T00:02:17.180+0000] {logging_mixin.py:188} INFO - [2024-04-10T00:02:17.180+0000] {dag.py:3834} INFO - Setting next_dagrun for example_trigger_target_dag to None, run_after=None
[2024-04-10T00:02:17.203+0000] {processor.py:183} INFO - Processing /home/airflow/.local/lib/python3.8/site-packages/airflow/example_dags/example_trigger_target_dag.py took 0.074 seconds
[2024-04-10T00:02:47.313+0000] {processor.py:161} INFO - Started process (PID=1063) to work on /home/airflow/.local/lib/python3.8/site-packages/airflow/example_dags/example_trigger_target_dag.py
[2024-04-10T00:02:47.314+0000] {processor.py:830} INFO - Processing file /home/airflow/.local/lib/python3.8/site-packages/airflow/example_dags/example_trigger_target_dag.py for tasks to queue
[2024-04-10T00:02:47.316+0000] {logging_mixin.py:188} INFO - [2024-04-10T00:02:47.316+0000] {dagbag.py:540} INFO - Filling up the DagBag from /home/airflow/.local/lib/python3.8/site-packages/airflow/example_dags/example_trigger_target_dag.py
[2024-04-10T00:02:47.322+0000] {processor.py:840} INFO - DAG(s) 'example_trigger_target_dag' retrieved from /home/airflow/.local/lib/python3.8/site-packages/airflow/example_dags/example_trigger_target_dag.py
[2024-04-10T00:02:47.340+0000] {logging_mixin.py:188} INFO - [2024-04-10T00:02:47.340+0000] {dag.py:3047} INFO - Sync 1 DAGs
[2024-04-10T00:02:47.352+0000] {logging_mixin.py:188} INFO - [2024-04-10T00:02:47.352+0000] {dag.py:3834} INFO - Setting next_dagrun for example_trigger_target_dag to None, run_after=None
[2024-04-10T00:02:47.370+0000] {processor.py:183} INFO - Processing /home/airflow/.local/lib/python3.8/site-packages/airflow/example_dags/example_trigger_target_dag.py took 0.060 seconds
[2024-04-10T00:03:17.542+0000] {processor.py:161} INFO - Started process (PID=1121) to work on /home/airflow/.local/lib/python3.8/site-packages/airflow/example_dags/example_trigger_target_dag.py
[2024-04-10T00:03:17.543+0000] {processor.py:830} INFO - Processing file /home/airflow/.local/lib/python3.8/site-packages/airflow/example_dags/example_trigger_target_dag.py for tasks to queue
[2024-04-10T00:03:17.545+0000] {logging_mixin.py:188} INFO - [2024-04-10T00:03:17.544+0000] {dagbag.py:540} INFO - Filling up the DagBag from /home/airflow/.local/lib/python3.8/site-packages/airflow/example_dags/example_trigger_target_dag.py
[2024-04-10T00:03:17.550+0000] {processor.py:840} INFO - DAG(s) 'example_trigger_target_dag' retrieved from /home/airflow/.local/lib/python3.8/site-packages/airflow/example_dags/example_trigger_target_dag.py
[2024-04-10T00:03:17.568+0000] {logging_mixin.py:188} INFO - [2024-04-10T00:03:17.568+0000] {dag.py:3047} INFO - Sync 1 DAGs
[2024-04-10T00:03:17.580+0000] {logging_mixin.py:188} INFO - [2024-04-10T00:03:17.580+0000] {dag.py:3834} INFO - Setting next_dagrun for example_trigger_target_dag to None, run_after=None
[2024-04-10T00:03:17.598+0000] {processor.py:183} INFO - Processing /home/airflow/.local/lib/python3.8/site-packages/airflow/example_dags/example_trigger_target_dag.py took 0.059 seconds
