[2024-04-10T00:00:22.446+0000] {processor.py:161} INFO - Started process (PID=809) to work on /home/airflow/.local/lib/python3.8/site-packages/airflow/example_dags/example_task_group_decorator.py
[2024-04-10T00:00:22.447+0000] {processor.py:830} INFO - Processing file /home/airflow/.local/lib/python3.8/site-packages/airflow/example_dags/example_task_group_decorator.py for tasks to queue
[2024-04-10T00:00:22.449+0000] {logging_mixin.py:188} INFO - [2024-04-10T00:00:22.449+0000] {dagbag.py:540} INFO - Filling up the DagBag from /home/airflow/.local/lib/python3.8/site-packages/airflow/example_dags/example_task_group_decorator.py
[2024-04-10T00:00:22.466+0000] {processor.py:840} INFO - DAG(s) 'example_task_group_decorator' retrieved from /home/airflow/.local/lib/python3.8/site-packages/airflow/example_dags/example_task_group_decorator.py
[2024-04-10T00:00:22.495+0000] {logging_mixin.py:188} INFO - [2024-04-10T00:00:22.494+0000] {dag.py:3047} INFO - Sync 1 DAGs
[2024-04-10T00:00:22.525+0000] {logging_mixin.py:188} INFO - [2024-04-10T00:00:22.525+0000] {dag.py:3834} INFO - Setting next_dagrun for example_task_group_decorator to 2024-04-09 00:00:00+00:00, run_after=2024-04-10 00:00:00+00:00
[2024-04-10T00:00:22.662+0000] {processor.py:183} INFO - Processing /home/airflow/.local/lib/python3.8/site-packages/airflow/example_dags/example_task_group_decorator.py took 0.220 seconds
[2024-04-10T00:00:52.981+0000] {processor.py:161} INFO - Started process (PID=867) to work on /home/airflow/.local/lib/python3.8/site-packages/airflow/example_dags/example_task_group_decorator.py
[2024-04-10T00:00:52.983+0000] {processor.py:830} INFO - Processing file /home/airflow/.local/lib/python3.8/site-packages/airflow/example_dags/example_task_group_decorator.py for tasks to queue
[2024-04-10T00:00:52.986+0000] {logging_mixin.py:188} INFO - [2024-04-10T00:00:52.985+0000] {dagbag.py:540} INFO - Filling up the DagBag from /home/airflow/.local/lib/python3.8/site-packages/airflow/example_dags/example_task_group_decorator.py
[2024-04-10T00:00:53.005+0000] {processor.py:840} INFO - DAG(s) 'example_task_group_decorator' retrieved from /home/airflow/.local/lib/python3.8/site-packages/airflow/example_dags/example_task_group_decorator.py
[2024-04-10T00:00:53.036+0000] {logging_mixin.py:188} INFO - [2024-04-10T00:00:53.036+0000] {dag.py:3047} INFO - Sync 1 DAGs
[2024-04-10T00:00:53.068+0000] {logging_mixin.py:188} INFO - [2024-04-10T00:00:53.068+0000] {dag.py:3834} INFO - Setting next_dagrun for example_task_group_decorator to 2024-04-09 00:00:00+00:00, run_after=2024-04-10 00:00:00+00:00
[2024-04-10T00:00:53.104+0000] {processor.py:183} INFO - Processing /home/airflow/.local/lib/python3.8/site-packages/airflow/example_dags/example_task_group_decorator.py took 0.128 seconds
[2024-04-10T00:01:23.416+0000] {processor.py:161} INFO - Started process (PID=925) to work on /home/airflow/.local/lib/python3.8/site-packages/airflow/example_dags/example_task_group_decorator.py
[2024-04-10T00:01:23.425+0000] {processor.py:830} INFO - Processing file /home/airflow/.local/lib/python3.8/site-packages/airflow/example_dags/example_task_group_decorator.py for tasks to queue
[2024-04-10T00:01:23.427+0000] {logging_mixin.py:188} INFO - [2024-04-10T00:01:23.426+0000] {dagbag.py:540} INFO - Filling up the DagBag from /home/airflow/.local/lib/python3.8/site-packages/airflow/example_dags/example_task_group_decorator.py
[2024-04-10T00:01:23.440+0000] {processor.py:840} INFO - DAG(s) 'example_task_group_decorator' retrieved from /home/airflow/.local/lib/python3.8/site-packages/airflow/example_dags/example_task_group_decorator.py
[2024-04-10T00:01:23.469+0000] {logging_mixin.py:188} INFO - [2024-04-10T00:01:23.469+0000] {dag.py:3047} INFO - Sync 1 DAGs
[2024-04-10T00:01:23.491+0000] {logging_mixin.py:188} INFO - [2024-04-10T00:01:23.491+0000] {dag.py:3834} INFO - Setting next_dagrun for example_task_group_decorator to 2024-04-09 00:00:00+00:00, run_after=2024-04-10 00:00:00+00:00
[2024-04-10T00:01:23.523+0000] {processor.py:183} INFO - Processing /home/airflow/.local/lib/python3.8/site-packages/airflow/example_dags/example_task_group_decorator.py took 0.110 seconds
[2024-04-10T00:01:54.326+0000] {processor.py:161} INFO - Started process (PID=983) to work on /home/airflow/.local/lib/python3.8/site-packages/airflow/example_dags/example_task_group_decorator.py
[2024-04-10T00:01:54.328+0000] {processor.py:830} INFO - Processing file /home/airflow/.local/lib/python3.8/site-packages/airflow/example_dags/example_task_group_decorator.py for tasks to queue
[2024-04-10T00:01:54.331+0000] {logging_mixin.py:188} INFO - [2024-04-10T00:01:54.330+0000] {dagbag.py:540} INFO - Filling up the DagBag from /home/airflow/.local/lib/python3.8/site-packages/airflow/example_dags/example_task_group_decorator.py
[2024-04-10T00:01:54.355+0000] {processor.py:840} INFO - DAG(s) 'example_task_group_decorator' retrieved from /home/airflow/.local/lib/python3.8/site-packages/airflow/example_dags/example_task_group_decorator.py
[2024-04-10T00:01:54.403+0000] {logging_mixin.py:188} INFO - [2024-04-10T00:01:54.403+0000] {dag.py:3047} INFO - Sync 1 DAGs
[2024-04-10T00:01:54.443+0000] {logging_mixin.py:188} INFO - [2024-04-10T00:01:54.443+0000] {dag.py:3834} INFO - Setting next_dagrun for example_task_group_decorator to 2024-04-09 00:00:00+00:00, run_after=2024-04-10 00:00:00+00:00
[2024-04-10T00:01:54.476+0000] {processor.py:183} INFO - Processing /home/airflow/.local/lib/python3.8/site-packages/airflow/example_dags/example_task_group_decorator.py took 0.156 seconds
[2024-04-10T00:02:25.149+0000] {processor.py:161} INFO - Started process (PID=1039) to work on /home/airflow/.local/lib/python3.8/site-packages/airflow/example_dags/example_task_group_decorator.py
[2024-04-10T00:02:25.150+0000] {processor.py:830} INFO - Processing file /home/airflow/.local/lib/python3.8/site-packages/airflow/example_dags/example_task_group_decorator.py for tasks to queue
[2024-04-10T00:02:25.152+0000] {logging_mixin.py:188} INFO - [2024-04-10T00:02:25.152+0000] {dagbag.py:540} INFO - Filling up the DagBag from /home/airflow/.local/lib/python3.8/site-packages/airflow/example_dags/example_task_group_decorator.py
[2024-04-10T00:02:25.167+0000] {processor.py:840} INFO - DAG(s) 'example_task_group_decorator' retrieved from /home/airflow/.local/lib/python3.8/site-packages/airflow/example_dags/example_task_group_decorator.py
[2024-04-10T00:02:25.193+0000] {logging_mixin.py:188} INFO - [2024-04-10T00:02:25.193+0000] {dag.py:3047} INFO - Sync 1 DAGs
[2024-04-10T00:02:25.217+0000] {logging_mixin.py:188} INFO - [2024-04-10T00:02:25.216+0000] {dag.py:3834} INFO - Setting next_dagrun for example_task_group_decorator to 2024-04-09 00:00:00+00:00, run_after=2024-04-10 00:00:00+00:00
[2024-04-10T00:02:25.238+0000] {processor.py:183} INFO - Processing /home/airflow/.local/lib/python3.8/site-packages/airflow/example_dags/example_task_group_decorator.py took 0.092 seconds
[2024-04-10T00:02:56.043+0000] {processor.py:161} INFO - Started process (PID=1096) to work on /home/airflow/.local/lib/python3.8/site-packages/airflow/example_dags/example_task_group_decorator.py
[2024-04-10T00:02:56.044+0000] {processor.py:830} INFO - Processing file /home/airflow/.local/lib/python3.8/site-packages/airflow/example_dags/example_task_group_decorator.py for tasks to queue
[2024-04-10T00:02:56.045+0000] {logging_mixin.py:188} INFO - [2024-04-10T00:02:56.045+0000] {dagbag.py:540} INFO - Filling up the DagBag from /home/airflow/.local/lib/python3.8/site-packages/airflow/example_dags/example_task_group_decorator.py
[2024-04-10T00:02:56.060+0000] {processor.py:840} INFO - DAG(s) 'example_task_group_decorator' retrieved from /home/airflow/.local/lib/python3.8/site-packages/airflow/example_dags/example_task_group_decorator.py
[2024-04-10T00:02:56.083+0000] {logging_mixin.py:188} INFO - [2024-04-10T00:02:56.083+0000] {dag.py:3047} INFO - Sync 1 DAGs
[2024-04-10T00:02:56.103+0000] {logging_mixin.py:188} INFO - [2024-04-10T00:02:56.103+0000] {dag.py:3834} INFO - Setting next_dagrun for example_task_group_decorator to 2024-04-09 00:00:00+00:00, run_after=2024-04-10 00:00:00+00:00
[2024-04-10T00:02:56.121+0000] {processor.py:183} INFO - Processing /home/airflow/.local/lib/python3.8/site-packages/airflow/example_dags/example_task_group_decorator.py took 0.081 seconds
[2024-04-10T00:03:26.256+0000] {processor.py:161} INFO - Started process (PID=1154) to work on /home/airflow/.local/lib/python3.8/site-packages/airflow/example_dags/example_task_group_decorator.py
[2024-04-10T00:03:26.257+0000] {processor.py:830} INFO - Processing file /home/airflow/.local/lib/python3.8/site-packages/airflow/example_dags/example_task_group_decorator.py for tasks to queue
[2024-04-10T00:03:26.258+0000] {logging_mixin.py:188} INFO - [2024-04-10T00:03:26.258+0000] {dagbag.py:540} INFO - Filling up the DagBag from /home/airflow/.local/lib/python3.8/site-packages/airflow/example_dags/example_task_group_decorator.py
[2024-04-10T00:03:26.272+0000] {processor.py:840} INFO - DAG(s) 'example_task_group_decorator' retrieved from /home/airflow/.local/lib/python3.8/site-packages/airflow/example_dags/example_task_group_decorator.py
[2024-04-10T00:03:26.296+0000] {logging_mixin.py:188} INFO - [2024-04-10T00:03:26.296+0000] {dag.py:3047} INFO - Sync 1 DAGs
[2024-04-10T00:03:26.317+0000] {logging_mixin.py:188} INFO - [2024-04-10T00:03:26.317+0000] {dag.py:3834} INFO - Setting next_dagrun for example_task_group_decorator to 2024-04-09 00:00:00+00:00, run_after=2024-04-10 00:00:00+00:00
[2024-04-10T00:03:26.335+0000] {processor.py:183} INFO - Processing /home/airflow/.local/lib/python3.8/site-packages/airflow/example_dags/example_task_group_decorator.py took 0.082 seconds
