[2024-04-10T00:00:32.318+0000] {processor.py:161} INFO - Started process (PID=821) to work on /home/airflow/.local/lib/python3.8/site-packages/airflow/example_dags/example_external_task_marker_dag.py
[2024-04-10T00:00:32.319+0000] {processor.py:830} INFO - Processing file /home/airflow/.local/lib/python3.8/site-packages/airflow/example_dags/example_external_task_marker_dag.py for tasks to queue
[2024-04-10T00:00:32.321+0000] {logging_mixin.py:188} INFO - [2024-04-10T00:00:32.321+0000] {dagbag.py:540} INFO - Filling up the DagBag from /home/airflow/.local/lib/python3.8/site-packages/airflow/example_dags/example_external_task_marker_dag.py
[2024-04-10T00:00:32.328+0000] {processor.py:840} INFO - DAG(s) 'example_external_task_marker_parent', 'example_external_task_marker_child' retrieved from /home/airflow/.local/lib/python3.8/site-packages/airflow/example_dags/example_external_task_marker_dag.py
[2024-04-10T00:00:32.355+0000] {logging_mixin.py:188} INFO - [2024-04-10T00:00:32.355+0000] {dag.py:3047} INFO - Sync 2 DAGs
[2024-04-10T00:00:32.371+0000] {logging_mixin.py:188} INFO - [2024-04-10T00:00:32.370+0000] {dag.py:3834} INFO - Setting next_dagrun for example_external_task_marker_child to None, run_after=None
[2024-04-10T00:00:32.375+0000] {logging_mixin.py:188} INFO - [2024-04-10T00:00:32.375+0000] {dag.py:3834} INFO - Setting next_dagrun for example_external_task_marker_parent to None, run_after=None
[2024-04-10T00:00:32.394+0000] {processor.py:183} INFO - Processing /home/airflow/.local/lib/python3.8/site-packages/airflow/example_dags/example_external_task_marker_dag.py took 0.081 seconds
[2024-04-10T00:01:02.881+0000] {processor.py:161} INFO - Started process (PID=879) to work on /home/airflow/.local/lib/python3.8/site-packages/airflow/example_dags/example_external_task_marker_dag.py
[2024-04-10T00:01:02.883+0000] {processor.py:830} INFO - Processing file /home/airflow/.local/lib/python3.8/site-packages/airflow/example_dags/example_external_task_marker_dag.py for tasks to queue
[2024-04-10T00:01:02.888+0000] {logging_mixin.py:188} INFO - [2024-04-10T00:01:02.887+0000] {dagbag.py:540} INFO - Filling up the DagBag from /home/airflow/.local/lib/python3.8/site-packages/airflow/example_dags/example_external_task_marker_dag.py
[2024-04-10T00:01:02.896+0000] {processor.py:840} INFO - DAG(s) 'example_external_task_marker_parent', 'example_external_task_marker_child' retrieved from /home/airflow/.local/lib/python3.8/site-packages/airflow/example_dags/example_external_task_marker_dag.py
[2024-04-10T00:01:02.946+0000] {logging_mixin.py:188} INFO - [2024-04-10T00:01:02.945+0000] {dag.py:3047} INFO - Sync 2 DAGs
[2024-04-10T00:01:02.971+0000] {logging_mixin.py:188} INFO - [2024-04-10T00:01:02.971+0000] {dag.py:3834} INFO - Setting next_dagrun for example_external_task_marker_child to None, run_after=None
[2024-04-10T00:01:02.981+0000] {logging_mixin.py:188} INFO - [2024-04-10T00:01:02.980+0000] {dag.py:3834} INFO - Setting next_dagrun for example_external_task_marker_parent to None, run_after=None
[2024-04-10T00:01:03.011+0000] {processor.py:183} INFO - Processing /home/airflow/.local/lib/python3.8/site-packages/airflow/example_dags/example_external_task_marker_dag.py took 0.134 seconds
[2024-04-10T00:01:33.137+0000] {processor.py:161} INFO - Started process (PID=937) to work on /home/airflow/.local/lib/python3.8/site-packages/airflow/example_dags/example_external_task_marker_dag.py
[2024-04-10T00:01:33.139+0000] {processor.py:830} INFO - Processing file /home/airflow/.local/lib/python3.8/site-packages/airflow/example_dags/example_external_task_marker_dag.py for tasks to queue
[2024-04-10T00:01:33.142+0000] {logging_mixin.py:188} INFO - [2024-04-10T00:01:33.142+0000] {dagbag.py:540} INFO - Filling up the DagBag from /home/airflow/.local/lib/python3.8/site-packages/airflow/example_dags/example_external_task_marker_dag.py
[2024-04-10T00:01:33.151+0000] {processor.py:840} INFO - DAG(s) 'example_external_task_marker_child', 'example_external_task_marker_parent' retrieved from /home/airflow/.local/lib/python3.8/site-packages/airflow/example_dags/example_external_task_marker_dag.py
[2024-04-10T00:01:33.190+0000] {logging_mixin.py:188} INFO - [2024-04-10T00:01:33.190+0000] {dag.py:3047} INFO - Sync 2 DAGs
[2024-04-10T00:01:33.211+0000] {logging_mixin.py:188} INFO - [2024-04-10T00:01:33.211+0000] {dag.py:3834} INFO - Setting next_dagrun for example_external_task_marker_child to None, run_after=None
[2024-04-10T00:01:33.217+0000] {logging_mixin.py:188} INFO - [2024-04-10T00:01:33.216+0000] {dag.py:3834} INFO - Setting next_dagrun for example_external_task_marker_parent to None, run_after=None
[2024-04-10T00:01:33.250+0000] {processor.py:183} INFO - Processing /home/airflow/.local/lib/python3.8/site-packages/airflow/example_dags/example_external_task_marker_dag.py took 0.119 seconds
[2024-04-10T00:02:04.017+0000] {processor.py:161} INFO - Started process (PID=995) to work on /home/airflow/.local/lib/python3.8/site-packages/airflow/example_dags/example_external_task_marker_dag.py
[2024-04-10T00:02:04.018+0000] {processor.py:830} INFO - Processing file /home/airflow/.local/lib/python3.8/site-packages/airflow/example_dags/example_external_task_marker_dag.py for tasks to queue
[2024-04-10T00:02:04.020+0000] {logging_mixin.py:188} INFO - [2024-04-10T00:02:04.020+0000] {dagbag.py:540} INFO - Filling up the DagBag from /home/airflow/.local/lib/python3.8/site-packages/airflow/example_dags/example_external_task_marker_dag.py
[2024-04-10T00:02:04.026+0000] {processor.py:840} INFO - DAG(s) 'example_external_task_marker_parent', 'example_external_task_marker_child' retrieved from /home/airflow/.local/lib/python3.8/site-packages/airflow/example_dags/example_external_task_marker_dag.py
[2024-04-10T00:02:04.054+0000] {logging_mixin.py:188} INFO - [2024-04-10T00:02:04.053+0000] {dag.py:3047} INFO - Sync 2 DAGs
[2024-04-10T00:02:04.067+0000] {logging_mixin.py:188} INFO - [2024-04-10T00:02:04.067+0000] {dag.py:3834} INFO - Setting next_dagrun for example_external_task_marker_child to None, run_after=None
[2024-04-10T00:02:04.071+0000] {logging_mixin.py:188} INFO - [2024-04-10T00:02:04.071+0000] {dag.py:3834} INFO - Setting next_dagrun for example_external_task_marker_parent to None, run_after=None
[2024-04-10T00:02:04.090+0000] {processor.py:183} INFO - Processing /home/airflow/.local/lib/python3.8/site-packages/airflow/example_dags/example_external_task_marker_dag.py took 0.077 seconds
[2024-04-10T00:02:34.861+0000] {processor.py:161} INFO - Started process (PID=1053) to work on /home/airflow/.local/lib/python3.8/site-packages/airflow/example_dags/example_external_task_marker_dag.py
[2024-04-10T00:02:34.862+0000] {processor.py:830} INFO - Processing file /home/airflow/.local/lib/python3.8/site-packages/airflow/example_dags/example_external_task_marker_dag.py for tasks to queue
[2024-04-10T00:02:34.865+0000] {logging_mixin.py:188} INFO - [2024-04-10T00:02:34.864+0000] {dagbag.py:540} INFO - Filling up the DagBag from /home/airflow/.local/lib/python3.8/site-packages/airflow/example_dags/example_external_task_marker_dag.py
[2024-04-10T00:02:34.872+0000] {processor.py:840} INFO - DAG(s) 'example_external_task_marker_child', 'example_external_task_marker_parent' retrieved from /home/airflow/.local/lib/python3.8/site-packages/airflow/example_dags/example_external_task_marker_dag.py
[2024-04-10T00:02:34.897+0000] {logging_mixin.py:188} INFO - [2024-04-10T00:02:34.897+0000] {dag.py:3047} INFO - Sync 2 DAGs
[2024-04-10T00:02:34.912+0000] {logging_mixin.py:188} INFO - [2024-04-10T00:02:34.912+0000] {dag.py:3834} INFO - Setting next_dagrun for example_external_task_marker_child to None, run_after=None
[2024-04-10T00:02:34.916+0000] {logging_mixin.py:188} INFO - [2024-04-10T00:02:34.916+0000] {dag.py:3834} INFO - Setting next_dagrun for example_external_task_marker_parent to None, run_after=None
[2024-04-10T00:02:34.935+0000] {processor.py:183} INFO - Processing /home/airflow/.local/lib/python3.8/site-packages/airflow/example_dags/example_external_task_marker_dag.py took 0.079 seconds
[2024-04-10T00:03:05.659+0000] {processor.py:161} INFO - Started process (PID=1111) to work on /home/airflow/.local/lib/python3.8/site-packages/airflow/example_dags/example_external_task_marker_dag.py
[2024-04-10T00:03:05.660+0000] {processor.py:830} INFO - Processing file /home/airflow/.local/lib/python3.8/site-packages/airflow/example_dags/example_external_task_marker_dag.py for tasks to queue
[2024-04-10T00:03:05.662+0000] {logging_mixin.py:188} INFO - [2024-04-10T00:03:05.662+0000] {dagbag.py:540} INFO - Filling up the DagBag from /home/airflow/.local/lib/python3.8/site-packages/airflow/example_dags/example_external_task_marker_dag.py
[2024-04-10T00:03:05.670+0000] {processor.py:840} INFO - DAG(s) 'example_external_task_marker_parent', 'example_external_task_marker_child' retrieved from /home/airflow/.local/lib/python3.8/site-packages/airflow/example_dags/example_external_task_marker_dag.py
[2024-04-10T00:03:05.698+0000] {logging_mixin.py:188} INFO - [2024-04-10T00:03:05.698+0000] {dag.py:3047} INFO - Sync 2 DAGs
[2024-04-10T00:03:05.713+0000] {logging_mixin.py:188} INFO - [2024-04-10T00:03:05.712+0000] {dag.py:3834} INFO - Setting next_dagrun for example_external_task_marker_child to None, run_after=None
[2024-04-10T00:03:05.717+0000] {logging_mixin.py:188} INFO - [2024-04-10T00:03:05.717+0000] {dag.py:3834} INFO - Setting next_dagrun for example_external_task_marker_parent to None, run_after=None
[2024-04-10T00:03:05.740+0000] {processor.py:183} INFO - Processing /home/airflow/.local/lib/python3.8/site-packages/airflow/example_dags/example_external_task_marker_dag.py took 0.086 seconds
