[2024-04-10T00:00:17.330+0000] {processor.py:161} INFO - Started process (PID=788) to work on /home/airflow/.local/lib/python3.8/site-packages/airflow/example_dags/example_short_circuit_operator.py
[2024-04-10T00:00:17.331+0000] {processor.py:830} INFO - Processing file /home/airflow/.local/lib/python3.8/site-packages/airflow/example_dags/example_short_circuit_operator.py for tasks to queue
[2024-04-10T00:00:17.334+0000] {logging_mixin.py:188} INFO - [2024-04-10T00:00:17.333+0000] {dagbag.py:540} INFO - Filling up the DagBag from /home/airflow/.local/lib/python3.8/site-packages/airflow/example_dags/example_short_circuit_operator.py
[2024-04-10T00:00:17.343+0000] {processor.py:840} INFO - DAG(s) 'example_short_circuit_operator' retrieved from /home/airflow/.local/lib/python3.8/site-packages/airflow/example_dags/example_short_circuit_operator.py
[2024-04-10T00:00:17.369+0000] {logging_mixin.py:188} INFO - [2024-04-10T00:00:17.369+0000] {dag.py:3047} INFO - Sync 1 DAGs
[2024-04-10T00:00:17.393+0000] {logging_mixin.py:188} INFO - [2024-04-10T00:00:17.393+0000] {dag.py:3834} INFO - Setting next_dagrun for example_short_circuit_operator to 2024-04-09 00:00:00+00:00, run_after=2024-04-10 00:00:00+00:00
[2024-04-10T00:00:17.414+0000] {processor.py:183} INFO - Processing /home/airflow/.local/lib/python3.8/site-packages/airflow/example_dags/example_short_circuit_operator.py took 0.088 seconds
[2024-04-10T00:00:47.789+0000] {processor.py:161} INFO - Started process (PID=846) to work on /home/airflow/.local/lib/python3.8/site-packages/airflow/example_dags/example_short_circuit_operator.py
[2024-04-10T00:00:47.790+0000] {processor.py:830} INFO - Processing file /home/airflow/.local/lib/python3.8/site-packages/airflow/example_dags/example_short_circuit_operator.py for tasks to queue
[2024-04-10T00:00:47.793+0000] {logging_mixin.py:188} INFO - [2024-04-10T00:00:47.792+0000] {dagbag.py:540} INFO - Filling up the DagBag from /home/airflow/.local/lib/python3.8/site-packages/airflow/example_dags/example_short_circuit_operator.py
[2024-04-10T00:00:47.803+0000] {processor.py:840} INFO - DAG(s) 'example_short_circuit_operator' retrieved from /home/airflow/.local/lib/python3.8/site-packages/airflow/example_dags/example_short_circuit_operator.py
[2024-04-10T00:00:47.835+0000] {logging_mixin.py:188} INFO - [2024-04-10T00:00:47.834+0000] {dag.py:3047} INFO - Sync 1 DAGs
[2024-04-10T00:00:47.865+0000] {logging_mixin.py:188} INFO - [2024-04-10T00:00:47.864+0000] {dag.py:3834} INFO - Setting next_dagrun for example_short_circuit_operator to 2024-04-09 00:00:00+00:00, run_after=2024-04-10 00:00:00+00:00
[2024-04-10T00:00:47.890+0000] {processor.py:183} INFO - Processing /home/airflow/.local/lib/python3.8/site-packages/airflow/example_dags/example_short_circuit_operator.py took 0.106 seconds
[2024-04-10T00:01:19.562+0000] {processor.py:161} INFO - Started process (PID=902) to work on /home/airflow/.local/lib/python3.8/site-packages/airflow/example_dags/example_short_circuit_operator.py
[2024-04-10T00:01:19.564+0000] {processor.py:830} INFO - Processing file /home/airflow/.local/lib/python3.8/site-packages/airflow/example_dags/example_short_circuit_operator.py for tasks to queue
[2024-04-10T00:01:19.567+0000] {logging_mixin.py:188} INFO - [2024-04-10T00:01:19.566+0000] {dagbag.py:540} INFO - Filling up the DagBag from /home/airflow/.local/lib/python3.8/site-packages/airflow/example_dags/example_short_circuit_operator.py
[2024-04-10T00:01:19.575+0000] {processor.py:840} INFO - DAG(s) 'example_short_circuit_operator' retrieved from /home/airflow/.local/lib/python3.8/site-packages/airflow/example_dags/example_short_circuit_operator.py
[2024-04-10T00:01:19.607+0000] {logging_mixin.py:188} INFO - [2024-04-10T00:01:19.606+0000] {dag.py:3047} INFO - Sync 1 DAGs
[2024-04-10T00:01:19.634+0000] {logging_mixin.py:188} INFO - [2024-04-10T00:01:19.634+0000] {dag.py:3834} INFO - Setting next_dagrun for example_short_circuit_operator to 2024-04-09 00:00:00+00:00, run_after=2024-04-10 00:00:00+00:00
[2024-04-10T00:01:19.662+0000] {processor.py:183} INFO - Processing /home/airflow/.local/lib/python3.8/site-packages/airflow/example_dags/example_short_circuit_operator.py took 0.103 seconds
[2024-04-10T00:01:49.894+0000] {processor.py:161} INFO - Started process (PID=959) to work on /home/airflow/.local/lib/python3.8/site-packages/airflow/example_dags/example_short_circuit_operator.py
[2024-04-10T00:01:49.895+0000] {processor.py:830} INFO - Processing file /home/airflow/.local/lib/python3.8/site-packages/airflow/example_dags/example_short_circuit_operator.py for tasks to queue
[2024-04-10T00:01:49.898+0000] {logging_mixin.py:188} INFO - [2024-04-10T00:01:49.897+0000] {dagbag.py:540} INFO - Filling up the DagBag from /home/airflow/.local/lib/python3.8/site-packages/airflow/example_dags/example_short_circuit_operator.py
[2024-04-10T00:01:49.910+0000] {processor.py:840} INFO - DAG(s) 'example_short_circuit_operator' retrieved from /home/airflow/.local/lib/python3.8/site-packages/airflow/example_dags/example_short_circuit_operator.py
[2024-04-10T00:01:49.942+0000] {logging_mixin.py:188} INFO - [2024-04-10T00:01:49.941+0000] {dag.py:3047} INFO - Sync 1 DAGs
[2024-04-10T00:01:49.975+0000] {logging_mixin.py:188} INFO - [2024-04-10T00:01:49.974+0000] {dag.py:3834} INFO - Setting next_dagrun for example_short_circuit_operator to 2024-04-09 00:00:00+00:00, run_after=2024-04-10 00:00:00+00:00
[2024-04-10T00:01:49.998+0000] {processor.py:183} INFO - Processing /home/airflow/.local/lib/python3.8/site-packages/airflow/example_dags/example_short_circuit_operator.py took 0.109 seconds
[2024-04-10T00:02:20.995+0000] {processor.py:161} INFO - Started process (PID=1023) to work on /home/airflow/.local/lib/python3.8/site-packages/airflow/example_dags/example_short_circuit_operator.py
[2024-04-10T00:02:20.997+0000] {processor.py:830} INFO - Processing file /home/airflow/.local/lib/python3.8/site-packages/airflow/example_dags/example_short_circuit_operator.py for tasks to queue
[2024-04-10T00:02:20.998+0000] {logging_mixin.py:188} INFO - [2024-04-10T00:02:20.998+0000] {dagbag.py:540} INFO - Filling up the DagBag from /home/airflow/.local/lib/python3.8/site-packages/airflow/example_dags/example_short_circuit_operator.py
[2024-04-10T00:02:21.005+0000] {processor.py:840} INFO - DAG(s) 'example_short_circuit_operator' retrieved from /home/airflow/.local/lib/python3.8/site-packages/airflow/example_dags/example_short_circuit_operator.py
[2024-04-10T00:02:21.028+0000] {logging_mixin.py:188} INFO - [2024-04-10T00:02:21.027+0000] {dag.py:3047} INFO - Sync 1 DAGs
[2024-04-10T00:02:21.050+0000] {logging_mixin.py:188} INFO - [2024-04-10T00:02:21.050+0000] {dag.py:3834} INFO - Setting next_dagrun for example_short_circuit_operator to 2024-04-09 00:00:00+00:00, run_after=2024-04-10 00:00:00+00:00
[2024-04-10T00:02:21.068+0000] {processor.py:183} INFO - Processing /home/airflow/.local/lib/python3.8/site-packages/airflow/example_dags/example_short_circuit_operator.py took 0.076 seconds
[2024-04-10T00:02:51.249+0000] {processor.py:161} INFO - Started process (PID=1081) to work on /home/airflow/.local/lib/python3.8/site-packages/airflow/example_dags/example_short_circuit_operator.py
[2024-04-10T00:02:51.250+0000] {processor.py:830} INFO - Processing file /home/airflow/.local/lib/python3.8/site-packages/airflow/example_dags/example_short_circuit_operator.py for tasks to queue
[2024-04-10T00:02:51.253+0000] {logging_mixin.py:188} INFO - [2024-04-10T00:02:51.252+0000] {dagbag.py:540} INFO - Filling up the DagBag from /home/airflow/.local/lib/python3.8/site-packages/airflow/example_dags/example_short_circuit_operator.py
[2024-04-10T00:02:51.262+0000] {processor.py:840} INFO - DAG(s) 'example_short_circuit_operator' retrieved from /home/airflow/.local/lib/python3.8/site-packages/airflow/example_dags/example_short_circuit_operator.py
[2024-04-10T00:02:51.289+0000] {logging_mixin.py:188} INFO - [2024-04-10T00:02:51.289+0000] {dag.py:3047} INFO - Sync 1 DAGs
[2024-04-10T00:02:51.316+0000] {logging_mixin.py:188} INFO - [2024-04-10T00:02:51.316+0000] {dag.py:3834} INFO - Setting next_dagrun for example_short_circuit_operator to 2024-04-09 00:00:00+00:00, run_after=2024-04-10 00:00:00+00:00
[2024-04-10T00:02:51.341+0000] {processor.py:183} INFO - Processing /home/airflow/.local/lib/python3.8/site-packages/airflow/example_dags/example_short_circuit_operator.py took 0.096 seconds
[2024-04-10T00:03:21.452+0000] {processor.py:161} INFO - Started process (PID=1139) to work on /home/airflow/.local/lib/python3.8/site-packages/airflow/example_dags/example_short_circuit_operator.py
[2024-04-10T00:03:21.453+0000] {processor.py:830} INFO - Processing file /home/airflow/.local/lib/python3.8/site-packages/airflow/example_dags/example_short_circuit_operator.py for tasks to queue
[2024-04-10T00:03:21.455+0000] {logging_mixin.py:188} INFO - [2024-04-10T00:03:21.455+0000] {dagbag.py:540} INFO - Filling up the DagBag from /home/airflow/.local/lib/python3.8/site-packages/airflow/example_dags/example_short_circuit_operator.py
[2024-04-10T00:03:21.462+0000] {processor.py:840} INFO - DAG(s) 'example_short_circuit_operator' retrieved from /home/airflow/.local/lib/python3.8/site-packages/airflow/example_dags/example_short_circuit_operator.py
[2024-04-10T00:03:21.486+0000] {logging_mixin.py:188} INFO - [2024-04-10T00:03:21.486+0000] {dag.py:3047} INFO - Sync 1 DAGs
[2024-04-10T00:03:21.510+0000] {logging_mixin.py:188} INFO - [2024-04-10T00:03:21.510+0000] {dag.py:3834} INFO - Setting next_dagrun for example_short_circuit_operator to 2024-04-09 00:00:00+00:00, run_after=2024-04-10 00:00:00+00:00
[2024-04-10T00:03:21.531+0000] {processor.py:183} INFO - Processing /home/airflow/.local/lib/python3.8/site-packages/airflow/example_dags/example_short_circuit_operator.py took 0.082 seconds
