[2024-04-10T00:00:16.779+0000] {processor.py:161} INFO - Started process (PID=787) to work on /home/airflow/.local/lib/python3.8/site-packages/airflow/example_dags/example_setup_teardown.py
[2024-04-10T00:00:16.780+0000] {processor.py:830} INFO - Processing file /home/airflow/.local/lib/python3.8/site-packages/airflow/example_dags/example_setup_teardown.py for tasks to queue
[2024-04-10T00:00:16.782+0000] {logging_mixin.py:188} INFO - [2024-04-10T00:00:16.782+0000] {dagbag.py:540} INFO - Filling up the DagBag from /home/airflow/.local/lib/python3.8/site-packages/airflow/example_dags/example_setup_teardown.py
[2024-04-10T00:00:16.990+0000] {processor.py:840} INFO - DAG(s) 'example_setup_teardown' retrieved from /home/airflow/.local/lib/python3.8/site-packages/airflow/example_dags/example_setup_teardown.py
[2024-04-10T00:00:17.015+0000] {logging_mixin.py:188} INFO - [2024-04-10T00:00:17.015+0000] {dag.py:3047} INFO - Sync 1 DAGs
[2024-04-10T00:00:17.034+0000] {logging_mixin.py:188} INFO - [2024-04-10T00:00:17.034+0000] {dag.py:3834} INFO - Setting next_dagrun for example_setup_teardown to 2024-04-09 00:00:00+00:00, run_after=2024-04-10 00:00:00+00:00
[2024-04-10T00:00:17.334+0000] {processor.py:183} INFO - Processing /home/airflow/.local/lib/python3.8/site-packages/airflow/example_dags/example_setup_teardown.py took 0.559 seconds
[2024-04-10T00:00:47.762+0000] {processor.py:161} INFO - Started process (PID=845) to work on /home/airflow/.local/lib/python3.8/site-packages/airflow/example_dags/example_setup_teardown.py
[2024-04-10T00:00:47.764+0000] {processor.py:830} INFO - Processing file /home/airflow/.local/lib/python3.8/site-packages/airflow/example_dags/example_setup_teardown.py for tasks to queue
[2024-04-10T00:00:47.766+0000] {logging_mixin.py:188} INFO - [2024-04-10T00:00:47.766+0000] {dagbag.py:540} INFO - Filling up the DagBag from /home/airflow/.local/lib/python3.8/site-packages/airflow/example_dags/example_setup_teardown.py
[2024-04-10T00:00:47.774+0000] {processor.py:840} INFO - DAG(s) 'example_setup_teardown' retrieved from /home/airflow/.local/lib/python3.8/site-packages/airflow/example_dags/example_setup_teardown.py
[2024-04-10T00:00:47.803+0000] {logging_mixin.py:188} INFO - [2024-04-10T00:00:47.803+0000] {dag.py:3047} INFO - Sync 1 DAGs
[2024-04-10T00:00:47.835+0000] {logging_mixin.py:188} INFO - [2024-04-10T00:00:47.835+0000] {dag.py:3834} INFO - Setting next_dagrun for example_setup_teardown to 2024-04-09 00:00:00+00:00, run_after=2024-04-10 00:00:00+00:00
[2024-04-10T00:00:47.860+0000] {processor.py:183} INFO - Processing /home/airflow/.local/lib/python3.8/site-packages/airflow/example_dags/example_setup_teardown.py took 0.102 seconds
[2024-04-10T00:01:19.428+0000] {processor.py:161} INFO - Started process (PID=901) to work on /home/airflow/.local/lib/python3.8/site-packages/airflow/example_dags/example_setup_teardown.py
[2024-04-10T00:01:19.437+0000] {processor.py:830} INFO - Processing file /home/airflow/.local/lib/python3.8/site-packages/airflow/example_dags/example_setup_teardown.py for tasks to queue
[2024-04-10T00:01:19.440+0000] {logging_mixin.py:188} INFO - [2024-04-10T00:01:19.439+0000] {dagbag.py:540} INFO - Filling up the DagBag from /home/airflow/.local/lib/python3.8/site-packages/airflow/example_dags/example_setup_teardown.py
[2024-04-10T00:01:19.452+0000] {processor.py:840} INFO - DAG(s) 'example_setup_teardown' retrieved from /home/airflow/.local/lib/python3.8/site-packages/airflow/example_dags/example_setup_teardown.py
[2024-04-10T00:01:19.476+0000] {logging_mixin.py:188} INFO - [2024-04-10T00:01:19.476+0000] {dag.py:3047} INFO - Sync 1 DAGs
[2024-04-10T00:01:19.504+0000] {logging_mixin.py:188} INFO - [2024-04-10T00:01:19.503+0000] {dag.py:3834} INFO - Setting next_dagrun for example_setup_teardown to 2024-04-09 00:00:00+00:00, run_after=2024-04-10 00:00:00+00:00
[2024-04-10T00:01:19.529+0000] {processor.py:183} INFO - Processing /home/airflow/.local/lib/python3.8/site-packages/airflow/example_dags/example_setup_teardown.py took 0.105 seconds
[2024-04-10T00:01:49.858+0000] {processor.py:161} INFO - Started process (PID=958) to work on /home/airflow/.local/lib/python3.8/site-packages/airflow/example_dags/example_setup_teardown.py
[2024-04-10T00:01:49.860+0000] {processor.py:830} INFO - Processing file /home/airflow/.local/lib/python3.8/site-packages/airflow/example_dags/example_setup_teardown.py for tasks to queue
[2024-04-10T00:01:49.863+0000] {logging_mixin.py:188} INFO - [2024-04-10T00:01:49.863+0000] {dagbag.py:540} INFO - Filling up the DagBag from /home/airflow/.local/lib/python3.8/site-packages/airflow/example_dags/example_setup_teardown.py
[2024-04-10T00:01:49.874+0000] {processor.py:840} INFO - DAG(s) 'example_setup_teardown' retrieved from /home/airflow/.local/lib/python3.8/site-packages/airflow/example_dags/example_setup_teardown.py
[2024-04-10T00:01:49.900+0000] {logging_mixin.py:188} INFO - [2024-04-10T00:01:49.900+0000] {dag.py:3047} INFO - Sync 1 DAGs
[2024-04-10T00:01:49.930+0000] {logging_mixin.py:188} INFO - [2024-04-10T00:01:49.930+0000] {dag.py:3834} INFO - Setting next_dagrun for example_setup_teardown to 2024-04-09 00:00:00+00:00, run_after=2024-04-10 00:00:00+00:00
[2024-04-10T00:01:49.956+0000] {processor.py:183} INFO - Processing /home/airflow/.local/lib/python3.8/site-packages/airflow/example_dags/example_setup_teardown.py took 0.103 seconds
[2024-04-10T00:02:20.995+0000] {processor.py:161} INFO - Started process (PID=1022) to work on /home/airflow/.local/lib/python3.8/site-packages/airflow/example_dags/example_setup_teardown.py
[2024-04-10T00:02:20.996+0000] {processor.py:830} INFO - Processing file /home/airflow/.local/lib/python3.8/site-packages/airflow/example_dags/example_setup_teardown.py for tasks to queue
[2024-04-10T00:02:20.998+0000] {logging_mixin.py:188} INFO - [2024-04-10T00:02:20.998+0000] {dagbag.py:540} INFO - Filling up the DagBag from /home/airflow/.local/lib/python3.8/site-packages/airflow/example_dags/example_setup_teardown.py
[2024-04-10T00:02:21.004+0000] {processor.py:840} INFO - DAG(s) 'example_setup_teardown' retrieved from /home/airflow/.local/lib/python3.8/site-packages/airflow/example_dags/example_setup_teardown.py
[2024-04-10T00:02:21.025+0000] {logging_mixin.py:188} INFO - [2024-04-10T00:02:21.025+0000] {dag.py:3047} INFO - Sync 1 DAGs
[2024-04-10T00:02:21.047+0000] {logging_mixin.py:188} INFO - [2024-04-10T00:02:21.047+0000] {dag.py:3834} INFO - Setting next_dagrun for example_setup_teardown to 2024-04-09 00:00:00+00:00, run_after=2024-04-10 00:00:00+00:00
[2024-04-10T00:02:21.067+0000] {processor.py:183} INFO - Processing /home/airflow/.local/lib/python3.8/site-packages/airflow/example_dags/example_setup_teardown.py took 0.075 seconds
[2024-04-10T00:02:51.141+0000] {processor.py:161} INFO - Started process (PID=1080) to work on /home/airflow/.local/lib/python3.8/site-packages/airflow/example_dags/example_setup_teardown.py
[2024-04-10T00:02:51.142+0000] {processor.py:830} INFO - Processing file /home/airflow/.local/lib/python3.8/site-packages/airflow/example_dags/example_setup_teardown.py for tasks to queue
[2024-04-10T00:02:51.144+0000] {logging_mixin.py:188} INFO - [2024-04-10T00:02:51.143+0000] {dagbag.py:540} INFO - Filling up the DagBag from /home/airflow/.local/lib/python3.8/site-packages/airflow/example_dags/example_setup_teardown.py
[2024-04-10T00:02:51.150+0000] {processor.py:840} INFO - DAG(s) 'example_setup_teardown' retrieved from /home/airflow/.local/lib/python3.8/site-packages/airflow/example_dags/example_setup_teardown.py
[2024-04-10T00:02:51.171+0000] {logging_mixin.py:188} INFO - [2024-04-10T00:02:51.171+0000] {dag.py:3047} INFO - Sync 1 DAGs
[2024-04-10T00:02:51.195+0000] {logging_mixin.py:188} INFO - [2024-04-10T00:02:51.195+0000] {dag.py:3834} INFO - Setting next_dagrun for example_setup_teardown to 2024-04-09 00:00:00+00:00, run_after=2024-04-10 00:00:00+00:00
[2024-04-10T00:02:51.216+0000] {processor.py:183} INFO - Processing /home/airflow/.local/lib/python3.8/site-packages/airflow/example_dags/example_setup_teardown.py took 0.079 seconds
[2024-04-10T00:03:21.353+0000] {processor.py:161} INFO - Started process (PID=1138) to work on /home/airflow/.local/lib/python3.8/site-packages/airflow/example_dags/example_setup_teardown.py
[2024-04-10T00:03:21.354+0000] {processor.py:830} INFO - Processing file /home/airflow/.local/lib/python3.8/site-packages/airflow/example_dags/example_setup_teardown.py for tasks to queue
[2024-04-10T00:03:21.355+0000] {logging_mixin.py:188} INFO - [2024-04-10T00:03:21.355+0000] {dagbag.py:540} INFO - Filling up the DagBag from /home/airflow/.local/lib/python3.8/site-packages/airflow/example_dags/example_setup_teardown.py
[2024-04-10T00:03:21.362+0000] {processor.py:840} INFO - DAG(s) 'example_setup_teardown' retrieved from /home/airflow/.local/lib/python3.8/site-packages/airflow/example_dags/example_setup_teardown.py
[2024-04-10T00:03:21.383+0000] {logging_mixin.py:188} INFO - [2024-04-10T00:03:21.383+0000] {dag.py:3047} INFO - Sync 1 DAGs
[2024-04-10T00:03:21.406+0000] {logging_mixin.py:188} INFO - [2024-04-10T00:03:21.406+0000] {dag.py:3834} INFO - Setting next_dagrun for example_setup_teardown to 2024-04-09 00:00:00+00:00, run_after=2024-04-10 00:00:00+00:00
[2024-04-10T00:03:21.427+0000] {processor.py:183} INFO - Processing /home/airflow/.local/lib/python3.8/site-packages/airflow/example_dags/example_setup_teardown.py took 0.077 seconds
