[2024-04-10T00:00:32.253+0000] {processor.py:161} INFO - Started process (PID=820) to work on /home/airflow/.local/lib/python3.8/site-packages/airflow/example_dags/example_complex.py
[2024-04-10T00:00:32.254+0000] {processor.py:830} INFO - Processing file /home/airflow/.local/lib/python3.8/site-packages/airflow/example_dags/example_complex.py for tasks to queue
[2024-04-10T00:00:32.257+0000] {logging_mixin.py:188} INFO - [2024-04-10T00:00:32.257+0000] {dagbag.py:540} INFO - Filling up the DagBag from /home/airflow/.local/lib/python3.8/site-packages/airflow/example_dags/example_complex.py
[2024-04-10T00:00:32.273+0000] {processor.py:840} INFO - DAG(s) 'example_complex' retrieved from /home/airflow/.local/lib/python3.8/site-packages/airflow/example_dags/example_complex.py
[2024-04-10T00:00:32.310+0000] {logging_mixin.py:188} INFO - [2024-04-10T00:00:32.310+0000] {dag.py:3047} INFO - Sync 1 DAGs
[2024-04-10T00:00:32.325+0000] {logging_mixin.py:188} INFO - [2024-04-10T00:00:32.325+0000] {dag.py:3834} INFO - Setting next_dagrun for example_complex to None, run_after=None
[2024-04-10T00:00:32.345+0000] {processor.py:183} INFO - Processing /home/airflow/.local/lib/python3.8/site-packages/airflow/example_dags/example_complex.py took 0.098 seconds
[2024-04-10T00:01:02.829+0000] {processor.py:161} INFO - Started process (PID=878) to work on /home/airflow/.local/lib/python3.8/site-packages/airflow/example_dags/example_complex.py
[2024-04-10T00:01:02.831+0000] {processor.py:830} INFO - Processing file /home/airflow/.local/lib/python3.8/site-packages/airflow/example_dags/example_complex.py for tasks to queue
[2024-04-10T00:01:02.833+0000] {logging_mixin.py:188} INFO - [2024-04-10T00:01:02.833+0000] {dagbag.py:540} INFO - Filling up the DagBag from /home/airflow/.local/lib/python3.8/site-packages/airflow/example_dags/example_complex.py
[2024-04-10T00:01:02.848+0000] {processor.py:840} INFO - DAG(s) 'example_complex' retrieved from /home/airflow/.local/lib/python3.8/site-packages/airflow/example_dags/example_complex.py
[2024-04-10T00:01:02.897+0000] {logging_mixin.py:188} INFO - [2024-04-10T00:01:02.896+0000] {dag.py:3047} INFO - Sync 1 DAGs
[2024-04-10T00:01:02.928+0000] {logging_mixin.py:188} INFO - [2024-04-10T00:01:02.928+0000] {dag.py:3834} INFO - Setting next_dagrun for example_complex to None, run_after=None
[2024-04-10T00:01:02.969+0000] {processor.py:183} INFO - Processing /home/airflow/.local/lib/python3.8/site-packages/airflow/example_dags/example_complex.py took 0.144 seconds
[2024-04-10T00:01:33.089+0000] {processor.py:161} INFO - Started process (PID=936) to work on /home/airflow/.local/lib/python3.8/site-packages/airflow/example_dags/example_complex.py
[2024-04-10T00:01:33.091+0000] {processor.py:830} INFO - Processing file /home/airflow/.local/lib/python3.8/site-packages/airflow/example_dags/example_complex.py for tasks to queue
[2024-04-10T00:01:33.096+0000] {logging_mixin.py:188} INFO - [2024-04-10T00:01:33.096+0000] {dagbag.py:540} INFO - Filling up the DagBag from /home/airflow/.local/lib/python3.8/site-packages/airflow/example_dags/example_complex.py
[2024-04-10T00:01:33.116+0000] {processor.py:840} INFO - DAG(s) 'example_complex' retrieved from /home/airflow/.local/lib/python3.8/site-packages/airflow/example_dags/example_complex.py
[2024-04-10T00:01:33.167+0000] {logging_mixin.py:188} INFO - [2024-04-10T00:01:33.167+0000] {dag.py:3047} INFO - Sync 1 DAGs
[2024-04-10T00:01:33.188+0000] {logging_mixin.py:188} INFO - [2024-04-10T00:01:33.188+0000] {dag.py:3834} INFO - Setting next_dagrun for example_complex to None, run_after=None
[2024-04-10T00:01:33.219+0000] {processor.py:183} INFO - Processing /home/airflow/.local/lib/python3.8/site-packages/airflow/example_dags/example_complex.py took 0.137 seconds
[2024-04-10T00:02:03.999+0000] {processor.py:161} INFO - Started process (PID=994) to work on /home/airflow/.local/lib/python3.8/site-packages/airflow/example_dags/example_complex.py
[2024-04-10T00:02:04.000+0000] {processor.py:830} INFO - Processing file /home/airflow/.local/lib/python3.8/site-packages/airflow/example_dags/example_complex.py for tasks to queue
[2024-04-10T00:02:04.003+0000] {logging_mixin.py:188} INFO - [2024-04-10T00:02:04.002+0000] {dagbag.py:540} INFO - Filling up the DagBag from /home/airflow/.local/lib/python3.8/site-packages/airflow/example_dags/example_complex.py
[2024-04-10T00:02:04.015+0000] {processor.py:840} INFO - DAG(s) 'example_complex' retrieved from /home/airflow/.local/lib/python3.8/site-packages/airflow/example_dags/example_complex.py
[2024-04-10T00:02:04.049+0000] {logging_mixin.py:188} INFO - [2024-04-10T00:02:04.049+0000] {dag.py:3047} INFO - Sync 1 DAGs
[2024-04-10T00:02:04.062+0000] {logging_mixin.py:188} INFO - [2024-04-10T00:02:04.062+0000] {dag.py:3834} INFO - Setting next_dagrun for example_complex to None, run_after=None
[2024-04-10T00:02:04.083+0000] {processor.py:183} INFO - Processing /home/airflow/.local/lib/python3.8/site-packages/airflow/example_dags/example_complex.py took 0.087 seconds
[2024-04-10T00:02:34.833+0000] {processor.py:161} INFO - Started process (PID=1052) to work on /home/airflow/.local/lib/python3.8/site-packages/airflow/example_dags/example_complex.py
[2024-04-10T00:02:34.834+0000] {processor.py:830} INFO - Processing file /home/airflow/.local/lib/python3.8/site-packages/airflow/example_dags/example_complex.py for tasks to queue
[2024-04-10T00:02:34.836+0000] {logging_mixin.py:188} INFO - [2024-04-10T00:02:34.836+0000] {dagbag.py:540} INFO - Filling up the DagBag from /home/airflow/.local/lib/python3.8/site-packages/airflow/example_dags/example_complex.py
[2024-04-10T00:02:34.849+0000] {processor.py:840} INFO - DAG(s) 'example_complex' retrieved from /home/airflow/.local/lib/python3.8/site-packages/airflow/example_dags/example_complex.py
[2024-04-10T00:02:34.885+0000] {logging_mixin.py:188} INFO - [2024-04-10T00:02:34.885+0000] {dag.py:3047} INFO - Sync 1 DAGs
[2024-04-10T00:02:34.899+0000] {logging_mixin.py:188} INFO - [2024-04-10T00:02:34.899+0000] {dag.py:3834} INFO - Setting next_dagrun for example_complex to None, run_after=None
[2024-04-10T00:02:34.919+0000] {processor.py:183} INFO - Processing /home/airflow/.local/lib/python3.8/site-packages/airflow/example_dags/example_complex.py took 0.091 seconds
[2024-04-10T00:03:05.631+0000] {processor.py:161} INFO - Started process (PID=1110) to work on /home/airflow/.local/lib/python3.8/site-packages/airflow/example_dags/example_complex.py
[2024-04-10T00:03:05.632+0000] {processor.py:830} INFO - Processing file /home/airflow/.local/lib/python3.8/site-packages/airflow/example_dags/example_complex.py for tasks to queue
[2024-04-10T00:03:05.635+0000] {logging_mixin.py:188} INFO - [2024-04-10T00:03:05.634+0000] {dagbag.py:540} INFO - Filling up the DagBag from /home/airflow/.local/lib/python3.8/site-packages/airflow/example_dags/example_complex.py
[2024-04-10T00:03:05.650+0000] {processor.py:840} INFO - DAG(s) 'example_complex' retrieved from /home/airflow/.local/lib/python3.8/site-packages/airflow/example_dags/example_complex.py
[2024-04-10T00:03:05.691+0000] {logging_mixin.py:188} INFO - [2024-04-10T00:03:05.691+0000] {dag.py:3047} INFO - Sync 1 DAGs
[2024-04-10T00:03:05.704+0000] {logging_mixin.py:188} INFO - [2024-04-10T00:03:05.704+0000] {dag.py:3834} INFO - Setting next_dagrun for example_complex to None, run_after=None
[2024-04-10T00:03:05.726+0000] {processor.py:183} INFO - Processing /home/airflow/.local/lib/python3.8/site-packages/airflow/example_dags/example_complex.py took 0.100 seconds
