[2024-04-10T00:00:15.300+0000] {processor.py:161} INFO - Started process (PID=780) to work on /home/airflow/.local/lib/python3.8/site-packages/airflow/example_dags/example_branch_operator.py
[2024-04-10T00:00:15.302+0000] {processor.py:830} INFO - Processing file /home/airflow/.local/lib/python3.8/site-packages/airflow/example_dags/example_branch_operator.py for tasks to queue
[2024-04-10T00:00:15.305+0000] {logging_mixin.py:188} INFO - [2024-04-10T00:00:15.305+0000] {dagbag.py:540} INFO - Filling up the DagBag from /home/airflow/.local/lib/python3.8/site-packages/airflow/example_dags/example_branch_operator.py
[2024-04-10T00:00:15.329+0000] {processor.py:840} INFO - DAG(s) 'example_branch_operator' retrieved from /home/airflow/.local/lib/python3.8/site-packages/airflow/example_dags/example_branch_operator.py
[2024-04-10T00:00:15.363+0000] {logging_mixin.py:188} INFO - [2024-04-10T00:00:15.363+0000] {dag.py:3047} INFO - Sync 1 DAGs
[2024-04-10T00:00:15.394+0000] {logging_mixin.py:188} INFO - [2024-04-10T00:00:15.394+0000] {dag.py:3834} INFO - Setting next_dagrun for example_branch_operator to 2024-04-09 00:00:00+00:00, run_after=2024-04-10 00:00:00+00:00
[2024-04-10T00:00:15.418+0000] {processor.py:183} INFO - Processing /home/airflow/.local/lib/python3.8/site-packages/airflow/example_dags/example_branch_operator.py took 0.122 seconds
[2024-04-10T00:00:47.389+0000] {processor.py:161} INFO - Started process (PID=840) to work on /home/airflow/.local/lib/python3.8/site-packages/airflow/example_dags/example_branch_operator.py
[2024-04-10T00:00:47.390+0000] {processor.py:830} INFO - Processing file /home/airflow/.local/lib/python3.8/site-packages/airflow/example_dags/example_branch_operator.py for tasks to queue
[2024-04-10T00:00:47.393+0000] {logging_mixin.py:188} INFO - [2024-04-10T00:00:47.392+0000] {dagbag.py:540} INFO - Filling up the DagBag from /home/airflow/.local/lib/python3.8/site-packages/airflow/example_dags/example_branch_operator.py
[2024-04-10T00:00:47.422+0000] {processor.py:840} INFO - DAG(s) 'example_branch_operator' retrieved from /home/airflow/.local/lib/python3.8/site-packages/airflow/example_dags/example_branch_operator.py
[2024-04-10T00:00:47.460+0000] {logging_mixin.py:188} INFO - [2024-04-10T00:00:47.460+0000] {dag.py:3047} INFO - Sync 1 DAGs
[2024-04-10T00:00:47.490+0000] {logging_mixin.py:188} INFO - [2024-04-10T00:00:47.489+0000] {dag.py:3834} INFO - Setting next_dagrun for example_branch_operator to 2024-04-09 00:00:00+00:00, run_after=2024-04-10 00:00:00+00:00
[2024-04-10T00:00:47.510+0000] {processor.py:183} INFO - Processing /home/airflow/.local/lib/python3.8/site-packages/airflow/example_dags/example_branch_operator.py took 0.125 seconds
[2024-04-10T00:01:18.573+0000] {processor.py:161} INFO - Started process (PID=896) to work on /home/airflow/.local/lib/python3.8/site-packages/airflow/example_dags/example_branch_operator.py
[2024-04-10T00:01:18.575+0000] {processor.py:830} INFO - Processing file /home/airflow/.local/lib/python3.8/site-packages/airflow/example_dags/example_branch_operator.py for tasks to queue
[2024-04-10T00:01:18.578+0000] {logging_mixin.py:188} INFO - [2024-04-10T00:01:18.577+0000] {dagbag.py:540} INFO - Filling up the DagBag from /home/airflow/.local/lib/python3.8/site-packages/airflow/example_dags/example_branch_operator.py
[2024-04-10T00:01:18.602+0000] {processor.py:840} INFO - DAG(s) 'example_branch_operator' retrieved from /home/airflow/.local/lib/python3.8/site-packages/airflow/example_dags/example_branch_operator.py
[2024-04-10T00:01:18.639+0000] {logging_mixin.py:188} INFO - [2024-04-10T00:01:18.638+0000] {dag.py:3047} INFO - Sync 1 DAGs
[2024-04-10T00:01:18.669+0000] {logging_mixin.py:188} INFO - [2024-04-10T00:01:18.668+0000] {dag.py:3834} INFO - Setting next_dagrun for example_branch_operator to 2024-04-09 00:00:00+00:00, run_after=2024-04-10 00:00:00+00:00
[2024-04-10T00:01:18.693+0000] {processor.py:183} INFO - Processing /home/airflow/.local/lib/python3.8/site-packages/airflow/example_dags/example_branch_operator.py took 0.124 seconds
[2024-04-10T00:01:49.196+0000] {processor.py:161} INFO - Started process (PID=953) to work on /home/airflow/.local/lib/python3.8/site-packages/airflow/example_dags/example_branch_operator.py
[2024-04-10T00:01:49.198+0000] {processor.py:830} INFO - Processing file /home/airflow/.local/lib/python3.8/site-packages/airflow/example_dags/example_branch_operator.py for tasks to queue
[2024-04-10T00:01:49.200+0000] {logging_mixin.py:188} INFO - [2024-04-10T00:01:49.200+0000] {dagbag.py:540} INFO - Filling up the DagBag from /home/airflow/.local/lib/python3.8/site-packages/airflow/example_dags/example_branch_operator.py
[2024-04-10T00:01:49.224+0000] {processor.py:840} INFO - DAG(s) 'example_branch_operator' retrieved from /home/airflow/.local/lib/python3.8/site-packages/airflow/example_dags/example_branch_operator.py
[2024-04-10T00:01:49.262+0000] {logging_mixin.py:188} INFO - [2024-04-10T00:01:49.262+0000] {dag.py:3047} INFO - Sync 1 DAGs
[2024-04-10T00:01:49.295+0000] {logging_mixin.py:188} INFO - [2024-04-10T00:01:49.295+0000] {dag.py:3834} INFO - Setting next_dagrun for example_branch_operator to 2024-04-09 00:00:00+00:00, run_after=2024-04-10 00:00:00+00:00
[2024-04-10T00:01:49.322+0000] {processor.py:183} INFO - Processing /home/airflow/.local/lib/python3.8/site-packages/airflow/example_dags/example_branch_operator.py took 0.132 seconds
[2024-04-10T00:02:19.404+0000] {processor.py:161} INFO - Started process (PID=1010) to work on /home/airflow/.local/lib/python3.8/site-packages/airflow/example_dags/example_branch_operator.py
[2024-04-10T00:02:19.406+0000] {processor.py:830} INFO - Processing file /home/airflow/.local/lib/python3.8/site-packages/airflow/example_dags/example_branch_operator.py for tasks to queue
[2024-04-10T00:02:19.407+0000] {logging_mixin.py:188} INFO - [2024-04-10T00:02:19.407+0000] {dagbag.py:540} INFO - Filling up the DagBag from /home/airflow/.local/lib/python3.8/site-packages/airflow/example_dags/example_branch_operator.py
[2024-04-10T00:02:19.427+0000] {processor.py:840} INFO - DAG(s) 'example_branch_operator' retrieved from /home/airflow/.local/lib/python3.8/site-packages/airflow/example_dags/example_branch_operator.py
[2024-04-10T00:02:19.455+0000] {logging_mixin.py:188} INFO - [2024-04-10T00:02:19.454+0000] {dag.py:3047} INFO - Sync 1 DAGs
[2024-04-10T00:02:19.477+0000] {logging_mixin.py:188} INFO - [2024-04-10T00:02:19.477+0000] {dag.py:3834} INFO - Setting next_dagrun for example_branch_operator to 2024-04-09 00:00:00+00:00, run_after=2024-04-10 00:00:00+00:00
[2024-04-10T00:02:19.496+0000] {processor.py:183} INFO - Processing /home/airflow/.local/lib/python3.8/site-packages/airflow/example_dags/example_branch_operator.py took 0.095 seconds
[2024-04-10T00:02:49.546+0000] {processor.py:161} INFO - Started process (PID=1068) to work on /home/airflow/.local/lib/python3.8/site-packages/airflow/example_dags/example_branch_operator.py
[2024-04-10T00:02:49.547+0000] {processor.py:830} INFO - Processing file /home/airflow/.local/lib/python3.8/site-packages/airflow/example_dags/example_branch_operator.py for tasks to queue
[2024-04-10T00:02:49.549+0000] {logging_mixin.py:188} INFO - [2024-04-10T00:02:49.548+0000] {dagbag.py:540} INFO - Filling up the DagBag from /home/airflow/.local/lib/python3.8/site-packages/airflow/example_dags/example_branch_operator.py
[2024-04-10T00:02:49.564+0000] {processor.py:840} INFO - DAG(s) 'example_branch_operator' retrieved from /home/airflow/.local/lib/python3.8/site-packages/airflow/example_dags/example_branch_operator.py
[2024-04-10T00:02:49.591+0000] {logging_mixin.py:188} INFO - [2024-04-10T00:02:49.590+0000] {dag.py:3047} INFO - Sync 1 DAGs
[2024-04-10T00:02:49.611+0000] {logging_mixin.py:188} INFO - [2024-04-10T00:02:49.611+0000] {dag.py:3834} INFO - Setting next_dagrun for example_branch_operator to 2024-04-09 00:00:00+00:00, run_after=2024-04-10 00:00:00+00:00
[2024-04-10T00:02:49.633+0000] {processor.py:183} INFO - Processing /home/airflow/.local/lib/python3.8/site-packages/airflow/example_dags/example_branch_operator.py took 0.090 seconds
[2024-04-10T00:03:19.763+0000] {processor.py:161} INFO - Started process (PID=1126) to work on /home/airflow/.local/lib/python3.8/site-packages/airflow/example_dags/example_branch_operator.py
[2024-04-10T00:03:19.764+0000] {processor.py:830} INFO - Processing file /home/airflow/.local/lib/python3.8/site-packages/airflow/example_dags/example_branch_operator.py for tasks to queue
[2024-04-10T00:03:19.766+0000] {logging_mixin.py:188} INFO - [2024-04-10T00:03:19.766+0000] {dagbag.py:540} INFO - Filling up the DagBag from /home/airflow/.local/lib/python3.8/site-packages/airflow/example_dags/example_branch_operator.py
[2024-04-10T00:03:19.784+0000] {processor.py:840} INFO - DAG(s) 'example_branch_operator' retrieved from /home/airflow/.local/lib/python3.8/site-packages/airflow/example_dags/example_branch_operator.py
[2024-04-10T00:03:19.814+0000] {logging_mixin.py:188} INFO - [2024-04-10T00:03:19.813+0000] {dag.py:3047} INFO - Sync 1 DAGs
[2024-04-10T00:03:19.839+0000] {logging_mixin.py:188} INFO - [2024-04-10T00:03:19.838+0000] {dag.py:3834} INFO - Setting next_dagrun for example_branch_operator to 2024-04-09 00:00:00+00:00, run_after=2024-04-10 00:00:00+00:00
[2024-04-10T00:03:19.856+0000] {processor.py:183} INFO - Processing /home/airflow/.local/lib/python3.8/site-packages/airflow/example_dags/example_branch_operator.py took 0.097 seconds
