[2024-04-10T00:00:19.319+0000] {processor.py:161} INFO - Started process (PID=795) to work on /home/airflow/.local/lib/python3.8/site-packages/airflow/example_dags/example_bash_operator.py
[2024-04-10T00:00:19.320+0000] {processor.py:830} INFO - Processing file /home/airflow/.local/lib/python3.8/site-packages/airflow/example_dags/example_bash_operator.py for tasks to queue
[2024-04-10T00:00:19.322+0000] {logging_mixin.py:188} INFO - [2024-04-10T00:00:19.322+0000] {dagbag.py:540} INFO - Filling up the DagBag from /home/airflow/.local/lib/python3.8/site-packages/airflow/example_dags/example_bash_operator.py
[2024-04-10T00:00:19.335+0000] {processor.py:840} INFO - DAG(s) 'example_bash_operator' retrieved from /home/airflow/.local/lib/python3.8/site-packages/airflow/example_dags/example_bash_operator.py
[2024-04-10T00:00:19.365+0000] {logging_mixin.py:188} INFO - [2024-04-10T00:00:19.365+0000] {dag.py:3047} INFO - Sync 1 DAGs
[2024-04-10T00:00:19.390+0000] {logging_mixin.py:188} INFO - [2024-04-10T00:00:19.389+0000] {dag.py:3834} INFO - Setting next_dagrun for example_bash_operator to 2024-04-09 00:00:00+00:00, run_after=2024-04-10 00:00:00+00:00
[2024-04-10T00:00:19.994+0000] {processor.py:183} INFO - Processing /home/airflow/.local/lib/python3.8/site-packages/airflow/example_dags/example_bash_operator.py took 0.678 seconds
[2024-04-10T00:00:50.423+0000] {processor.py:161} INFO - Started process (PID=853) to work on /home/airflow/.local/lib/python3.8/site-packages/airflow/example_dags/example_bash_operator.py
[2024-04-10T00:00:50.424+0000] {processor.py:830} INFO - Processing file /home/airflow/.local/lib/python3.8/site-packages/airflow/example_dags/example_bash_operator.py for tasks to queue
[2024-04-10T00:00:50.427+0000] {logging_mixin.py:188} INFO - [2024-04-10T00:00:50.426+0000] {dagbag.py:540} INFO - Filling up the DagBag from /home/airflow/.local/lib/python3.8/site-packages/airflow/example_dags/example_bash_operator.py
[2024-04-10T00:00:50.447+0000] {processor.py:840} INFO - DAG(s) 'example_bash_operator' retrieved from /home/airflow/.local/lib/python3.8/site-packages/airflow/example_dags/example_bash_operator.py
[2024-04-10T00:00:50.491+0000] {logging_mixin.py:188} INFO - [2024-04-10T00:00:50.491+0000] {dag.py:3047} INFO - Sync 1 DAGs
[2024-04-10T00:00:50.520+0000] {logging_mixin.py:188} INFO - [2024-04-10T00:00:50.519+0000] {dag.py:3834} INFO - Setting next_dagrun for example_bash_operator to 2024-04-09 00:00:00+00:00, run_after=2024-04-10 00:00:00+00:00
[2024-04-10T00:00:50.542+0000] {processor.py:183} INFO - Processing /home/airflow/.local/lib/python3.8/site-packages/airflow/example_dags/example_bash_operator.py took 0.123 seconds
[2024-04-10T00:01:20.873+0000] {processor.py:161} INFO - Started process (PID=917) to work on /home/airflow/.local/lib/python3.8/site-packages/airflow/example_dags/example_bash_operator.py
[2024-04-10T00:01:20.881+0000] {processor.py:830} INFO - Processing file /home/airflow/.local/lib/python3.8/site-packages/airflow/example_dags/example_bash_operator.py for tasks to queue
[2024-04-10T00:01:20.883+0000] {logging_mixin.py:188} INFO - [2024-04-10T00:01:20.883+0000] {dagbag.py:540} INFO - Filling up the DagBag from /home/airflow/.local/lib/python3.8/site-packages/airflow/example_dags/example_bash_operator.py
[2024-04-10T00:01:20.899+0000] {processor.py:840} INFO - DAG(s) 'example_bash_operator' retrieved from /home/airflow/.local/lib/python3.8/site-packages/airflow/example_dags/example_bash_operator.py
[2024-04-10T00:01:20.940+0000] {logging_mixin.py:188} INFO - [2024-04-10T00:01:20.939+0000] {dag.py:3047} INFO - Sync 1 DAGs
[2024-04-10T00:01:20.972+0000] {logging_mixin.py:188} INFO - [2024-04-10T00:01:20.972+0000] {dag.py:3834} INFO - Setting next_dagrun for example_bash_operator to 2024-04-09 00:00:00+00:00, run_after=2024-04-10 00:00:00+00:00
[2024-04-10T00:01:20.996+0000] {processor.py:183} INFO - Processing /home/airflow/.local/lib/python3.8/site-packages/airflow/example_dags/example_bash_operator.py took 0.127 seconds
[2024-04-10T00:01:51.933+0000] {processor.py:161} INFO - Started process (PID=973) to work on /home/airflow/.local/lib/python3.8/site-packages/airflow/example_dags/example_bash_operator.py
[2024-04-10T00:01:51.935+0000] {processor.py:830} INFO - Processing file /home/airflow/.local/lib/python3.8/site-packages/airflow/example_dags/example_bash_operator.py for tasks to queue
[2024-04-10T00:01:51.937+0000] {logging_mixin.py:188} INFO - [2024-04-10T00:01:51.937+0000] {dagbag.py:540} INFO - Filling up the DagBag from /home/airflow/.local/lib/python3.8/site-packages/airflow/example_dags/example_bash_operator.py
[2024-04-10T00:01:51.953+0000] {processor.py:840} INFO - DAG(s) 'example_bash_operator' retrieved from /home/airflow/.local/lib/python3.8/site-packages/airflow/example_dags/example_bash_operator.py
[2024-04-10T00:01:51.990+0000] {logging_mixin.py:188} INFO - [2024-04-10T00:01:51.989+0000] {dag.py:3047} INFO - Sync 1 DAGs
[2024-04-10T00:01:52.020+0000] {logging_mixin.py:188} INFO - [2024-04-10T00:01:52.020+0000] {dag.py:3834} INFO - Setting next_dagrun for example_bash_operator to 2024-04-09 00:00:00+00:00, run_after=2024-04-10 00:00:00+00:00
[2024-04-10T00:01:52.043+0000] {processor.py:183} INFO - Processing /home/airflow/.local/lib/python3.8/site-packages/airflow/example_dags/example_bash_operator.py took 0.115 seconds
[2024-04-10T00:02:22.382+0000] {processor.py:161} INFO - Started process (PID=1030) to work on /home/airflow/.local/lib/python3.8/site-packages/airflow/example_dags/example_bash_operator.py
[2024-04-10T00:02:22.383+0000] {processor.py:830} INFO - Processing file /home/airflow/.local/lib/python3.8/site-packages/airflow/example_dags/example_bash_operator.py for tasks to queue
[2024-04-10T00:02:22.385+0000] {logging_mixin.py:188} INFO - [2024-04-10T00:02:22.385+0000] {dagbag.py:540} INFO - Filling up the DagBag from /home/airflow/.local/lib/python3.8/site-packages/airflow/example_dags/example_bash_operator.py
[2024-04-10T00:02:22.397+0000] {processor.py:840} INFO - DAG(s) 'example_bash_operator' retrieved from /home/airflow/.local/lib/python3.8/site-packages/airflow/example_dags/example_bash_operator.py
[2024-04-10T00:02:22.431+0000] {logging_mixin.py:188} INFO - [2024-04-10T00:02:22.430+0000] {dag.py:3047} INFO - Sync 1 DAGs
[2024-04-10T00:02:22.456+0000] {logging_mixin.py:188} INFO - [2024-04-10T00:02:22.456+0000] {dag.py:3834} INFO - Setting next_dagrun for example_bash_operator to 2024-04-09 00:00:00+00:00, run_after=2024-04-10 00:00:00+00:00
[2024-04-10T00:02:22.475+0000] {processor.py:183} INFO - Processing /home/airflow/.local/lib/python3.8/site-packages/airflow/example_dags/example_bash_operator.py took 0.096 seconds
[2024-04-10T00:02:52.648+0000] {processor.py:161} INFO - Started process (PID=1088) to work on /home/airflow/.local/lib/python3.8/site-packages/airflow/example_dags/example_bash_operator.py
[2024-04-10T00:02:52.650+0000] {processor.py:830} INFO - Processing file /home/airflow/.local/lib/python3.8/site-packages/airflow/example_dags/example_bash_operator.py for tasks to queue
[2024-04-10T00:02:52.652+0000] {logging_mixin.py:188} INFO - [2024-04-10T00:02:52.652+0000] {dagbag.py:540} INFO - Filling up the DagBag from /home/airflow/.local/lib/python3.8/site-packages/airflow/example_dags/example_bash_operator.py
[2024-04-10T00:02:52.668+0000] {processor.py:840} INFO - DAG(s) 'example_bash_operator' retrieved from /home/airflow/.local/lib/python3.8/site-packages/airflow/example_dags/example_bash_operator.py
[2024-04-10T00:02:52.699+0000] {logging_mixin.py:188} INFO - [2024-04-10T00:02:52.699+0000] {dag.py:3047} INFO - Sync 1 DAGs
[2024-04-10T00:02:52.721+0000] {logging_mixin.py:188} INFO - [2024-04-10T00:02:52.721+0000] {dag.py:3834} INFO - Setting next_dagrun for example_bash_operator to 2024-04-09 00:00:00+00:00, run_after=2024-04-10 00:00:00+00:00
[2024-04-10T00:02:52.740+0000] {processor.py:183} INFO - Processing /home/airflow/.local/lib/python3.8/site-packages/airflow/example_dags/example_bash_operator.py took 0.096 seconds
[2024-04-10T00:03:22.898+0000] {processor.py:161} INFO - Started process (PID=1146) to work on /home/airflow/.local/lib/python3.8/site-packages/airflow/example_dags/example_bash_operator.py
[2024-04-10T00:03:22.899+0000] {processor.py:830} INFO - Processing file /home/airflow/.local/lib/python3.8/site-packages/airflow/example_dags/example_bash_operator.py for tasks to queue
[2024-04-10T00:03:22.901+0000] {logging_mixin.py:188} INFO - [2024-04-10T00:03:22.901+0000] {dagbag.py:540} INFO - Filling up the DagBag from /home/airflow/.local/lib/python3.8/site-packages/airflow/example_dags/example_bash_operator.py
[2024-04-10T00:03:22.912+0000] {processor.py:840} INFO - DAG(s) 'example_bash_operator' retrieved from /home/airflow/.local/lib/python3.8/site-packages/airflow/example_dags/example_bash_operator.py
[2024-04-10T00:03:22.942+0000] {logging_mixin.py:188} INFO - [2024-04-10T00:03:22.942+0000] {dag.py:3047} INFO - Sync 1 DAGs
[2024-04-10T00:03:22.964+0000] {logging_mixin.py:188} INFO - [2024-04-10T00:03:22.963+0000] {dag.py:3834} INFO - Setting next_dagrun for example_bash_operator to 2024-04-09 00:00:00+00:00, run_after=2024-04-10 00:00:00+00:00
[2024-04-10T00:03:22.981+0000] {processor.py:183} INFO - Processing /home/airflow/.local/lib/python3.8/site-packages/airflow/example_dags/example_bash_operator.py took 0.086 seconds
