[2024-04-10T00:00:31.916+0000] {processor.py:161} INFO - Started process (PID=814) to work on /home/airflow/.local/lib/python3.8/site-packages/airflow/example_dags/example_latest_only_with_trigger.py
[2024-04-10T00:00:31.917+0000] {processor.py:830} INFO - Processing file /home/airflow/.local/lib/python3.8/site-packages/airflow/example_dags/example_latest_only_with_trigger.py for tasks to queue
[2024-04-10T00:00:31.920+0000] {logging_mixin.py:188} INFO - [2024-04-10T00:00:31.920+0000] {dagbag.py:540} INFO - Filling up the DagBag from /home/airflow/.local/lib/python3.8/site-packages/airflow/example_dags/example_latest_only_with_trigger.py
[2024-04-10T00:00:31.926+0000] {processor.py:840} INFO - DAG(s) 'latest_only_with_trigger' retrieved from /home/airflow/.local/lib/python3.8/site-packages/airflow/example_dags/example_latest_only_with_trigger.py
[2024-04-10T00:00:31.947+0000] {logging_mixin.py:188} INFO - [2024-04-10T00:00:31.947+0000] {dag.py:3047} INFO - Sync 1 DAGs
[2024-04-10T00:00:31.969+0000] {logging_mixin.py:188} INFO - [2024-04-10T00:00:31.968+0000] {dag.py:3834} INFO - Setting next_dagrun for latest_only_with_trigger to 2024-04-09 20:00:00+00:00, run_after=2024-04-10 00:00:00+00:00
[2024-04-10T00:00:31.985+0000] {processor.py:183} INFO - Processing /home/airflow/.local/lib/python3.8/site-packages/airflow/example_dags/example_latest_only_with_trigger.py took 0.073 seconds
[2024-04-10T00:01:02.347+0000] {processor.py:161} INFO - Started process (PID=872) to work on /home/airflow/.local/lib/python3.8/site-packages/airflow/example_dags/example_latest_only_with_trigger.py
[2024-04-10T00:01:02.349+0000] {processor.py:830} INFO - Processing file /home/airflow/.local/lib/python3.8/site-packages/airflow/example_dags/example_latest_only_with_trigger.py for tasks to queue
[2024-04-10T00:01:02.351+0000] {logging_mixin.py:188} INFO - [2024-04-10T00:01:02.351+0000] {dagbag.py:540} INFO - Filling up the DagBag from /home/airflow/.local/lib/python3.8/site-packages/airflow/example_dags/example_latest_only_with_trigger.py
[2024-04-10T00:01:02.360+0000] {processor.py:840} INFO - DAG(s) 'latest_only_with_trigger' retrieved from /home/airflow/.local/lib/python3.8/site-packages/airflow/example_dags/example_latest_only_with_trigger.py
[2024-04-10T00:01:02.394+0000] {logging_mixin.py:188} INFO - [2024-04-10T00:01:02.393+0000] {dag.py:3047} INFO - Sync 1 DAGs
[2024-04-10T00:01:02.435+0000] {logging_mixin.py:188} INFO - [2024-04-10T00:01:02.435+0000] {dag.py:3834} INFO - Setting next_dagrun for latest_only_with_trigger to 2024-04-09 20:00:00+00:00, run_after=2024-04-10 00:00:00+00:00
[2024-04-10T00:01:02.464+0000] {processor.py:183} INFO - Processing /home/airflow/.local/lib/python3.8/site-packages/airflow/example_dags/example_latest_only_with_trigger.py took 0.122 seconds
[2024-04-10T00:01:32.723+0000] {processor.py:161} INFO - Started process (PID=930) to work on /home/airflow/.local/lib/python3.8/site-packages/airflow/example_dags/example_latest_only_with_trigger.py
[2024-04-10T00:01:32.725+0000] {processor.py:830} INFO - Processing file /home/airflow/.local/lib/python3.8/site-packages/airflow/example_dags/example_latest_only_with_trigger.py for tasks to queue
[2024-04-10T00:01:32.727+0000] {logging_mixin.py:188} INFO - [2024-04-10T00:01:32.727+0000] {dagbag.py:540} INFO - Filling up the DagBag from /home/airflow/.local/lib/python3.8/site-packages/airflow/example_dags/example_latest_only_with_trigger.py
[2024-04-10T00:01:32.734+0000] {processor.py:840} INFO - DAG(s) 'latest_only_with_trigger' retrieved from /home/airflow/.local/lib/python3.8/site-packages/airflow/example_dags/example_latest_only_with_trigger.py
[2024-04-10T00:01:32.759+0000] {logging_mixin.py:188} INFO - [2024-04-10T00:01:32.758+0000] {dag.py:3047} INFO - Sync 1 DAGs
[2024-04-10T00:01:32.787+0000] {logging_mixin.py:188} INFO - [2024-04-10T00:01:32.787+0000] {dag.py:3834} INFO - Setting next_dagrun for latest_only_with_trigger to 2024-04-09 20:00:00+00:00, run_after=2024-04-10 00:00:00+00:00
[2024-04-10T00:01:32.808+0000] {processor.py:183} INFO - Processing /home/airflow/.local/lib/python3.8/site-packages/airflow/example_dags/example_latest_only_with_trigger.py took 0.089 seconds
[2024-04-10T00:02:03.664+0000] {processor.py:161} INFO - Started process (PID=988) to work on /home/airflow/.local/lib/python3.8/site-packages/airflow/example_dags/example_latest_only_with_trigger.py
[2024-04-10T00:02:03.665+0000] {processor.py:830} INFO - Processing file /home/airflow/.local/lib/python3.8/site-packages/airflow/example_dags/example_latest_only_with_trigger.py for tasks to queue
[2024-04-10T00:02:03.667+0000] {logging_mixin.py:188} INFO - [2024-04-10T00:02:03.667+0000] {dagbag.py:540} INFO - Filling up the DagBag from /home/airflow/.local/lib/python3.8/site-packages/airflow/example_dags/example_latest_only_with_trigger.py
[2024-04-10T00:02:03.673+0000] {processor.py:840} INFO - DAG(s) 'latest_only_with_trigger' retrieved from /home/airflow/.local/lib/python3.8/site-packages/airflow/example_dags/example_latest_only_with_trigger.py
[2024-04-10T00:02:03.696+0000] {logging_mixin.py:188} INFO - [2024-04-10T00:02:03.695+0000] {dag.py:3047} INFO - Sync 1 DAGs
[2024-04-10T00:02:03.725+0000] {logging_mixin.py:188} INFO - [2024-04-10T00:02:03.725+0000] {dag.py:3834} INFO - Setting next_dagrun for latest_only_with_trigger to 2024-04-09 20:00:00+00:00, run_after=2024-04-10 00:00:00+00:00
[2024-04-10T00:02:03.750+0000] {processor.py:183} INFO - Processing /home/airflow/.local/lib/python3.8/site-packages/airflow/example_dags/example_latest_only_with_trigger.py took 0.089 seconds
[2024-04-10T00:02:34.516+0000] {processor.py:161} INFO - Started process (PID=1046) to work on /home/airflow/.local/lib/python3.8/site-packages/airflow/example_dags/example_latest_only_with_trigger.py
[2024-04-10T00:02:34.517+0000] {processor.py:830} INFO - Processing file /home/airflow/.local/lib/python3.8/site-packages/airflow/example_dags/example_latest_only_with_trigger.py for tasks to queue
[2024-04-10T00:02:34.519+0000] {logging_mixin.py:188} INFO - [2024-04-10T00:02:34.519+0000] {dagbag.py:540} INFO - Filling up the DagBag from /home/airflow/.local/lib/python3.8/site-packages/airflow/example_dags/example_latest_only_with_trigger.py
[2024-04-10T00:02:34.527+0000] {processor.py:840} INFO - DAG(s) 'latest_only_with_trigger' retrieved from /home/airflow/.local/lib/python3.8/site-packages/airflow/example_dags/example_latest_only_with_trigger.py
[2024-04-10T00:02:34.549+0000] {logging_mixin.py:188} INFO - [2024-04-10T00:02:34.548+0000] {dag.py:3047} INFO - Sync 1 DAGs
[2024-04-10T00:02:34.576+0000] {logging_mixin.py:188} INFO - [2024-04-10T00:02:34.576+0000] {dag.py:3834} INFO - Setting next_dagrun for latest_only_with_trigger to 2024-04-09 20:00:00+00:00, run_after=2024-04-10 00:00:00+00:00
[2024-04-10T00:02:34.599+0000] {processor.py:183} INFO - Processing /home/airflow/.local/lib/python3.8/site-packages/airflow/example_dags/example_latest_only_with_trigger.py took 0.087 seconds
[2024-04-10T00:03:05.320+0000] {processor.py:161} INFO - Started process (PID=1104) to work on /home/airflow/.local/lib/python3.8/site-packages/airflow/example_dags/example_latest_only_with_trigger.py
[2024-04-10T00:03:05.321+0000] {processor.py:830} INFO - Processing file /home/airflow/.local/lib/python3.8/site-packages/airflow/example_dags/example_latest_only_with_trigger.py for tasks to queue
[2024-04-10T00:03:05.323+0000] {logging_mixin.py:188} INFO - [2024-04-10T00:03:05.323+0000] {dagbag.py:540} INFO - Filling up the DagBag from /home/airflow/.local/lib/python3.8/site-packages/airflow/example_dags/example_latest_only_with_trigger.py
[2024-04-10T00:03:05.330+0000] {processor.py:840} INFO - DAG(s) 'latest_only_with_trigger' retrieved from /home/airflow/.local/lib/python3.8/site-packages/airflow/example_dags/example_latest_only_with_trigger.py
[2024-04-10T00:03:05.353+0000] {logging_mixin.py:188} INFO - [2024-04-10T00:03:05.353+0000] {dag.py:3047} INFO - Sync 1 DAGs
[2024-04-10T00:03:05.378+0000] {logging_mixin.py:188} INFO - [2024-04-10T00:03:05.377+0000] {dag.py:3834} INFO - Setting next_dagrun for latest_only_with_trigger to 2024-04-09 20:00:00+00:00, run_after=2024-04-10 00:00:00+00:00
[2024-04-10T00:03:05.398+0000] {processor.py:183} INFO - Processing /home/airflow/.local/lib/python3.8/site-packages/airflow/example_dags/example_latest_only_with_trigger.py took 0.081 seconds
