[2024-04-10T00:00:18.377+0000] {processor.py:161} INFO - Started process (PID=790) to work on /home/airflow/.local/lib/python3.8/site-packages/airflow/example_dags/example_branch_datetime_operator.py
[2024-04-10T00:00:18.379+0000] {processor.py:830} INFO - Processing file /home/airflow/.local/lib/python3.8/site-packages/airflow/example_dags/example_branch_datetime_operator.py for tasks to queue
[2024-04-10T00:00:18.381+0000] {logging_mixin.py:188} INFO - [2024-04-10T00:00:18.381+0000] {dagbag.py:540} INFO - Filling up the DagBag from /home/airflow/.local/lib/python3.8/site-packages/airflow/example_dags/example_branch_datetime_operator.py
[2024-04-10T00:00:18.394+0000] {processor.py:840} INFO - DAG(s) 'example_branch_datetime_operator_2', 'example_branch_datetime_operator_3', 'example_branch_datetime_operator' retrieved from /home/airflow/.local/lib/python3.8/site-packages/airflow/example_dags/example_branch_datetime_operator.py
[2024-04-10T00:00:18.435+0000] {logging_mixin.py:188} INFO - [2024-04-10T00:00:18.434+0000] {dag.py:3047} INFO - Sync 3 DAGs
[2024-04-10T00:00:18.464+0000] {logging_mixin.py:188} INFO - [2024-04-10T00:00:18.464+0000] {dag.py:3834} INFO - Setting next_dagrun for example_branch_datetime_operator to 2024-04-09 00:00:00+00:00, run_after=2024-04-10 00:00:00+00:00
[2024-04-10T00:00:18.471+0000] {logging_mixin.py:188} INFO - [2024-04-10T00:00:18.470+0000] {dag.py:3834} INFO - Setting next_dagrun for example_branch_datetime_operator_2 to 2024-04-09 00:00:00+00:00, run_after=2024-04-10 00:00:00+00:00
[2024-04-10T00:00:18.475+0000] {logging_mixin.py:188} INFO - [2024-04-10T00:00:18.474+0000] {dag.py:3834} INFO - Setting next_dagrun for example_branch_datetime_operator_3 to 2024-04-09 00:00:00+00:00, run_after=2024-04-10 00:00:00+00:00
[2024-04-10T00:00:18.978+0000] {processor.py:183} INFO - Processing /home/airflow/.local/lib/python3.8/site-packages/airflow/example_dags/example_branch_datetime_operator.py took 0.605 seconds
[2024-04-10T00:00:49.918+0000] {processor.py:161} INFO - Started process (PID=848) to work on /home/airflow/.local/lib/python3.8/site-packages/airflow/example_dags/example_branch_datetime_operator.py
[2024-04-10T00:00:49.920+0000] {processor.py:830} INFO - Processing file /home/airflow/.local/lib/python3.8/site-packages/airflow/example_dags/example_branch_datetime_operator.py for tasks to queue
[2024-04-10T00:00:49.922+0000] {logging_mixin.py:188} INFO - [2024-04-10T00:00:49.922+0000] {dagbag.py:540} INFO - Filling up the DagBag from /home/airflow/.local/lib/python3.8/site-packages/airflow/example_dags/example_branch_datetime_operator.py
[2024-04-10T00:00:49.941+0000] {processor.py:840} INFO - DAG(s) 'example_branch_datetime_operator_2', 'example_branch_datetime_operator_3', 'example_branch_datetime_operator' retrieved from /home/airflow/.local/lib/python3.8/site-packages/airflow/example_dags/example_branch_datetime_operator.py
[2024-04-10T00:00:49.982+0000] {logging_mixin.py:188} INFO - [2024-04-10T00:00:49.981+0000] {dag.py:3047} INFO - Sync 3 DAGs
[2024-04-10T00:00:50.016+0000] {logging_mixin.py:188} INFO - [2024-04-10T00:00:50.015+0000] {dag.py:3834} INFO - Setting next_dagrun for example_branch_datetime_operator to 2024-04-09 00:00:00+00:00, run_after=2024-04-10 00:00:00+00:00
[2024-04-10T00:00:50.022+0000] {logging_mixin.py:188} INFO - [2024-04-10T00:00:50.022+0000] {dag.py:3834} INFO - Setting next_dagrun for example_branch_datetime_operator_2 to 2024-04-09 00:00:00+00:00, run_after=2024-04-10 00:00:00+00:00
[2024-04-10T00:00:50.026+0000] {logging_mixin.py:188} INFO - [2024-04-10T00:00:50.026+0000] {dag.py:3834} INFO - Setting next_dagrun for example_branch_datetime_operator_3 to 2024-04-09 00:00:00+00:00, run_after=2024-04-10 00:00:00+00:00
[2024-04-10T00:00:50.060+0000] {processor.py:183} INFO - Processing /home/airflow/.local/lib/python3.8/site-packages/airflow/example_dags/example_branch_datetime_operator.py took 0.147 seconds
[2024-04-10T00:01:20.369+0000] {processor.py:161} INFO - Started process (PID=906) to work on /home/airflow/.local/lib/python3.8/site-packages/airflow/example_dags/example_branch_datetime_operator.py
[2024-04-10T00:01:20.376+0000] {processor.py:830} INFO - Processing file /home/airflow/.local/lib/python3.8/site-packages/airflow/example_dags/example_branch_datetime_operator.py for tasks to queue
[2024-04-10T00:01:20.378+0000] {logging_mixin.py:188} INFO - [2024-04-10T00:01:20.378+0000] {dagbag.py:540} INFO - Filling up the DagBag from /home/airflow/.local/lib/python3.8/site-packages/airflow/example_dags/example_branch_datetime_operator.py
[2024-04-10T00:01:20.393+0000] {processor.py:840} INFO - DAG(s) 'example_branch_datetime_operator', 'example_branch_datetime_operator_3', 'example_branch_datetime_operator_2' retrieved from /home/airflow/.local/lib/python3.8/site-packages/airflow/example_dags/example_branch_datetime_operator.py
[2024-04-10T00:01:20.429+0000] {logging_mixin.py:188} INFO - [2024-04-10T00:01:20.429+0000] {dag.py:3047} INFO - Sync 3 DAGs
[2024-04-10T00:01:20.462+0000] {logging_mixin.py:188} INFO - [2024-04-10T00:01:20.462+0000] {dag.py:3834} INFO - Setting next_dagrun for example_branch_datetime_operator to 2024-04-09 00:00:00+00:00, run_after=2024-04-10 00:00:00+00:00
[2024-04-10T00:01:20.470+0000] {logging_mixin.py:188} INFO - [2024-04-10T00:01:20.470+0000] {dag.py:3834} INFO - Setting next_dagrun for example_branch_datetime_operator_2 to 2024-04-09 00:00:00+00:00, run_after=2024-04-10 00:00:00+00:00
[2024-04-10T00:01:20.474+0000] {logging_mixin.py:188} INFO - [2024-04-10T00:01:20.474+0000] {dag.py:3834} INFO - Setting next_dagrun for example_branch_datetime_operator_3 to 2024-04-09 00:00:00+00:00, run_after=2024-04-10 00:00:00+00:00
[2024-04-10T00:01:20.523+0000] {processor.py:183} INFO - Processing /home/airflow/.local/lib/python3.8/site-packages/airflow/example_dags/example_branch_datetime_operator.py took 0.158 seconds
[2024-04-10T00:01:51.163+0000] {processor.py:161} INFO - Started process (PID=968) to work on /home/airflow/.local/lib/python3.8/site-packages/airflow/example_dags/example_branch_datetime_operator.py
[2024-04-10T00:01:51.165+0000] {processor.py:830} INFO - Processing file /home/airflow/.local/lib/python3.8/site-packages/airflow/example_dags/example_branch_datetime_operator.py for tasks to queue
[2024-04-10T00:01:51.167+0000] {logging_mixin.py:188} INFO - [2024-04-10T00:01:51.167+0000] {dagbag.py:540} INFO - Filling up the DagBag from /home/airflow/.local/lib/python3.8/site-packages/airflow/example_dags/example_branch_datetime_operator.py
[2024-04-10T00:01:51.181+0000] {processor.py:840} INFO - DAG(s) 'example_branch_datetime_operator_3', 'example_branch_datetime_operator_2', 'example_branch_datetime_operator' retrieved from /home/airflow/.local/lib/python3.8/site-packages/airflow/example_dags/example_branch_datetime_operator.py
[2024-04-10T00:01:51.225+0000] {logging_mixin.py:188} INFO - [2024-04-10T00:01:51.225+0000] {dag.py:3047} INFO - Sync 3 DAGs
[2024-04-10T00:01:51.260+0000] {logging_mixin.py:188} INFO - [2024-04-10T00:01:51.259+0000] {dag.py:3834} INFO - Setting next_dagrun for example_branch_datetime_operator to 2024-04-09 00:00:00+00:00, run_after=2024-04-10 00:00:00+00:00
[2024-04-10T00:01:51.268+0000] {logging_mixin.py:188} INFO - [2024-04-10T00:01:51.267+0000] {dag.py:3834} INFO - Setting next_dagrun for example_branch_datetime_operator_2 to 2024-04-09 00:00:00+00:00, run_after=2024-04-10 00:00:00+00:00
[2024-04-10T00:01:51.271+0000] {logging_mixin.py:188} INFO - [2024-04-10T00:01:51.271+0000] {dag.py:3834} INFO - Setting next_dagrun for example_branch_datetime_operator_3 to 2024-04-09 00:00:00+00:00, run_after=2024-04-10 00:00:00+00:00
[2024-04-10T00:01:51.299+0000] {processor.py:183} INFO - Processing /home/airflow/.local/lib/python3.8/site-packages/airflow/example_dags/example_branch_datetime_operator.py took 0.141 seconds
[2024-04-10T00:02:22.035+0000] {processor.py:161} INFO - Started process (PID=1025) to work on /home/airflow/.local/lib/python3.8/site-packages/airflow/example_dags/example_branch_datetime_operator.py
[2024-04-10T00:02:22.036+0000] {processor.py:830} INFO - Processing file /home/airflow/.local/lib/python3.8/site-packages/airflow/example_dags/example_branch_datetime_operator.py for tasks to queue
[2024-04-10T00:02:22.038+0000] {logging_mixin.py:188} INFO - [2024-04-10T00:02:22.038+0000] {dagbag.py:540} INFO - Filling up the DagBag from /home/airflow/.local/lib/python3.8/site-packages/airflow/example_dags/example_branch_datetime_operator.py
[2024-04-10T00:02:22.048+0000] {processor.py:840} INFO - DAG(s) 'example_branch_datetime_operator', 'example_branch_datetime_operator_3', 'example_branch_datetime_operator_2' retrieved from /home/airflow/.local/lib/python3.8/site-packages/airflow/example_dags/example_branch_datetime_operator.py
[2024-04-10T00:02:22.074+0000] {logging_mixin.py:188} INFO - [2024-04-10T00:02:22.074+0000] {dag.py:3047} INFO - Sync 3 DAGs
[2024-04-10T00:02:22.097+0000] {logging_mixin.py:188} INFO - [2024-04-10T00:02:22.097+0000] {dag.py:3834} INFO - Setting next_dagrun for example_branch_datetime_operator to 2024-04-09 00:00:00+00:00, run_after=2024-04-10 00:00:00+00:00
[2024-04-10T00:02:22.102+0000] {logging_mixin.py:188} INFO - [2024-04-10T00:02:22.102+0000] {dag.py:3834} INFO - Setting next_dagrun for example_branch_datetime_operator_2 to 2024-04-09 00:00:00+00:00, run_after=2024-04-10 00:00:00+00:00
[2024-04-10T00:02:22.104+0000] {logging_mixin.py:188} INFO - [2024-04-10T00:02:22.104+0000] {dag.py:3834} INFO - Setting next_dagrun for example_branch_datetime_operator_3 to 2024-04-09 00:00:00+00:00, run_after=2024-04-10 00:00:00+00:00
[2024-04-10T00:02:22.120+0000] {processor.py:183} INFO - Processing /home/airflow/.local/lib/python3.8/site-packages/airflow/example_dags/example_branch_datetime_operator.py took 0.088 seconds
[2024-04-10T00:02:52.297+0000] {processor.py:161} INFO - Started process (PID=1083) to work on /home/airflow/.local/lib/python3.8/site-packages/airflow/example_dags/example_branch_datetime_operator.py
[2024-04-10T00:02:52.298+0000] {processor.py:830} INFO - Processing file /home/airflow/.local/lib/python3.8/site-packages/airflow/example_dags/example_branch_datetime_operator.py for tasks to queue
[2024-04-10T00:02:52.300+0000] {logging_mixin.py:188} INFO - [2024-04-10T00:02:52.299+0000] {dagbag.py:540} INFO - Filling up the DagBag from /home/airflow/.local/lib/python3.8/site-packages/airflow/example_dags/example_branch_datetime_operator.py
[2024-04-10T00:02:52.309+0000] {processor.py:840} INFO - DAG(s) 'example_branch_datetime_operator_3', 'example_branch_datetime_operator', 'example_branch_datetime_operator_2' retrieved from /home/airflow/.local/lib/python3.8/site-packages/airflow/example_dags/example_branch_datetime_operator.py
[2024-04-10T00:02:52.336+0000] {logging_mixin.py:188} INFO - [2024-04-10T00:02:52.335+0000] {dag.py:3047} INFO - Sync 3 DAGs
[2024-04-10T00:02:52.358+0000] {logging_mixin.py:188} INFO - [2024-04-10T00:02:52.357+0000] {dag.py:3834} INFO - Setting next_dagrun for example_branch_datetime_operator to 2024-04-09 00:00:00+00:00, run_after=2024-04-10 00:00:00+00:00
[2024-04-10T00:02:52.363+0000] {logging_mixin.py:188} INFO - [2024-04-10T00:02:52.362+0000] {dag.py:3834} INFO - Setting next_dagrun for example_branch_datetime_operator_2 to 2024-04-09 00:00:00+00:00, run_after=2024-04-10 00:00:00+00:00
[2024-04-10T00:02:52.365+0000] {logging_mixin.py:188} INFO - [2024-04-10T00:02:52.365+0000] {dag.py:3834} INFO - Setting next_dagrun for example_branch_datetime_operator_3 to 2024-04-09 00:00:00+00:00, run_after=2024-04-10 00:00:00+00:00
[2024-04-10T00:02:52.383+0000] {processor.py:183} INFO - Processing /home/airflow/.local/lib/python3.8/site-packages/airflow/example_dags/example_branch_datetime_operator.py took 0.089 seconds
[2024-04-10T00:03:22.564+0000] {processor.py:161} INFO - Started process (PID=1141) to work on /home/airflow/.local/lib/python3.8/site-packages/airflow/example_dags/example_branch_datetime_operator.py
[2024-04-10T00:03:22.565+0000] {processor.py:830} INFO - Processing file /home/airflow/.local/lib/python3.8/site-packages/airflow/example_dags/example_branch_datetime_operator.py for tasks to queue
[2024-04-10T00:03:22.567+0000] {logging_mixin.py:188} INFO - [2024-04-10T00:03:22.567+0000] {dagbag.py:540} INFO - Filling up the DagBag from /home/airflow/.local/lib/python3.8/site-packages/airflow/example_dags/example_branch_datetime_operator.py
[2024-04-10T00:03:22.576+0000] {processor.py:840} INFO - DAG(s) 'example_branch_datetime_operator_3', 'example_branch_datetime_operator', 'example_branch_datetime_operator_2' retrieved from /home/airflow/.local/lib/python3.8/site-packages/airflow/example_dags/example_branch_datetime_operator.py
[2024-04-10T00:03:22.601+0000] {logging_mixin.py:188} INFO - [2024-04-10T00:03:22.601+0000] {dag.py:3047} INFO - Sync 3 DAGs
[2024-04-10T00:03:22.622+0000] {logging_mixin.py:188} INFO - [2024-04-10T00:03:22.622+0000] {dag.py:3834} INFO - Setting next_dagrun for example_branch_datetime_operator to 2024-04-09 00:00:00+00:00, run_after=2024-04-10 00:00:00+00:00
[2024-04-10T00:03:22.627+0000] {logging_mixin.py:188} INFO - [2024-04-10T00:03:22.627+0000] {dag.py:3834} INFO - Setting next_dagrun for example_branch_datetime_operator_2 to 2024-04-09 00:00:00+00:00, run_after=2024-04-10 00:00:00+00:00
[2024-04-10T00:03:22.630+0000] {logging_mixin.py:188} INFO - [2024-04-10T00:03:22.630+0000] {dag.py:3834} INFO - Setting next_dagrun for example_branch_datetime_operator_3 to 2024-04-09 00:00:00+00:00, run_after=2024-04-10 00:00:00+00:00
[2024-04-10T00:03:22.647+0000] {processor.py:183} INFO - Processing /home/airflow/.local/lib/python3.8/site-packages/airflow/example_dags/example_branch_datetime_operator.py took 0.086 seconds
