[2024-04-10T00:00:14.780+0000] {processor.py:161} INFO - Started process (PID=777) to work on /home/airflow/.local/lib/python3.8/site-packages/airflow/example_dags/example_branch_python_dop_operator_3.py
[2024-04-10T00:00:14.782+0000] {processor.py:830} INFO - Processing file /home/airflow/.local/lib/python3.8/site-packages/airflow/example_dags/example_branch_python_dop_operator_3.py for tasks to queue
[2024-04-10T00:00:14.784+0000] {logging_mixin.py:188} INFO - [2024-04-10T00:00:14.783+0000] {dagbag.py:540} INFO - Filling up the DagBag from /home/airflow/.local/lib/python3.8/site-packages/airflow/example_dags/example_branch_python_dop_operator_3.py
[2024-04-10T00:00:14.796+0000] {processor.py:840} INFO - DAG(s) 'example_branch_dop_operator_v3' retrieved from /home/airflow/.local/lib/python3.8/site-packages/airflow/example_dags/example_branch_python_dop_operator_3.py
[2024-04-10T00:00:14.821+0000] {logging_mixin.py:188} INFO - [2024-04-10T00:00:14.821+0000] {dag.py:3047} INFO - Sync 1 DAGs
[2024-04-10T00:00:14.856+0000] {logging_mixin.py:188} INFO - [2024-04-10T00:00:14.856+0000] {dag.py:3834} INFO - Setting next_dagrun for example_branch_dop_operator_v3 to 2024-04-09 23:59:00+00:00, run_after=2024-04-10 00:00:00+00:00
[2024-04-10T00:00:14.885+0000] {processor.py:183} INFO - Processing /home/airflow/.local/lib/python3.8/site-packages/airflow/example_dags/example_branch_python_dop_operator_3.py took 0.109 seconds
[2024-04-10T00:00:45.755+0000] {processor.py:161} INFO - Started process (PID=833) to work on /home/airflow/.local/lib/python3.8/site-packages/airflow/example_dags/example_branch_python_dop_operator_3.py
[2024-04-10T00:00:45.758+0000] {processor.py:830} INFO - Processing file /home/airflow/.local/lib/python3.8/site-packages/airflow/example_dags/example_branch_python_dop_operator_3.py for tasks to queue
[2024-04-10T00:00:45.762+0000] {logging_mixin.py:188} INFO - [2024-04-10T00:00:45.761+0000] {dagbag.py:540} INFO - Filling up the DagBag from /home/airflow/.local/lib/python3.8/site-packages/airflow/example_dags/example_branch_python_dop_operator_3.py
[2024-04-10T00:00:45.795+0000] {processor.py:840} INFO - DAG(s) 'example_branch_dop_operator_v3' retrieved from /home/airflow/.local/lib/python3.8/site-packages/airflow/example_dags/example_branch_python_dop_operator_3.py
[2024-04-10T00:00:45.857+0000] {logging_mixin.py:188} INFO - [2024-04-10T00:00:45.857+0000] {dag.py:3047} INFO - Sync 1 DAGs
[2024-04-10T00:00:45.992+0000] {logging_mixin.py:188} INFO - [2024-04-10T00:00:45.991+0000] {dag.py:3834} INFO - Setting next_dagrun for example_branch_dop_operator_v3 to 2024-04-09 23:59:00+00:00, run_after=2024-04-10 00:00:00+00:00
[2024-04-10T00:00:46.112+0000] {processor.py:183} INFO - Processing /home/airflow/.local/lib/python3.8/site-packages/airflow/example_dags/example_branch_python_dop_operator_3.py took 0.372 seconds
[2024-04-10T00:01:16.495+0000] {processor.py:161} INFO - Started process (PID=890) to work on /home/airflow/.local/lib/python3.8/site-packages/airflow/example_dags/example_branch_python_dop_operator_3.py
[2024-04-10T00:01:16.499+0000] {processor.py:830} INFO - Processing file /home/airflow/.local/lib/python3.8/site-packages/airflow/example_dags/example_branch_python_dop_operator_3.py for tasks to queue
[2024-04-10T00:01:16.504+0000] {logging_mixin.py:188} INFO - [2024-04-10T00:01:16.502+0000] {dagbag.py:540} INFO - Filling up the DagBag from /home/airflow/.local/lib/python3.8/site-packages/airflow/example_dags/example_branch_python_dop_operator_3.py
[2024-04-10T00:01:16.529+0000] {processor.py:840} INFO - DAG(s) 'example_branch_dop_operator_v3' retrieved from /home/airflow/.local/lib/python3.8/site-packages/airflow/example_dags/example_branch_python_dop_operator_3.py
[2024-04-10T00:01:16.580+0000] {logging_mixin.py:188} INFO - [2024-04-10T00:01:16.578+0000] {dag.py:3047} INFO - Sync 1 DAGs
[2024-04-10T00:01:16.671+0000] {logging_mixin.py:188} INFO - [2024-04-10T00:01:16.670+0000] {dag.py:3834} INFO - Setting next_dagrun for example_branch_dop_operator_v3 to 2024-04-10 00:00:00+00:00, run_after=2024-04-10 00:01:00+00:00
[2024-04-10T00:01:16.738+0000] {processor.py:183} INFO - Processing /home/airflow/.local/lib/python3.8/site-packages/airflow/example_dags/example_branch_python_dop_operator_3.py took 0.249 seconds
[2024-04-10T00:01:46.839+0000] {processor.py:161} INFO - Started process (PID=948) to work on /home/airflow/.local/lib/python3.8/site-packages/airflow/example_dags/example_branch_python_dop_operator_3.py
[2024-04-10T00:01:46.840+0000] {processor.py:830} INFO - Processing file /home/airflow/.local/lib/python3.8/site-packages/airflow/example_dags/example_branch_python_dop_operator_3.py for tasks to queue
[2024-04-10T00:01:46.842+0000] {logging_mixin.py:188} INFO - [2024-04-10T00:01:46.841+0000] {dagbag.py:540} INFO - Filling up the DagBag from /home/airflow/.local/lib/python3.8/site-packages/airflow/example_dags/example_branch_python_dop_operator_3.py
[2024-04-10T00:01:46.851+0000] {processor.py:840} INFO - DAG(s) 'example_branch_dop_operator_v3' retrieved from /home/airflow/.local/lib/python3.8/site-packages/airflow/example_dags/example_branch_python_dop_operator_3.py
[2024-04-10T00:01:46.873+0000] {logging_mixin.py:188} INFO - [2024-04-10T00:01:46.873+0000] {dag.py:3047} INFO - Sync 1 DAGs
[2024-04-10T00:01:46.903+0000] {logging_mixin.py:188} INFO - [2024-04-10T00:01:46.902+0000] {dag.py:3834} INFO - Setting next_dagrun for example_branch_dop_operator_v3 to 2024-04-10 00:00:00+00:00, run_after=2024-04-10 00:01:00+00:00
[2024-04-10T00:01:46.924+0000] {processor.py:183} INFO - Processing /home/airflow/.local/lib/python3.8/site-packages/airflow/example_dags/example_branch_python_dop_operator_3.py took 0.088 seconds
[2024-04-10T00:02:17.132+0000] {processor.py:161} INFO - Started process (PID=1006) to work on /home/airflow/.local/lib/python3.8/site-packages/airflow/example_dags/example_branch_python_dop_operator_3.py
[2024-04-10T00:02:17.134+0000] {processor.py:830} INFO - Processing file /home/airflow/.local/lib/python3.8/site-packages/airflow/example_dags/example_branch_python_dop_operator_3.py for tasks to queue
[2024-04-10T00:02:17.136+0000] {logging_mixin.py:188} INFO - [2024-04-10T00:02:17.135+0000] {dagbag.py:540} INFO - Filling up the DagBag from /home/airflow/.local/lib/python3.8/site-packages/airflow/example_dags/example_branch_python_dop_operator_3.py
[2024-04-10T00:02:17.146+0000] {processor.py:840} INFO - DAG(s) 'example_branch_dop_operator_v3' retrieved from /home/airflow/.local/lib/python3.8/site-packages/airflow/example_dags/example_branch_python_dop_operator_3.py
[2024-04-10T00:02:17.166+0000] {logging_mixin.py:188} INFO - [2024-04-10T00:02:17.166+0000] {dag.py:3047} INFO - Sync 1 DAGs
[2024-04-10T00:02:17.195+0000] {logging_mixin.py:188} INFO - [2024-04-10T00:02:17.194+0000] {dag.py:3834} INFO - Setting next_dagrun for example_branch_dop_operator_v3 to 2024-04-10 00:01:00+00:00, run_after=2024-04-10 00:02:00+00:00
[2024-04-10T00:02:17.220+0000] {processor.py:183} INFO - Processing /home/airflow/.local/lib/python3.8/site-packages/airflow/example_dags/example_branch_python_dop_operator_3.py took 0.092 seconds
[2024-04-10T00:02:47.314+0000] {processor.py:161} INFO - Started process (PID=1064) to work on /home/airflow/.local/lib/python3.8/site-packages/airflow/example_dags/example_branch_python_dop_operator_3.py
[2024-04-10T00:02:47.315+0000] {processor.py:830} INFO - Processing file /home/airflow/.local/lib/python3.8/site-packages/airflow/example_dags/example_branch_python_dop_operator_3.py for tasks to queue
[2024-04-10T00:02:47.317+0000] {logging_mixin.py:188} INFO - [2024-04-10T00:02:47.316+0000] {dagbag.py:540} INFO - Filling up the DagBag from /home/airflow/.local/lib/python3.8/site-packages/airflow/example_dags/example_branch_python_dop_operator_3.py
[2024-04-10T00:02:47.325+0000] {processor.py:840} INFO - DAG(s) 'example_branch_dop_operator_v3' retrieved from /home/airflow/.local/lib/python3.8/site-packages/airflow/example_dags/example_branch_python_dop_operator_3.py
[2024-04-10T00:02:47.342+0000] {logging_mixin.py:188} INFO - [2024-04-10T00:02:47.341+0000] {dag.py:3047} INFO - Sync 1 DAGs
[2024-04-10T00:02:47.366+0000] {logging_mixin.py:188} INFO - [2024-04-10T00:02:47.366+0000] {dag.py:3834} INFO - Setting next_dagrun for example_branch_dop_operator_v3 to 2024-04-10 00:01:00+00:00, run_after=2024-04-10 00:02:00+00:00
[2024-04-10T00:02:47.386+0000] {processor.py:183} INFO - Processing /home/airflow/.local/lib/python3.8/site-packages/airflow/example_dags/example_branch_python_dop_operator_3.py took 0.074 seconds
[2024-04-10T00:03:17.542+0000] {processor.py:161} INFO - Started process (PID=1122) to work on /home/airflow/.local/lib/python3.8/site-packages/airflow/example_dags/example_branch_python_dop_operator_3.py
[2024-04-10T00:03:17.543+0000] {processor.py:830} INFO - Processing file /home/airflow/.local/lib/python3.8/site-packages/airflow/example_dags/example_branch_python_dop_operator_3.py for tasks to queue
[2024-04-10T00:03:17.545+0000] {logging_mixin.py:188} INFO - [2024-04-10T00:03:17.544+0000] {dagbag.py:540} INFO - Filling up the DagBag from /home/airflow/.local/lib/python3.8/site-packages/airflow/example_dags/example_branch_python_dop_operator_3.py
[2024-04-10T00:03:17.553+0000] {processor.py:840} INFO - DAG(s) 'example_branch_dop_operator_v3' retrieved from /home/airflow/.local/lib/python3.8/site-packages/airflow/example_dags/example_branch_python_dop_operator_3.py
[2024-04-10T00:03:17.570+0000] {logging_mixin.py:188} INFO - [2024-04-10T00:03:17.570+0000] {dag.py:3047} INFO - Sync 1 DAGs
[2024-04-10T00:03:17.595+0000] {logging_mixin.py:188} INFO - [2024-04-10T00:03:17.595+0000] {dag.py:3834} INFO - Setting next_dagrun for example_branch_dop_operator_v3 to 2024-04-10 00:02:00+00:00, run_after=2024-04-10 00:03:00+00:00
[2024-04-10T00:03:17.616+0000] {processor.py:183} INFO - Processing /home/airflow/.local/lib/python3.8/site-packages/airflow/example_dags/example_branch_python_dop_operator_3.py took 0.077 seconds
