[2024-04-10T00:00:22.728+0000] {processor.py:161} INFO - Started process (PID=811) to work on /home/airflow/.local/lib/python3.8/site-packages/airflow/example_dags/example_sensors.py
[2024-04-10T00:00:22.730+0000] {processor.py:830} INFO - Processing file /home/airflow/.local/lib/python3.8/site-packages/airflow/example_dags/example_sensors.py for tasks to queue
[2024-04-10T00:00:22.732+0000] {logging_mixin.py:188} INFO - [2024-04-10T00:00:22.731+0000] {dagbag.py:540} INFO - Filling up the DagBag from /home/airflow/.local/lib/python3.8/site-packages/airflow/example_dags/example_sensors.py
[2024-04-10T00:00:22.756+0000] {processor.py:840} INFO - DAG(s) 'example_sensors' retrieved from /home/airflow/.local/lib/python3.8/site-packages/airflow/example_dags/example_sensors.py
[2024-04-10T00:00:22.783+0000] {logging_mixin.py:188} INFO - [2024-04-10T00:00:22.783+0000] {dag.py:3047} INFO - Sync 1 DAGs
[2024-04-10T00:00:22.800+0000] {logging_mixin.py:188} INFO - [2024-04-10T00:00:22.799+0000] {dag.py:3834} INFO - Setting next_dagrun for example_sensors to None, run_after=None
[2024-04-10T00:00:23.041+0000] {processor.py:183} INFO - Processing /home/airflow/.local/lib/python3.8/site-packages/airflow/example_dags/example_sensors.py took 0.317 seconds
[2024-04-10T00:00:53.174+0000] {processor.py:161} INFO - Started process (PID=869) to work on /home/airflow/.local/lib/python3.8/site-packages/airflow/example_dags/example_sensors.py
[2024-04-10T00:00:53.175+0000] {processor.py:830} INFO - Processing file /home/airflow/.local/lib/python3.8/site-packages/airflow/example_dags/example_sensors.py for tasks to queue
[2024-04-10T00:00:53.180+0000] {logging_mixin.py:188} INFO - [2024-04-10T00:00:53.179+0000] {dagbag.py:540} INFO - Filling up the DagBag from /home/airflow/.local/lib/python3.8/site-packages/airflow/example_dags/example_sensors.py
[2024-04-10T00:00:53.197+0000] {processor.py:840} INFO - DAG(s) 'example_sensors' retrieved from /home/airflow/.local/lib/python3.8/site-packages/airflow/example_dags/example_sensors.py
[2024-04-10T00:00:53.244+0000] {logging_mixin.py:188} INFO - [2024-04-10T00:00:53.244+0000] {dag.py:3047} INFO - Sync 1 DAGs
[2024-04-10T00:00:53.266+0000] {logging_mixin.py:188} INFO - [2024-04-10T00:00:53.266+0000] {dag.py:3834} INFO - Setting next_dagrun for example_sensors to None, run_after=None
[2024-04-10T00:00:53.300+0000] {processor.py:183} INFO - Processing /home/airflow/.local/lib/python3.8/site-packages/airflow/example_dags/example_sensors.py took 0.132 seconds
[2024-04-10T00:01:23.552+0000] {processor.py:161} INFO - Started process (PID=927) to work on /home/airflow/.local/lib/python3.8/site-packages/airflow/example_dags/example_sensors.py
[2024-04-10T00:01:23.553+0000] {processor.py:830} INFO - Processing file /home/airflow/.local/lib/python3.8/site-packages/airflow/example_dags/example_sensors.py for tasks to queue
[2024-04-10T00:01:23.554+0000] {logging_mixin.py:188} INFO - [2024-04-10T00:01:23.554+0000] {dagbag.py:540} INFO - Filling up the DagBag from /home/airflow/.local/lib/python3.8/site-packages/airflow/example_dags/example_sensors.py
[2024-04-10T00:01:23.564+0000] {processor.py:840} INFO - DAG(s) 'example_sensors' retrieved from /home/airflow/.local/lib/python3.8/site-packages/airflow/example_dags/example_sensors.py
[2024-04-10T00:01:23.593+0000] {logging_mixin.py:188} INFO - [2024-04-10T00:01:23.593+0000] {dag.py:3047} INFO - Sync 1 DAGs
[2024-04-10T00:01:23.608+0000] {logging_mixin.py:188} INFO - [2024-04-10T00:01:23.608+0000] {dag.py:3834} INFO - Setting next_dagrun for example_sensors to None, run_after=None
[2024-04-10T00:01:23.648+0000] {processor.py:183} INFO - Processing /home/airflow/.local/lib/python3.8/site-packages/airflow/example_dags/example_sensors.py took 0.100 seconds
[2024-04-10T00:01:54.486+0000] {processor.py:161} INFO - Started process (PID=985) to work on /home/airflow/.local/lib/python3.8/site-packages/airflow/example_dags/example_sensors.py
[2024-04-10T00:01:54.488+0000] {processor.py:830} INFO - Processing file /home/airflow/.local/lib/python3.8/site-packages/airflow/example_dags/example_sensors.py for tasks to queue
[2024-04-10T00:01:54.490+0000] {logging_mixin.py:188} INFO - [2024-04-10T00:01:54.490+0000] {dagbag.py:540} INFO - Filling up the DagBag from /home/airflow/.local/lib/python3.8/site-packages/airflow/example_dags/example_sensors.py
[2024-04-10T00:01:54.506+0000] {processor.py:840} INFO - DAG(s) 'example_sensors' retrieved from /home/airflow/.local/lib/python3.8/site-packages/airflow/example_dags/example_sensors.py
[2024-04-10T00:01:54.548+0000] {logging_mixin.py:188} INFO - [2024-04-10T00:01:54.548+0000] {dag.py:3047} INFO - Sync 1 DAGs
[2024-04-10T00:01:54.571+0000] {logging_mixin.py:188} INFO - [2024-04-10T00:01:54.570+0000] {dag.py:3834} INFO - Setting next_dagrun for example_sensors to None, run_after=None
[2024-04-10T00:01:54.598+0000] {processor.py:183} INFO - Processing /home/airflow/.local/lib/python3.8/site-packages/airflow/example_dags/example_sensors.py took 0.117 seconds
[2024-04-10T00:02:25.361+0000] {processor.py:161} INFO - Started process (PID=1041) to work on /home/airflow/.local/lib/python3.8/site-packages/airflow/example_dags/example_sensors.py
[2024-04-10T00:02:25.362+0000] {processor.py:830} INFO - Processing file /home/airflow/.local/lib/python3.8/site-packages/airflow/example_dags/example_sensors.py for tasks to queue
[2024-04-10T00:02:25.364+0000] {logging_mixin.py:188} INFO - [2024-04-10T00:02:25.364+0000] {dagbag.py:540} INFO - Filling up the DagBag from /home/airflow/.local/lib/python3.8/site-packages/airflow/example_dags/example_sensors.py
[2024-04-10T00:02:25.374+0000] {processor.py:840} INFO - DAG(s) 'example_sensors' retrieved from /home/airflow/.local/lib/python3.8/site-packages/airflow/example_dags/example_sensors.py
[2024-04-10T00:02:25.409+0000] {logging_mixin.py:188} INFO - [2024-04-10T00:02:25.409+0000] {dag.py:3047} INFO - Sync 1 DAGs
[2024-04-10T00:02:25.423+0000] {logging_mixin.py:188} INFO - [2024-04-10T00:02:25.423+0000] {dag.py:3834} INFO - Setting next_dagrun for example_sensors to None, run_after=None
[2024-04-10T00:02:25.447+0000] {processor.py:183} INFO - Processing /home/airflow/.local/lib/python3.8/site-packages/airflow/example_dags/example_sensors.py took 0.089 seconds
[2024-04-10T00:02:56.149+0000] {processor.py:161} INFO - Started process (PID=1098) to work on /home/airflow/.local/lib/python3.8/site-packages/airflow/example_dags/example_sensors.py
[2024-04-10T00:02:56.150+0000] {processor.py:830} INFO - Processing file /home/airflow/.local/lib/python3.8/site-packages/airflow/example_dags/example_sensors.py for tasks to queue
[2024-04-10T00:02:56.152+0000] {logging_mixin.py:188} INFO - [2024-04-10T00:02:56.151+0000] {dagbag.py:540} INFO - Filling up the DagBag from /home/airflow/.local/lib/python3.8/site-packages/airflow/example_dags/example_sensors.py
[2024-04-10T00:02:56.160+0000] {processor.py:840} INFO - DAG(s) 'example_sensors' retrieved from /home/airflow/.local/lib/python3.8/site-packages/airflow/example_dags/example_sensors.py
[2024-04-10T00:02:56.185+0000] {logging_mixin.py:188} INFO - [2024-04-10T00:02:56.185+0000] {dag.py:3047} INFO - Sync 1 DAGs
[2024-04-10T00:02:56.198+0000] {logging_mixin.py:188} INFO - [2024-04-10T00:02:56.198+0000] {dag.py:3834} INFO - Setting next_dagrun for example_sensors to None, run_after=None
[2024-04-10T00:02:56.217+0000] {processor.py:183} INFO - Processing /home/airflow/.local/lib/python3.8/site-packages/airflow/example_dags/example_sensors.py took 0.072 seconds
[2024-04-10T00:03:26.362+0000] {processor.py:161} INFO - Started process (PID=1156) to work on /home/airflow/.local/lib/python3.8/site-packages/airflow/example_dags/example_sensors.py
[2024-04-10T00:03:26.363+0000] {processor.py:830} INFO - Processing file /home/airflow/.local/lib/python3.8/site-packages/airflow/example_dags/example_sensors.py for tasks to queue
[2024-04-10T00:03:26.365+0000] {logging_mixin.py:188} INFO - [2024-04-10T00:03:26.364+0000] {dagbag.py:540} INFO - Filling up the DagBag from /home/airflow/.local/lib/python3.8/site-packages/airflow/example_dags/example_sensors.py
[2024-04-10T00:03:26.373+0000] {processor.py:840} INFO - DAG(s) 'example_sensors' retrieved from /home/airflow/.local/lib/python3.8/site-packages/airflow/example_dags/example_sensors.py
[2024-04-10T00:03:26.399+0000] {logging_mixin.py:188} INFO - [2024-04-10T00:03:26.399+0000] {dag.py:3047} INFO - Sync 1 DAGs
[2024-04-10T00:03:26.412+0000] {logging_mixin.py:188} INFO - [2024-04-10T00:03:26.412+0000] {dag.py:3834} INFO - Setting next_dagrun for example_sensors to None, run_after=None
[2024-04-10T00:03:26.432+0000] {processor.py:183} INFO - Processing /home/airflow/.local/lib/python3.8/site-packages/airflow/example_dags/example_sensors.py took 0.072 seconds
