[2024-04-10T00:00:32.110+0000] {processor.py:161} INFO - Started process (PID=817) to work on /home/airflow/.local/lib/python3.8/site-packages/airflow/example_dags/example_python_operator.py
[2024-04-10T00:00:32.111+0000] {processor.py:830} INFO - Processing file /home/airflow/.local/lib/python3.8/site-packages/airflow/example_dags/example_python_operator.py for tasks to queue
[2024-04-10T00:00:32.113+0000] {logging_mixin.py:188} INFO - [2024-04-10T00:00:32.113+0000] {dagbag.py:540} INFO - Filling up the DagBag from /home/airflow/.local/lib/python3.8/site-packages/airflow/example_dags/example_python_operator.py
[2024-04-10T00:00:32.125+0000] {processor.py:840} INFO - DAG(s) 'example_python_operator' retrieved from /home/airflow/.local/lib/python3.8/site-packages/airflow/example_dags/example_python_operator.py
[2024-04-10T00:00:32.148+0000] {logging_mixin.py:188} INFO - [2024-04-10T00:00:32.148+0000] {dag.py:3047} INFO - Sync 1 DAGs
[2024-04-10T00:00:32.162+0000] {logging_mixin.py:188} INFO - [2024-04-10T00:00:32.162+0000] {dag.py:3834} INFO - Setting next_dagrun for example_python_operator to None, run_after=None
[2024-04-10T00:00:32.182+0000] {processor.py:183} INFO - Processing /home/airflow/.local/lib/python3.8/site-packages/airflow/example_dags/example_python_operator.py took 0.076 seconds
[2024-04-10T00:01:02.563+0000] {processor.py:161} INFO - Started process (PID=875) to work on /home/airflow/.local/lib/python3.8/site-packages/airflow/example_dags/example_python_operator.py
[2024-04-10T00:01:02.565+0000] {processor.py:830} INFO - Processing file /home/airflow/.local/lib/python3.8/site-packages/airflow/example_dags/example_python_operator.py for tasks to queue
[2024-04-10T00:01:02.568+0000] {logging_mixin.py:188} INFO - [2024-04-10T00:01:02.568+0000] {dagbag.py:540} INFO - Filling up the DagBag from /home/airflow/.local/lib/python3.8/site-packages/airflow/example_dags/example_python_operator.py
[2024-04-10T00:01:02.587+0000] {processor.py:840} INFO - DAG(s) 'example_python_operator' retrieved from /home/airflow/.local/lib/python3.8/site-packages/airflow/example_dags/example_python_operator.py
[2024-04-10T00:01:02.623+0000] {logging_mixin.py:188} INFO - [2024-04-10T00:01:02.622+0000] {dag.py:3047} INFO - Sync 1 DAGs
[2024-04-10T00:01:02.649+0000] {logging_mixin.py:188} INFO - [2024-04-10T00:01:02.649+0000] {dag.py:3834} INFO - Setting next_dagrun for example_python_operator to None, run_after=None
[2024-04-10T00:01:02.683+0000] {processor.py:183} INFO - Processing /home/airflow/.local/lib/python3.8/site-packages/airflow/example_dags/example_python_operator.py took 0.124 seconds
[2024-04-10T00:01:32.864+0000] {processor.py:161} INFO - Started process (PID=933) to work on /home/airflow/.local/lib/python3.8/site-packages/airflow/example_dags/example_python_operator.py
[2024-04-10T00:01:32.866+0000] {processor.py:830} INFO - Processing file /home/airflow/.local/lib/python3.8/site-packages/airflow/example_dags/example_python_operator.py for tasks to queue
[2024-04-10T00:01:32.868+0000] {logging_mixin.py:188} INFO - [2024-04-10T00:01:32.868+0000] {dagbag.py:540} INFO - Filling up the DagBag from /home/airflow/.local/lib/python3.8/site-packages/airflow/example_dags/example_python_operator.py
[2024-04-10T00:01:32.882+0000] {processor.py:840} INFO - DAG(s) 'example_python_operator' retrieved from /home/airflow/.local/lib/python3.8/site-packages/airflow/example_dags/example_python_operator.py
[2024-04-10T00:01:32.911+0000] {logging_mixin.py:188} INFO - [2024-04-10T00:01:32.911+0000] {dag.py:3047} INFO - Sync 1 DAGs
[2024-04-10T00:01:32.930+0000] {logging_mixin.py:188} INFO - [2024-04-10T00:01:32.930+0000] {dag.py:3834} INFO - Setting next_dagrun for example_python_operator to None, run_after=None
[2024-04-10T00:01:32.956+0000] {processor.py:183} INFO - Processing /home/airflow/.local/lib/python3.8/site-packages/airflow/example_dags/example_python_operator.py took 0.096 seconds
[2024-04-10T00:02:03.793+0000] {processor.py:161} INFO - Started process (PID=991) to work on /home/airflow/.local/lib/python3.8/site-packages/airflow/example_dags/example_python_operator.py
[2024-04-10T00:02:03.795+0000] {processor.py:830} INFO - Processing file /home/airflow/.local/lib/python3.8/site-packages/airflow/example_dags/example_python_operator.py for tasks to queue
[2024-04-10T00:02:03.797+0000] {logging_mixin.py:188} INFO - [2024-04-10T00:02:03.797+0000] {dagbag.py:540} INFO - Filling up the DagBag from /home/airflow/.local/lib/python3.8/site-packages/airflow/example_dags/example_python_operator.py
[2024-04-10T00:02:03.812+0000] {processor.py:840} INFO - DAG(s) 'example_python_operator' retrieved from /home/airflow/.local/lib/python3.8/site-packages/airflow/example_dags/example_python_operator.py
[2024-04-10T00:02:03.839+0000] {logging_mixin.py:188} INFO - [2024-04-10T00:02:03.838+0000] {dag.py:3047} INFO - Sync 1 DAGs
[2024-04-10T00:02:03.859+0000] {logging_mixin.py:188} INFO - [2024-04-10T00:02:03.858+0000] {dag.py:3834} INFO - Setting next_dagrun for example_python_operator to None, run_after=None
[2024-04-10T00:02:03.887+0000] {processor.py:183} INFO - Processing /home/airflow/.local/lib/python3.8/site-packages/airflow/example_dags/example_python_operator.py took 0.097 seconds
[2024-04-10T00:02:34.661+0000] {processor.py:161} INFO - Started process (PID=1049) to work on /home/airflow/.local/lib/python3.8/site-packages/airflow/example_dags/example_python_operator.py
[2024-04-10T00:02:34.662+0000] {processor.py:830} INFO - Processing file /home/airflow/.local/lib/python3.8/site-packages/airflow/example_dags/example_python_operator.py for tasks to queue
[2024-04-10T00:02:34.664+0000] {logging_mixin.py:188} INFO - [2024-04-10T00:02:34.664+0000] {dagbag.py:540} INFO - Filling up the DagBag from /home/airflow/.local/lib/python3.8/site-packages/airflow/example_dags/example_python_operator.py
[2024-04-10T00:02:34.676+0000] {processor.py:840} INFO - DAG(s) 'example_python_operator' retrieved from /home/airflow/.local/lib/python3.8/site-packages/airflow/example_dags/example_python_operator.py
[2024-04-10T00:02:34.702+0000] {logging_mixin.py:188} INFO - [2024-04-10T00:02:34.701+0000] {dag.py:3047} INFO - Sync 1 DAGs
[2024-04-10T00:02:34.716+0000] {logging_mixin.py:188} INFO - [2024-04-10T00:02:34.716+0000] {dag.py:3834} INFO - Setting next_dagrun for example_python_operator to None, run_after=None
[2024-04-10T00:02:34.738+0000] {processor.py:183} INFO - Processing /home/airflow/.local/lib/python3.8/site-packages/airflow/example_dags/example_python_operator.py took 0.080 seconds
[2024-04-10T00:03:05.454+0000] {processor.py:161} INFO - Started process (PID=1107) to work on /home/airflow/.local/lib/python3.8/site-packages/airflow/example_dags/example_python_operator.py
[2024-04-10T00:03:05.455+0000] {processor.py:830} INFO - Processing file /home/airflow/.local/lib/python3.8/site-packages/airflow/example_dags/example_python_operator.py for tasks to queue
[2024-04-10T00:03:05.457+0000] {logging_mixin.py:188} INFO - [2024-04-10T00:03:05.457+0000] {dagbag.py:540} INFO - Filling up the DagBag from /home/airflow/.local/lib/python3.8/site-packages/airflow/example_dags/example_python_operator.py
[2024-04-10T00:03:05.468+0000] {processor.py:840} INFO - DAG(s) 'example_python_operator' retrieved from /home/airflow/.local/lib/python3.8/site-packages/airflow/example_dags/example_python_operator.py
[2024-04-10T00:03:05.492+0000] {logging_mixin.py:188} INFO - [2024-04-10T00:03:05.491+0000] {dag.py:3047} INFO - Sync 1 DAGs
[2024-04-10T00:03:05.506+0000] {logging_mixin.py:188} INFO - [2024-04-10T00:03:05.506+0000] {dag.py:3834} INFO - Setting next_dagrun for example_python_operator to None, run_after=None
[2024-04-10T00:03:05.527+0000] {processor.py:183} INFO - Processing /home/airflow/.local/lib/python3.8/site-packages/airflow/example_dags/example_python_operator.py took 0.076 seconds
