[2024-04-10T00:00:32.016+0000] {processor.py:161} INFO - Started process (PID=816) to work on /home/airflow/.local/lib/python3.8/site-packages/airflow/example_dags/tutorial_dag.py
[2024-04-10T00:00:32.017+0000] {processor.py:830} INFO - Processing file /home/airflow/.local/lib/python3.8/site-packages/airflow/example_dags/tutorial_dag.py for tasks to queue
[2024-04-10T00:00:32.019+0000] {logging_mixin.py:188} INFO - [2024-04-10T00:00:32.019+0000] {dagbag.py:540} INFO - Filling up the DagBag from /home/airflow/.local/lib/python3.8/site-packages/airflow/example_dags/tutorial_dag.py
[2024-04-10T00:00:32.025+0000] {processor.py:840} INFO - DAG(s) 'tutorial_dag' retrieved from /home/airflow/.local/lib/python3.8/site-packages/airflow/example_dags/tutorial_dag.py
[2024-04-10T00:00:32.049+0000] {logging_mixin.py:188} INFO - [2024-04-10T00:00:32.049+0000] {dag.py:3047} INFO - Sync 1 DAGs
[2024-04-10T00:00:32.064+0000] {logging_mixin.py:188} INFO - [2024-04-10T00:00:32.064+0000] {dag.py:3834} INFO - Setting next_dagrun for tutorial_dag to None, run_after=None
[2024-04-10T00:00:32.085+0000] {processor.py:183} INFO - Processing /home/airflow/.local/lib/python3.8/site-packages/airflow/example_dags/tutorial_dag.py took 0.073 seconds
[2024-04-10T00:01:02.502+0000] {processor.py:161} INFO - Started process (PID=874) to work on /home/airflow/.local/lib/python3.8/site-packages/airflow/example_dags/tutorial_dag.py
[2024-04-10T00:01:02.504+0000] {processor.py:830} INFO - Processing file /home/airflow/.local/lib/python3.8/site-packages/airflow/example_dags/tutorial_dag.py for tasks to queue
[2024-04-10T00:01:02.507+0000] {logging_mixin.py:188} INFO - [2024-04-10T00:01:02.506+0000] {dagbag.py:540} INFO - Filling up the DagBag from /home/airflow/.local/lib/python3.8/site-packages/airflow/example_dags/tutorial_dag.py
[2024-04-10T00:01:02.518+0000] {processor.py:840} INFO - DAG(s) 'tutorial_dag' retrieved from /home/airflow/.local/lib/python3.8/site-packages/airflow/example_dags/tutorial_dag.py
[2024-04-10T00:01:02.559+0000] {logging_mixin.py:188} INFO - [2024-04-10T00:01:02.559+0000] {dag.py:3047} INFO - Sync 1 DAGs
[2024-04-10T00:01:02.584+0000] {logging_mixin.py:188} INFO - [2024-04-10T00:01:02.583+0000] {dag.py:3834} INFO - Setting next_dagrun for tutorial_dag to None, run_after=None
[2024-04-10T00:01:02.614+0000] {processor.py:183} INFO - Processing /home/airflow/.local/lib/python3.8/site-packages/airflow/example_dags/tutorial_dag.py took 0.119 seconds
[2024-04-10T00:01:32.836+0000] {processor.py:161} INFO - Started process (PID=932) to work on /home/airflow/.local/lib/python3.8/site-packages/airflow/example_dags/tutorial_dag.py
[2024-04-10T00:01:32.837+0000] {processor.py:830} INFO - Processing file /home/airflow/.local/lib/python3.8/site-packages/airflow/example_dags/tutorial_dag.py for tasks to queue
[2024-04-10T00:01:32.840+0000] {logging_mixin.py:188} INFO - [2024-04-10T00:01:32.839+0000] {dagbag.py:540} INFO - Filling up the DagBag from /home/airflow/.local/lib/python3.8/site-packages/airflow/example_dags/tutorial_dag.py
[2024-04-10T00:01:32.846+0000] {processor.py:840} INFO - DAG(s) 'tutorial_dag' retrieved from /home/airflow/.local/lib/python3.8/site-packages/airflow/example_dags/tutorial_dag.py
[2024-04-10T00:01:32.871+0000] {logging_mixin.py:188} INFO - [2024-04-10T00:01:32.871+0000] {dag.py:3047} INFO - Sync 1 DAGs
[2024-04-10T00:01:32.887+0000] {logging_mixin.py:188} INFO - [2024-04-10T00:01:32.887+0000] {dag.py:3834} INFO - Setting next_dagrun for tutorial_dag to None, run_after=None
[2024-04-10T00:01:32.912+0000] {processor.py:183} INFO - Processing /home/airflow/.local/lib/python3.8/site-packages/airflow/example_dags/tutorial_dag.py took 0.081 seconds
[2024-04-10T00:02:03.780+0000] {processor.py:161} INFO - Started process (PID=990) to work on /home/airflow/.local/lib/python3.8/site-packages/airflow/example_dags/tutorial_dag.py
[2024-04-10T00:02:03.782+0000] {processor.py:830} INFO - Processing file /home/airflow/.local/lib/python3.8/site-packages/airflow/example_dags/tutorial_dag.py for tasks to queue
[2024-04-10T00:02:03.784+0000] {logging_mixin.py:188} INFO - [2024-04-10T00:02:03.784+0000] {dagbag.py:540} INFO - Filling up the DagBag from /home/airflow/.local/lib/python3.8/site-packages/airflow/example_dags/tutorial_dag.py
[2024-04-10T00:02:03.791+0000] {processor.py:840} INFO - DAG(s) 'tutorial_dag' retrieved from /home/airflow/.local/lib/python3.8/site-packages/airflow/example_dags/tutorial_dag.py
[2024-04-10T00:02:03.813+0000] {logging_mixin.py:188} INFO - [2024-04-10T00:02:03.813+0000] {dag.py:3047} INFO - Sync 1 DAGs
[2024-04-10T00:02:03.829+0000] {logging_mixin.py:188} INFO - [2024-04-10T00:02:03.828+0000] {dag.py:3834} INFO - Setting next_dagrun for tutorial_dag to None, run_after=None
[2024-04-10T00:02:03.856+0000] {processor.py:183} INFO - Processing /home/airflow/.local/lib/python3.8/site-packages/airflow/example_dags/tutorial_dag.py took 0.079 seconds
[2024-04-10T00:02:34.631+0000] {processor.py:161} INFO - Started process (PID=1048) to work on /home/airflow/.local/lib/python3.8/site-packages/airflow/example_dags/tutorial_dag.py
[2024-04-10T00:02:34.632+0000] {processor.py:830} INFO - Processing file /home/airflow/.local/lib/python3.8/site-packages/airflow/example_dags/tutorial_dag.py for tasks to queue
[2024-04-10T00:02:34.635+0000] {logging_mixin.py:188} INFO - [2024-04-10T00:02:34.634+0000] {dagbag.py:540} INFO - Filling up the DagBag from /home/airflow/.local/lib/python3.8/site-packages/airflow/example_dags/tutorial_dag.py
[2024-04-10T00:02:34.641+0000] {processor.py:840} INFO - DAG(s) 'tutorial_dag' retrieved from /home/airflow/.local/lib/python3.8/site-packages/airflow/example_dags/tutorial_dag.py
[2024-04-10T00:02:34.664+0000] {logging_mixin.py:188} INFO - [2024-04-10T00:02:34.664+0000] {dag.py:3047} INFO - Sync 1 DAGs
[2024-04-10T00:02:34.680+0000] {logging_mixin.py:188} INFO - [2024-04-10T00:02:34.680+0000] {dag.py:3834} INFO - Setting next_dagrun for tutorial_dag to None, run_after=None
[2024-04-10T00:02:34.699+0000] {processor.py:183} INFO - Processing /home/airflow/.local/lib/python3.8/site-packages/airflow/example_dags/tutorial_dag.py took 0.074 seconds
[2024-04-10T00:03:05.425+0000] {processor.py:161} INFO - Started process (PID=1106) to work on /home/airflow/.local/lib/python3.8/site-packages/airflow/example_dags/tutorial_dag.py
[2024-04-10T00:03:05.426+0000] {processor.py:830} INFO - Processing file /home/airflow/.local/lib/python3.8/site-packages/airflow/example_dags/tutorial_dag.py for tasks to queue
[2024-04-10T00:03:05.428+0000] {logging_mixin.py:188} INFO - [2024-04-10T00:03:05.428+0000] {dagbag.py:540} INFO - Filling up the DagBag from /home/airflow/.local/lib/python3.8/site-packages/airflow/example_dags/tutorial_dag.py
[2024-04-10T00:03:05.434+0000] {processor.py:840} INFO - DAG(s) 'tutorial_dag' retrieved from /home/airflow/.local/lib/python3.8/site-packages/airflow/example_dags/tutorial_dag.py
[2024-04-10T00:03:05.457+0000] {logging_mixin.py:188} INFO - [2024-04-10T00:03:05.456+0000] {dag.py:3047} INFO - Sync 1 DAGs
[2024-04-10T00:03:05.470+0000] {logging_mixin.py:188} INFO - [2024-04-10T00:03:05.470+0000] {dag.py:3834} INFO - Setting next_dagrun for tutorial_dag to None, run_after=None
[2024-04-10T00:03:05.492+0000] {processor.py:183} INFO - Processing /home/airflow/.local/lib/python3.8/site-packages/airflow/example_dags/tutorial_dag.py took 0.071 seconds
