[2024-04-10T00:00:32.218+0000] {processor.py:161} INFO - Started process (PID=819) to work on /home/airflow/.local/lib/python3.8/site-packages/airflow/example_dags/tutorial_taskflow_api.py
[2024-04-10T00:00:32.220+0000] {processor.py:830} INFO - Processing file /home/airflow/.local/lib/python3.8/site-packages/airflow/example_dags/tutorial_taskflow_api.py for tasks to queue
[2024-04-10T00:00:32.222+0000] {logging_mixin.py:188} INFO - [2024-04-10T00:00:32.222+0000] {dagbag.py:540} INFO - Filling up the DagBag from /home/airflow/.local/lib/python3.8/site-packages/airflow/example_dags/tutorial_taskflow_api.py
[2024-04-10T00:00:32.231+0000] {processor.py:840} INFO - DAG(s) 'tutorial_taskflow_api' retrieved from /home/airflow/.local/lib/python3.8/site-packages/airflow/example_dags/tutorial_taskflow_api.py
[2024-04-10T00:00:32.253+0000] {logging_mixin.py:188} INFO - [2024-04-10T00:00:32.253+0000] {dag.py:3047} INFO - Sync 1 DAGs
[2024-04-10T00:00:32.268+0000] {logging_mixin.py:188} INFO - [2024-04-10T00:00:32.268+0000] {dag.py:3834} INFO - Setting next_dagrun for tutorial_taskflow_api to None, run_after=None
[2024-04-10T00:00:32.289+0000] {processor.py:183} INFO - Processing /home/airflow/.local/lib/python3.8/site-packages/airflow/example_dags/tutorial_taskflow_api.py took 0.076 seconds
[2024-04-10T00:01:02.725+0000] {processor.py:161} INFO - Started process (PID=877) to work on /home/airflow/.local/lib/python3.8/site-packages/airflow/example_dags/tutorial_taskflow_api.py
[2024-04-10T00:01:02.734+0000] {processor.py:830} INFO - Processing file /home/airflow/.local/lib/python3.8/site-packages/airflow/example_dags/tutorial_taskflow_api.py for tasks to queue
[2024-04-10T00:01:02.738+0000] {logging_mixin.py:188} INFO - [2024-04-10T00:01:02.737+0000] {dagbag.py:540} INFO - Filling up the DagBag from /home/airflow/.local/lib/python3.8/site-packages/airflow/example_dags/tutorial_taskflow_api.py
[2024-04-10T00:01:02.755+0000] {processor.py:840} INFO - DAG(s) 'tutorial_taskflow_api' retrieved from /home/airflow/.local/lib/python3.8/site-packages/airflow/example_dags/tutorial_taskflow_api.py
[2024-04-10T00:01:02.795+0000] {logging_mixin.py:188} INFO - [2024-04-10T00:01:02.794+0000] {dag.py:3047} INFO - Sync 1 DAGs
[2024-04-10T00:01:02.818+0000] {logging_mixin.py:188} INFO - [2024-04-10T00:01:02.818+0000] {dag.py:3834} INFO - Setting next_dagrun for tutorial_taskflow_api to None, run_after=None
[2024-04-10T00:01:02.847+0000] {processor.py:183} INFO - Processing /home/airflow/.local/lib/python3.8/site-packages/airflow/example_dags/tutorial_taskflow_api.py took 0.128 seconds
[2024-04-10T00:01:32.989+0000] {processor.py:161} INFO - Started process (PID=935) to work on /home/airflow/.local/lib/python3.8/site-packages/airflow/example_dags/tutorial_taskflow_api.py
[2024-04-10T00:01:32.991+0000] {processor.py:830} INFO - Processing file /home/airflow/.local/lib/python3.8/site-packages/airflow/example_dags/tutorial_taskflow_api.py for tasks to queue
[2024-04-10T00:01:32.994+0000] {logging_mixin.py:188} INFO - [2024-04-10T00:01:32.993+0000] {dagbag.py:540} INFO - Filling up the DagBag from /home/airflow/.local/lib/python3.8/site-packages/airflow/example_dags/tutorial_taskflow_api.py
[2024-04-10T00:01:33.002+0000] {processor.py:840} INFO - DAG(s) 'tutorial_taskflow_api' retrieved from /home/airflow/.local/lib/python3.8/site-packages/airflow/example_dags/tutorial_taskflow_api.py
[2024-04-10T00:01:33.028+0000] {logging_mixin.py:188} INFO - [2024-04-10T00:01:33.028+0000] {dag.py:3047} INFO - Sync 1 DAGs
[2024-04-10T00:01:33.052+0000] {logging_mixin.py:188} INFO - [2024-04-10T00:01:33.052+0000] {dag.py:3834} INFO - Setting next_dagrun for tutorial_taskflow_api to None, run_after=None
[2024-04-10T00:01:33.091+0000] {processor.py:183} INFO - Processing /home/airflow/.local/lib/python3.8/site-packages/airflow/example_dags/tutorial_taskflow_api.py took 0.106 seconds
[2024-04-10T00:02:03.920+0000] {processor.py:161} INFO - Started process (PID=993) to work on /home/airflow/.local/lib/python3.8/site-packages/airflow/example_dags/tutorial_taskflow_api.py
[2024-04-10T00:02:03.921+0000] {processor.py:830} INFO - Processing file /home/airflow/.local/lib/python3.8/site-packages/airflow/example_dags/tutorial_taskflow_api.py for tasks to queue
[2024-04-10T00:02:03.923+0000] {logging_mixin.py:188} INFO - [2024-04-10T00:02:03.923+0000] {dagbag.py:540} INFO - Filling up the DagBag from /home/airflow/.local/lib/python3.8/site-packages/airflow/example_dags/tutorial_taskflow_api.py
[2024-04-10T00:02:03.931+0000] {processor.py:840} INFO - DAG(s) 'tutorial_taskflow_api' retrieved from /home/airflow/.local/lib/python3.8/site-packages/airflow/example_dags/tutorial_taskflow_api.py
[2024-04-10T00:02:03.954+0000] {logging_mixin.py:188} INFO - [2024-04-10T00:02:03.953+0000] {dag.py:3047} INFO - Sync 1 DAGs
[2024-04-10T00:02:03.968+0000] {logging_mixin.py:188} INFO - [2024-04-10T00:02:03.968+0000] {dag.py:3834} INFO - Setting next_dagrun for tutorial_taskflow_api to None, run_after=None
[2024-04-10T00:02:03.990+0000] {processor.py:183} INFO - Processing /home/airflow/.local/lib/python3.8/site-packages/airflow/example_dags/tutorial_taskflow_api.py took 0.074 seconds
[2024-04-10T00:02:34.765+0000] {processor.py:161} INFO - Started process (PID=1051) to work on /home/airflow/.local/lib/python3.8/site-packages/airflow/example_dags/tutorial_taskflow_api.py
[2024-04-10T00:02:34.766+0000] {processor.py:830} INFO - Processing file /home/airflow/.local/lib/python3.8/site-packages/airflow/example_dags/tutorial_taskflow_api.py for tasks to queue
[2024-04-10T00:02:34.768+0000] {logging_mixin.py:188} INFO - [2024-04-10T00:02:34.768+0000] {dagbag.py:540} INFO - Filling up the DagBag from /home/airflow/.local/lib/python3.8/site-packages/airflow/example_dags/tutorial_taskflow_api.py
[2024-04-10T00:02:34.776+0000] {processor.py:840} INFO - DAG(s) 'tutorial_taskflow_api' retrieved from /home/airflow/.local/lib/python3.8/site-packages/airflow/example_dags/tutorial_taskflow_api.py
[2024-04-10T00:02:34.799+0000] {logging_mixin.py:188} INFO - [2024-04-10T00:02:34.798+0000] {dag.py:3047} INFO - Sync 1 DAGs
[2024-04-10T00:02:34.813+0000] {logging_mixin.py:188} INFO - [2024-04-10T00:02:34.813+0000] {dag.py:3834} INFO - Setting next_dagrun for tutorial_taskflow_api to None, run_after=None
[2024-04-10T00:02:34.834+0000] {processor.py:183} INFO - Processing /home/airflow/.local/lib/python3.8/site-packages/airflow/example_dags/tutorial_taskflow_api.py took 0.073 seconds
[2024-04-10T00:03:05.552+0000] {processor.py:161} INFO - Started process (PID=1109) to work on /home/airflow/.local/lib/python3.8/site-packages/airflow/example_dags/tutorial_taskflow_api.py
[2024-04-10T00:03:05.553+0000] {processor.py:830} INFO - Processing file /home/airflow/.local/lib/python3.8/site-packages/airflow/example_dags/tutorial_taskflow_api.py for tasks to queue
[2024-04-10T00:03:05.555+0000] {logging_mixin.py:188} INFO - [2024-04-10T00:03:05.555+0000] {dagbag.py:540} INFO - Filling up the DagBag from /home/airflow/.local/lib/python3.8/site-packages/airflow/example_dags/tutorial_taskflow_api.py
[2024-04-10T00:03:05.562+0000] {processor.py:840} INFO - DAG(s) 'tutorial_taskflow_api' retrieved from /home/airflow/.local/lib/python3.8/site-packages/airflow/example_dags/tutorial_taskflow_api.py
[2024-04-10T00:03:05.587+0000] {logging_mixin.py:188} INFO - [2024-04-10T00:03:05.587+0000] {dag.py:3047} INFO - Sync 1 DAGs
[2024-04-10T00:03:05.602+0000] {logging_mixin.py:188} INFO - [2024-04-10T00:03:05.601+0000] {dag.py:3834} INFO - Setting next_dagrun for tutorial_taskflow_api to None, run_after=None
[2024-04-10T00:03:05.626+0000] {processor.py:183} INFO - Processing /home/airflow/.local/lib/python3.8/site-packages/airflow/example_dags/tutorial_taskflow_api.py took 0.077 seconds
