[2024-04-09T16:29:07.032+0000] {taskinstance.py:1979} INFO - Dependencies all met for dep_context=non-requeueable deps ti=<TaskInstance: 21120051.1200 scheduled__2024-04-09T16:23:50.277723+00:00 [queued]>
[2024-04-09T16:29:07.039+0000] {taskinstance.py:1979} INFO - Dependencies all met for dep_context=requeueable deps ti=<TaskInstance: 21120051.1200 scheduled__2024-04-09T16:23:50.277723+00:00 [queued]>
[2024-04-09T16:29:07.040+0000] {taskinstance.py:2193} INFO - Starting attempt 1 of 2
[2024-04-09T16:29:07.182+0000] {taskinstance.py:2214} INFO - Executing <Task(PythonOperator): 1200> on 2024-04-09 16:23:50.277723+00:00
[2024-04-09T16:29:07.188+0000] {standard_task_runner.py:60} INFO - Started process 1434 to run task
[2024-04-09T16:29:07.192+0000] {standard_task_runner.py:87} INFO - Running: ['***', 'tasks', 'run', '21120051', '1200', 'scheduled__2024-04-09T16:23:50.277723+00:00', '--job-id', '135', '--raw', '--subdir', 'DAGS_FOLDER/pipeline.py', '--cfg-path', '/tmp/tmpp46ft80c']
[2024-04-09T16:29:07.195+0000] {standard_task_runner.py:88} INFO - Job 135: Subtask 1200
[2024-04-09T16:29:07.240+0000] {task_command.py:423} INFO - Running <TaskInstance: 21120051.1200 scheduled__2024-04-09T16:23:50.277723+00:00 [running]> on host dcb7ab325c84
[2024-04-09T16:29:07.309+0000] {taskinstance.py:2510} INFO - Exporting env vars: AIRFLOW_CTX_DAG_OWNER='21120051' AIRFLOW_CTX_DAG_ID='21120051' AIRFLOW_CTX_TASK_ID='1200' AIRFLOW_CTX_EXECUTION_DATE='2024-04-09T16:23:50.277723+00:00' AIRFLOW_CTX_TRY_NUMBER='1' AIRFLOW_CTX_DAG_RUN_ID='scheduled__2024-04-09T16:23:50.277723+00:00'
[2024-04-09T16:29:07.478+0000] {logging_mixin.py:188} INFO - Title Seminar Thị Giác Máy Tính (Tuần 5) not found in data
[2024-04-09T16:29:07.479+0000] {logging_mixin.py:188} INFO - Title Đánh giá Khóa luận tốt nghiệp ngành Kỹ thuật phần mềm (HK2/2021-2022) not found in data
[2024-04-09T16:29:07.480+0000] {logging_mixin.py:188} INFO - Title IUH Coder Contest - Round 4 not found in data
[2024-04-09T16:29:07.480+0000] {logging_mixin.py:188} INFO - Title Hội thảo: Chia sẻ kinh nghiệm thực tập doanh nghiệp not found in data
[2024-04-09T16:29:07.481+0000] {logging_mixin.py:188} INFO - Title Seminar Thị giác Máy tính (Tuần 7) not found in data
[2024-04-09T16:29:07.481+0000] {logging_mixin.py:188} INFO - Title SS4U & TVHpro EDU KÝ HỢP TÁC ĐÀO TẠO ERP VỚI KHOA CNTT IUH not found in data
[2024-04-09T16:29:07.481+0000] {logging_mixin.py:188} INFO - Title Đánh giá nội bộ chất lượng chương trình đào tạo Thạc sĩ ngành Khoa học Máy tính (AUN-QA) not found in data
[2024-04-09T16:29:07.482+0000] {logging_mixin.py:188} INFO - Title Seminar Thị Giác máy tính (Tuần 8) not found in data
[2024-04-09T16:29:07.482+0000] {logging_mixin.py:188} INFO - Title Sinh hoạt đầu khóa dành cho các lớp Cao học K13A not found in data
[2024-04-09T16:29:07.483+0000] {logging_mixin.py:188} INFO - Title Đánh giá Khóa luận tốt nghiệp - HK 1 năm học 2022-2023 not found in data
[2024-04-09T16:29:07.483+0000] {logging_mixin.py:188} INFO - Title Thông báo Webinar, 12/6/2020 not found in data
[2024-04-09T16:29:07.484+0000] {logging_mixin.py:188} INFO - Title Seminar Thị Giác Máy Tính not found in data
[2024-04-09T16:29:07.484+0000] {logging_mixin.py:188} INFO - Title Văn nghệ chào đón tân sinh viên Khoa CNTT năm 2020 not found in data
[2024-04-09T16:29:07.484+0000] {logging_mixin.py:188} INFO - Title Seminar chuyên môn Thương mại điện tử not found in data
[2024-04-09T16:29:07.485+0000] {logging_mixin.py:188} INFO - Title Hội nghị cấp khoa - Chuyên đề Công Nghệ Thông Tin - 2024 not found in data
[2024-04-09T16:29:07.485+0000] {logging_mixin.py:188} INFO - Title [Kiến Tập] FPT Software Tour (Campus F-Town3) not found in data
[2024-04-09T16:29:07.486+0000] {logging_mixin.py:188} INFO - Title Thông báo Webinar, Thứ 7 ngày 6/6/2020 not found in data
[2024-04-09T16:29:07.486+0000] {logging_mixin.py:188} INFO - Title Chia sẻ kinh nghiệm học tốt các môn lập trình not found in data
[2024-04-09T16:29:07.486+0000] {logging_mixin.py:188} INFO - Title Hội thảo với doanh nghiệp trong đào tạo và tuyển dụng nhân sự CNTT not found in data
[2024-04-09T16:29:07.490+0000] {python.py:202} INFO - Done. Returned value was: {'status': 'success', 'message': 'Data inserted to Vector DB successfully'}
[2024-04-09T16:29:07.513+0000] {taskinstance.py:1149} INFO - Marking task as SUCCESS. dag_id=21120051, task_id=1200, execution_date=20240409T162350, start_date=20240409T162907, end_date=20240409T162907
[2024-04-09T16:29:07.564+0000] {local_task_job_runner.py:234} INFO - Task exited with return code 0
[2024-04-09T16:29:07.586+0000] {taskinstance.py:3309} INFO - 1 downstream tasks scheduled from follow-on schedule check
