[2024-04-10T00:00:11.118+0000] {processor.py:161} INFO - Started process (PID=771) to work on /opt/airflow/dags/pipeline.py
[2024-04-10T00:00:11.119+0000] {processor.py:830} INFO - Processing file /opt/airflow/dags/pipeline.py for tasks to queue
[2024-04-10T00:00:11.121+0000] {logging_mixin.py:188} INFO - [2024-04-10T00:00:11.121+0000] {dagbag.py:540} INFO - Filling up the DagBag from /opt/airflow/dags/pipeline.py
[2024-04-10T00:00:12.726+0000] {processor.py:840} INFO - DAG(s) '21120051' retrieved from /opt/airflow/dags/pipeline.py
[2024-04-10T00:00:12.951+0000] {logging_mixin.py:188} INFO - [2024-04-10T00:00:12.951+0000] {dag.py:3047} INFO - Sync 1 DAGs
[2024-04-10T00:00:12.984+0000] {logging_mixin.py:188} INFO - [2024-04-10T00:00:12.984+0000] {dag.py:3834} INFO - Setting next_dagrun for 21120051 to 2024-04-09 23:55:40.894562+00:00, run_after=2024-04-10 00:00:40.894562+00:00
[2024-04-10T00:00:13.041+0000] {processor.py:183} INFO - Processing /opt/airflow/dags/pipeline.py took 1.926 seconds
[2024-04-10T00:00:43.144+0000] {processor.py:161} INFO - Started process (PID=829) to work on /opt/airflow/dags/pipeline.py
[2024-04-10T00:00:43.146+0000] {processor.py:830} INFO - Processing file /opt/airflow/dags/pipeline.py for tasks to queue
[2024-04-10T00:00:43.150+0000] {logging_mixin.py:188} INFO - [2024-04-10T00:00:43.149+0000] {dagbag.py:540} INFO - Filling up the DagBag from /opt/airflow/dags/pipeline.py
[2024-04-10T00:00:47.041+0000] {processor.py:840} INFO - DAG(s) '21120051' retrieved from /opt/airflow/dags/pipeline.py
[2024-04-10T00:00:47.323+0000] {logging_mixin.py:188} INFO - [2024-04-10T00:00:47.322+0000] {dag.py:3047} INFO - Sync 1 DAGs
[2024-04-10T00:00:47.347+0000] {logging_mixin.py:188} INFO - [2024-04-10T00:00:47.347+0000] {dag.py:3834} INFO - Setting next_dagrun for 21120051 to 2024-04-10 00:00:40.894562+00:00, run_after=2024-04-10 00:05:40.894562+00:00
[2024-04-10T00:00:47.379+0000] {processor.py:183} INFO - Processing /opt/airflow/dags/pipeline.py took 4.241 seconds
[2024-04-10T00:01:18.006+0000] {processor.py:161} INFO - Started process (PID=894) to work on /opt/airflow/dags/pipeline.py
[2024-04-10T00:01:18.012+0000] {processor.py:830} INFO - Processing file /opt/airflow/dags/pipeline.py for tasks to queue
[2024-04-10T00:01:18.015+0000] {logging_mixin.py:188} INFO - [2024-04-10T00:01:18.015+0000] {dagbag.py:540} INFO - Filling up the DagBag from /opt/airflow/dags/pipeline.py
[2024-04-10T00:01:20.038+0000] {processor.py:840} INFO - DAG(s) '21120051' retrieved from /opt/airflow/dags/pipeline.py
[2024-04-10T00:01:20.268+0000] {logging_mixin.py:188} INFO - [2024-04-10T00:01:20.268+0000] {dag.py:3047} INFO - Sync 1 DAGs
[2024-04-10T00:01:20.289+0000] {logging_mixin.py:188} INFO - [2024-04-10T00:01:20.289+0000] {dag.py:3834} INFO - Setting next_dagrun for 21120051 to 2024-04-10 00:00:40.894562+00:00, run_after=2024-04-10 00:05:40.894562+00:00
[2024-04-10T00:01:20.326+0000] {processor.py:183} INFO - Processing /opt/airflow/dags/pipeline.py took 2.327 seconds
[2024-04-10T00:01:51.012+0000] {processor.py:161} INFO - Started process (PID=966) to work on /opt/airflow/dags/pipeline.py
[2024-04-10T00:01:51.014+0000] {processor.py:830} INFO - Processing file /opt/airflow/dags/pipeline.py for tasks to queue
[2024-04-10T00:01:51.018+0000] {logging_mixin.py:188} INFO - [2024-04-10T00:01:51.017+0000] {dagbag.py:540} INFO - Filling up the DagBag from /opt/airflow/dags/pipeline.py
[2024-04-10T00:01:53.646+0000] {processor.py:840} INFO - DAG(s) '21120051' retrieved from /opt/airflow/dags/pipeline.py
[2024-04-10T00:01:54.031+0000] {logging_mixin.py:188} INFO - [2024-04-10T00:01:54.030+0000] {dag.py:3047} INFO - Sync 1 DAGs
[2024-04-10T00:01:54.059+0000] {logging_mixin.py:188} INFO - [2024-04-10T00:01:54.058+0000] {dag.py:3834} INFO - Setting next_dagrun for 21120051 to 2024-04-10 00:00:40.894562+00:00, run_after=2024-04-10 00:05:40.894562+00:00
[2024-04-10T00:01:54.085+0000] {processor.py:183} INFO - Processing /opt/airflow/dags/pipeline.py took 3.083 seconds
[2024-04-10T00:02:24.578+0000] {processor.py:161} INFO - Started process (PID=1033) to work on /opt/airflow/dags/pipeline.py
[2024-04-10T00:02:24.579+0000] {processor.py:830} INFO - Processing file /opt/airflow/dags/pipeline.py for tasks to queue
[2024-04-10T00:02:24.582+0000] {logging_mixin.py:188} INFO - [2024-04-10T00:02:24.581+0000] {dagbag.py:540} INFO - Filling up the DagBag from /opt/airflow/dags/pipeline.py
[2024-04-10T00:02:26.263+0000] {processor.py:840} INFO - DAG(s) '21120051' retrieved from /opt/airflow/dags/pipeline.py
[2024-04-10T00:02:26.352+0000] {logging_mixin.py:188} INFO - [2024-04-10T00:02:26.352+0000] {dag.py:3047} INFO - Sync 1 DAGs
[2024-04-10T00:02:26.369+0000] {logging_mixin.py:188} INFO - [2024-04-10T00:02:26.369+0000] {dag.py:3834} INFO - Setting next_dagrun for 21120051 to 2024-04-10 00:00:40.894562+00:00, run_after=2024-04-10 00:05:40.894562+00:00
[2024-04-10T00:02:26.386+0000] {processor.py:183} INFO - Processing /opt/airflow/dags/pipeline.py took 1.811 seconds
[2024-04-10T00:02:57.247+0000] {processor.py:161} INFO - Started process (PID=1099) to work on /opt/airflow/dags/pipeline.py
[2024-04-10T00:02:57.248+0000] {processor.py:830} INFO - Processing file /opt/airflow/dags/pipeline.py for tasks to queue
[2024-04-10T00:02:57.250+0000] {logging_mixin.py:188} INFO - [2024-04-10T00:02:57.249+0000] {dagbag.py:540} INFO - Filling up the DagBag from /opt/airflow/dags/pipeline.py
[2024-04-10T00:02:58.896+0000] {processor.py:840} INFO - DAG(s) '21120051' retrieved from /opt/airflow/dags/pipeline.py
[2024-04-10T00:02:59.118+0000] {logging_mixin.py:188} INFO - [2024-04-10T00:02:59.117+0000] {dag.py:3047} INFO - Sync 1 DAGs
[2024-04-10T00:02:59.137+0000] {logging_mixin.py:188} INFO - [2024-04-10T00:02:59.137+0000] {dag.py:3834} INFO - Setting next_dagrun for 21120051 to 2024-04-10 00:00:40.894562+00:00, run_after=2024-04-10 00:05:40.894562+00:00
[2024-04-10T00:02:59.163+0000] {processor.py:183} INFO - Processing /opt/airflow/dags/pipeline.py took 1.919 seconds
[2024-04-10T00:03:29.387+0000] {processor.py:161} INFO - Started process (PID=1157) to work on /opt/airflow/dags/pipeline.py
[2024-04-10T00:03:29.388+0000] {processor.py:830} INFO - Processing file /opt/airflow/dags/pipeline.py for tasks to queue
[2024-04-10T00:03:29.390+0000] {logging_mixin.py:188} INFO - [2024-04-10T00:03:29.390+0000] {dagbag.py:540} INFO - Filling up the DagBag from /opt/airflow/dags/pipeline.py
